[List description]
[Description]
 Text=Drilldown report for orders as chart
 FileVersion=16
 RootTable=OrderHea
 Units=SCM-Units
 Metric=3
 TextQuote.Start=1
 TextQuote.End=1
 RepresentationCode.CondStart=171
 RepresentationCode.CondSep=166
 RepresentationCode.CondEnd=187
 RepresentationCode.Tab=247
 RepresentationCode.Ret=182
 RepresentationCode.PhantomSpace=8203
 RepresentationCode.LockNextChar=8288
 RepresentationCode.ExprSep=164
 LCID=3079
 UserVars.ManualSortOrder=1
 CreatedByCallFrom=atcuf32.dll
 [@DatabaseStructure]
  {
  [DatabaseStructures]
   {
   [DatabaseStructure]
	{
	[Table:OrderHea]
	 {
	 }
	}
   }
  }
[Layout]
 P1.Template=
 xGrid=1000
 yGrid=1000
 GridShow=FALSE
 GridSnap=FALSE
 EnhancedExpressions=TRUE
 EnhancedOldExpressions=FALSE
 Decimals=2
 DefaultMedium=PRV
 RealDataPreviewPageLimit=-2
 DefFont={(0,0,0),10.000000,-13,0,0,0,400,0,0,0,0,3,2,1,34,Arial}
 HelpLines.Horizontal=
 HelpLines.Vertical=
 PDF.MaxOutlineDepth=2
 PDF.MaxOutlineDepth.IDX=3
 ObjectCount=8
[UserSection]
 
[SumVariables]
[Layer]
 Name=Basis
 Condition=
 WorkspaceColor=(102,102,102)
 Visible=TRUE
 LayerID=0
[Layer]
 Name=Erste Seite
 Condition=Page() = 1
 WorkspaceColor=(197,207,10)
 Visible=TRUE
 LayerID=1
[Layer]
 Name=Folgeseiten
 Condition=Page() <> 1
 WorkspaceColor=(161,203,243)
 Visible=TRUE
 LayerID=2
[ProjectTemplates]
 [@ProjectTemplates]
  {
  [ProjectTemplates]
   {
   [ProjectTemplate]
	{
	Identifier=
	Filename=ProjectPath$() + "..\Include.lst"
	bVisible=True
	Condition=True
	ProjectUUID={44F86EBA-FA26-8FD1-C85D-C81348AA211B}
	}
   }
  }
[Object]
 ObjectID=1
 ObjectName=Text
 Locked=FALSE
 LinkUUID={D07C7CCF-4D8E-4EB8-808F-A6F887DD4DE2}
 LinkMode=0
 LayerID=1
 LayerCond=Page() = 1
 GroupUUID=
 Identifier=Heading
 Condition=True
 UserLocked=False
 WrapBefore=False
 bPageWrap=False
 ExportAsPicture=False
 Position/Left=12940
 Position/Top=41780
 Position/Width=110000
 Position/Height=8400
 Direction=0
 bFill=1
 BkColor=@RGB_Red
 Frame/Layout=0
 Frame/Left/Spacing=0
 Frame/Left/Line=False
 Frame/Top/Spacing=0
 Frame/Top/Line=False
 Frame/Right/Spacing=0
 Frame/Right/Line=False
 Frame/Bottom/Spacing=0
 Frame/Bottom/Line=False
 PDFLevel=0
 PDFText=
 IndexPDFLevel=0
 IndexPDFText=
 IssueCondition=True
 Link.URL=
 Animation=""
 HTMLAnimation=""
 bBottomAligned=0
 [@Lines]
  {
  [Lines]
   {
   [Line]
	{
	[Font]
	 {
	 Default=False
	 FaceName="Arial"
	 GdiCharSet=0
	 Size=18.0
	 Width=0
	 Bold=True
	 Italic=False
	 Underline=False
	 Strikeout=False
	 Color=LL.Color.White
	 PitchAndFamily=34
	 OutPrecision=3
	 }
	Align=0
	Adjusted=False
	Uneraseable=False
	LineWrap=0
	PageWrapAllowed=False
	ForceWrap=False
	SpaceOptimization=True
	Spacing.Paragraph=0
	Spacing.Line=0
	OutputFormatter=
	Condition=True
	[ConditionalFormatter]
	 {
	 }
	Text="Orders"
	Tab=0
	TabAlign=0
	}
   }
  }
[Object]
 ObjectID=1
 ObjectName=Text
 Locked=FALSE
 LinkUUID={1E1C9F49-7610-4D05-A1A3-BF714202B0B0}
 LinkMode=0
 LayerID=2
 LayerCond=Page() <> 1
 GroupUUID=
 Identifier=Heading cont.
 Condition=True
 UserLocked=False
 WrapBefore=False
 bPageWrap=False
 ExportAsPicture=False
 Position/Left=12940
 Position/Top=41780
 Position/Width=110000
 Position/Height=8400
 Direction=0
 bFill=1
 BkColor=@RGB_Red
 Frame/Layout=0
 Frame/Left/Spacing=0
 Frame/Left/Line=False
 Frame/Top/Spacing=0
 Frame/Top/Line=False
 Frame/Right/Spacing=0
 Frame/Right/Line=False
 Frame/Bottom/Spacing=0
 Frame/Bottom/Line=False
 PDFLevel=0
 PDFText=
 IndexPDFLevel=0
 IndexPDFText=
 IssueCondition=True
 Link.URL=
 Animation=""
 HTMLAnimation=""
 bBottomAligned=0
 [@Lines]
  {
  [Lines]
   {
   [Line]
	{
	[Font]
	 {
	 Default=False
	 FaceName="Arial"
	 GdiCharSet=0
	 Size=18.0
	 Width=0
	 Bold=True
	 Italic=False
	 Underline=False
	 Strikeout=False
	 Color=LL.Color.White
	 PitchAndFamily=34
	 OutPrecision=3
	 }
	Align=0
	Adjusted=False
	Uneraseable=False
	LineWrap=0
	PageWrapAllowed=False
	ForceWrap=False
	SpaceOptimization=True
	Spacing.Paragraph=0
	Spacing.Line=0
	OutputFormatter=
	Condition=True
	[ConditionalFormatter]
	 {
	 }
	Text="Orders (cont.)"
	Tab=0
	TabAlign=0
	}
   }
  }
[Object]
 ObjectID=2
 ObjectName=Rechteck
 Locked=FALSE
 LinkUUID={8E3E3100-452B-41DE-9684-51E075304DF4}
 LinkMode=32
 LayerID=0
 LayerCond=
 GroupUUID=
 Identifier=Background_Report Container
 Condition=True
 UserLocked=False
 WrapBefore=False
 ExportAsPicture=False
 Position/Left=12940
 Position/Top=50280
 Position/Width=187330
 Position/Height=235800
 Direction=0
 PDFLevel=0
 PDFText=
 IndexPDFLevel=0
 IndexPDFText=
 IssueCondition=True
 Link.URL=
 Animation=""
 bFrame=1
 FgColor=LL.Color.Black
 Width=140
 LineType=0
 bFill=1
 Raster=1
 BkColor=LL.Color.White
 bShadow=0
 Rounding=0
[Object]
 ObjectID=6
 ObjectName=Berichtscontainer
 Locked=FALSE
 LinkUUID={2BFA2F15-44E0-44BB-9A72-71E5D6A0766F}
 LinkMode=32
 LayerID=0
 LayerCond=
 GroupUUID=
 Identifier=Report Container
 Condition=True
 UserLocked=False
 WrapBefore=False
 Position/Left=15000
 Position/Top=52980
 Position/Width=182880
 Position/Height=220410
 Direction=0
 Frame/Layout=0
 Frame/Left/Spacing=0
 Frame/Left/Line=False
 Frame/Top/Spacing=0
 Frame/Top/Line=False
 Frame/Right/Spacing=0
 Frame/Right/Line=False
 Frame/Bottom/Spacing=0
 Frame/Bottom/Line=False
 PDFLevel=1
 PDFText=
 IndexPDFLevel=0
 IndexPDFText=
 IssueCondition=True
 Link.URL=
 DefaultFont/Default=True
 DefaultFont/FaceName="Arial"
 DefaultFont/GdiCharSet=0
 DefaultFont/Size=Null()
 DefaultFont/Width=#Null()
 DefaultFont/Bold=Null()
 DefaultFont/Italic=Null()
 DefaultFont/Underline=Null()
 DefaultFont/Strikeout=Null()
 DefaultFont/Color=Null()
 DefaultFont/PitchAndFamily=Null()
 DefaultFont/OutPrecision=Null()
 FgColor=RGB(0,0,0)
 bFill=0
 CurrentTable=0
 ColumnCount=1
 ColumnCount.Distance=0
 [@Tables]
  {
  [Tables]
   {
   [Table]
	{
	TableType=Chart
	TableID=OrderHea
	RelationID=
	LinkUUID={A32D634D-E17A-4AEC-BD3A-517B07A2C69E}
	[DistanceFromPrintBorder]
	 {
	 Left=0
	 Top=0
	 Right=0
	 Bottom=0
	 }
	Height=100000
	ColumnCount=0
	ColumnCount.Distance=1000
	FillPrioHorizonal=False
	ColumnBreakCondition=False
	ColumnBreakBefore=False
	Identifier=
	Condition=True
	DistanceTop=0
	DistanceBottom=0
	WrapBefore=False
	ShowInContextUI=True
	SortOrderID=""
	CombineWithNextStaticTable=False
	PDFLevel=0
	PDFText=
	IndexPDFLevel=0
	IndexPDFText=
	FormulaFilter=True
	Animation=""
	HTMLAnimation=""
	Subreport=False
	[LLXParameters]
	 {
	 [Engine]
	  {
	  bFill=0
	  HasAlternatezAxis=False
	  zAxisSecondaryAssignment=0
	  Isotropic=False
	  Orientation=1
	  LabelAlignment=2
	  UseLightEffect=True
	  Perspective=0
	  RotZ=30
	  RotX=30
	  FrameColor=RGB(180,180,180)
	  Projection=1
	  [AdditionalProperties]
	   {
	   Type=1
	   DataMode=0
	   VisMode=1
	   Flags=7340032
	   bNewAxisMode=TRUE
	   }
	  [xAxis]
	   {
	   FormulaMin=True
	   [FormulaMin]
		{
		Value=0
		}
	   FormulaMax=True
	   [FormulaMax]
		{
		Value=1.0
		}
	   FormulaValue=OrderHea.Order_Date
	   FormulaFilter=True
	   SamplesForDesigner=10
	   AutoSort=0
	   RoundLimits=True
	   FormulaCoord=LL.ChartObject.AxisCoordinate
	   [FormulaCoord.Font]
		{
		Default=True
		FaceName=Null()
		GdiCharSet=Null()
		Size=Null()
		Width=#Null()
		Bold=Null()
		Italic=Null()
		Underline=Null()
		Strikeout=Null()
		Color=Null()
		PitchAndFamily=Null()
		OutPrecision=Null()
		}
	   FormulaCoord.RotationAngle=0
	   FormulaCoord.FixedSize=False
	   FormulaCoord.OutputFormatter=
	   FormulaLabel="Order date"
	   [FormulaLabel.Font]
		{
		Default=True
		FaceName=Null()
		GdiCharSet=Null()
		Size=Null()
		Width=#Null()
		Bold=Null()
		Italic=Null()
		Underline=Null()
		Strikeout=Null()
		Color=Null()
		PitchAndFamily=Null()
		OutPrecision=Null()
		}
	   FormulaLabel.RotationAngle=0
	   FormulaLabel.OutputFormatter=
	   CoordTextPlacement=1
	   CoordTextPlacement.Equidistant=False
	   [CoordTextPlacement.bFrame]
		{
		Layout=0
		[Left]
		 {
		 Spacing=1000
		 Line=False
		 }
		[Top]
		 {
		 Spacing=1000
		 Line=False
		 }
		[Right]
		 {
		 Spacing=1000
		 Line=False
		 }
		[Bottom]
		 {
		 Spacing=1000
		 Line=False
		 }
		}
	   RelativePartOfAtAxisText=30
	   RelativePartOfLegendText=0
	   LegendAutowrap=-1
	   TickmarkColor=RGB(180,180,180)
	   CountOfMainTicksMax=0
	   CountOfIntermediateTicks=0
	   [AreaList]
		{
		[ItemList]
		 {
		 }
		}
	   }
	  [zAxis0]
	   {
	   FormulaMin=True
	   [FormulaMin]
		{
		Value=0
		}
	   FormulaMax=True
	   [FormulaMax]
		{
		Value=1.0
		}
	   Distortion=0
	   FilterZeroes=False
	   HandleNullValue=0
	   FormulaValue=Sum(OrderHea.Order_Total)
	   FormulaCoordOnObjects=0
	   [FormulaCoordOnObjects]
		{
		[Font]
		 {
		 Default=True
		 FaceName=Null()
		 GdiCharSet=Null()
		 Size=Null()
		 Width=#Null()
		 Bold=Null()
		 Italic=Null()
		 Underline=Null()
		 Strikeout=Null()
		 Color=Null()
		 PitchAndFamily=Null()
		 OutPrecision=Null()
		 }
		OutputFormatter=
		Formula=LL.ChartObject.AxisCoordinate
		[Filling]
		 {
		 bShow=0
		 }
		RotationAngle=0
		OOTextDrawMethod=0
		}
	   AutoTickmarks=True
	   [AutoTickmarks]
		{
		Value=1.0
		}
	   Visual=1
	   LineTypeOverride=0
	   LineSmoothing=0
	   VisualSym=-1
	   CoordGridLines=True
	   [CoordGridLines]
		{
		Color=LL.Color.Black
		LineType=0
		}
	   CoordGridLinesWidth=0
	   CoordGridZebraPattern=1
	   [ZebraPattern]
		{
		Pattern=1
		Color=@RGB_LightBlue
		}
	   BarWidthPercentage=60
	   PostProcessing=0
	   [PostProcessing]
		{
		Count=3
		}
	   Link.URL=
	   FormulaCoord=LL.ChartObject.AxisCoordinate
	   [FormulaCoord.Font]
		{
		Default=True
		FaceName=Null()
		GdiCharSet=Null()
		Size=Null()
		Width=#Null()
		Bold=Null()
		Italic=Null()
		Underline=Null()
		Strikeout=Null()
		Color=Null()
		PitchAndFamily=Null()
		OutPrecision=Null()
		}
	   FormulaCoord.RotationAngle=0
	   FormulaCoord.FixedSize=False
	   FormulaCoord.OutputFormatter=CURRENCY
	   [FormulaCoord.OutputFormatter.CURRENCY]
		{
		DecimalCharType=-1
		ThousandsCharType=-1
		NegativeFormatType=-1
		Decimals=-1
		EmptyIfBool=False
		LeadingZero=True
		ForceSign=False
		ExponentialFormat=0
		Units=
		RemoveTrailingZeroes=False
		MultiplyBy100=False
		PositiveFormatType=-1
		CurrencySymbol=
		}
	   FormulaLabel="Order sum"
	   [FormulaLabel.Font]
		{
		Default=True
		FaceName=Null()
		GdiCharSet=Null()
		Size=Null()
		Width=#Null()
		Bold=Null()
		Italic=Null()
		Underline=Null()
		Strikeout=Null()
		Color=Null()
		PitchAndFamily=Null()
		OutPrecision=Null()
		}
	   FormulaLabel.RotationAngle=90.0
	   FormulaLabel.OutputFormatter=
	   CoordTextPlacement=1
	   CoordTextPlacement.Equidistant=False
	   [CoordTextPlacement.bFrame]
		{
		Layout=0
		[Left]
		 {
		 Spacing=1000
		 Line=False
		 }
		[Top]
		 {
		 Spacing=1000
		 Line=False
		 }
		[Right]
		 {
		 Spacing=1000
		 Line=False
		 }
		[Bottom]
		 {
		 Spacing=1000
		 Line=False
		 }
		}
	   RelativePartOfAtAxisText=30
	   RelativePartOfLegendText=0
	   LegendAutowrap=-1
	   TickmarkColor=RGB(180,180,180)
	   CountOfIntermediateTicks=0
	   [AreaList]
		{
		[ItemList]
		 {
		 }
		}
	   }
	  [RScriptData]
	   {
	   RSCode=
	   }
	  }
	 TitleFormula=
	 [TitleFormula.Font]
	  {
	  Default=True
	  FaceName=Null()
	  GdiCharSet=Null()
	  Size=Null()
	  Width=#Null()
	  Bold=Null()
	  Italic=Null()
	  Underline=Null()
	  Strikeout=Null()
	  Color=Null()
	  PitchAndFamily=Null()
	  OutPrecision=Null()
	  }
	 TitleFormula.OutputFormatter=
	 TitlePosition=0
	 Background=True
	 [Background]
	  {
	  [Filling]
	   {
	   bShow=3
	   Color=@RGB_Blue
	   Color2=LL.Color.White
	   }
	  [Frame]
	   {
	   bShow=0
	   }
	  [Shadow]
	   {
	   bShow=0
	   }
	  Rounding=0
	  }
	 Colors\Color0=RGB(255,51,0)
	 Colors\Color1=RGB(0,102,204)
	 Colors\Color2=RGB(102,204,51)
	 Colors\Color3=RGB(255,204,0)
	 Colors\Color4=RGB(255,121,75)
	 Colors\Color5=RGB(153,153,255)
	 Colors\Color6=RGB(180,220,180)
	 Colors\Color7=RGB(255,219,157)
	 Colors\Color8=RGB(255,153,51)
	 Colors\Color9=RGB(102,102,204)
	 EnhancedColorContrast=False
	 Version=2
	 UUID={D63CEEFF-68D4-4B42-86E4-87EDE287A80E}
	 }
	}
   }
  }
[Object]
 ObjectID=1
 ObjectName=Text
 Locked=FALSE
 LinkUUID={BAA9E75E-49B2-4518-852E-DEDFD5BB5C75}
 LinkMode=32
 LayerID=0
 LayerCond=
 GroupUUID=
 Identifier=Printing Info
 Condition=True
 UserLocked=False
 WrapBefore=False
 bPageWrap=False
 ExportAsPicture=False
 Position/Left=15000
 Position/Top=274960
 Position/Width=182880
 Position/Height=8740
 Direction=0
 bFill=0
 Frame/Layout=0
 Frame/Left/Spacing=0
 Frame/Left/Line=False
 Frame/Top/Spacing=0
 Frame/Top/Line=False
 Frame/Right/Spacing=0
 Frame/Right/Line=False
 Frame/Bottom/Spacing=0
 Frame/Bottom/Line=False
 PDFLevel=0
 PDFText=
 IndexPDFLevel=0
 IndexPDFText=
 IssueCondition=True
 Link.URL=
 Animation=""
 HTMLAnimation=""
 bBottomAligned=0
 [@Lines]
  {
  [Lines]
   {
   [Line]
	{
	[Font]
	 {
	 Default=True
	 FaceName=Null()
	 GdiCharSet=Null()
	 Size=Null()
	 Width=#Null()
	 Bold=Null()
	 Italic=Null()
	 Underline=Null()
	 Strikeout=Null()
	 Color=Null()
	 PitchAndFamily=Null()
	 OutPrecision=Null()
	 }
	Align=2
	Adjusted=False
	Uneraseable=False
	LineWrap=1
	PageWrapAllowed=True
	ForceWrap=False
	SpaceOptimization=True
	Spacing.Paragraph=0
	Spacing.Line=0
	OutputFormatter=
	Condition=True
	[ConditionalFormatter]
	 {
	 }
	Text="Page " + FStr$(Page(),"###",1) + " of " + TotalPages$ () + "¶" + "Printed " + Date$(Today(),"%D, %M %d, %y") + " at " + Time$("%h:%02m") + " on " + LL.OutputDevice
	Tab=0
	TabAlign=0
	}
   }
  }
[Object]
 ObjectID=1
 ObjectName=Text
 Locked=FALSE
 LinkUUID={4C142BF3-202B-4DC4-BB60-A08765DADFCD}
 LinkMode=32
 LayerID=0
 LayerCond=
 GroupUUID=
 Identifier=Copyright /LINK:http://www.combit.net/en/ListLabel.aspx
 Condition=True
 UserLocked=False
 WrapBefore=False
 bPageWrap=False
 ExportAsPicture=False
 Position/Left=12940
 Position/Top=286750
 Position/Width=80700
 Position/Height=2450
 Direction=0
 bFill=0
 Frame/Layout=0
 Frame/Left/Spacing=0
 Frame/Left/Line=False
 Frame/Top/Spacing=0
 Frame/Top/Line=False
 Frame/Right/Spacing=0
 Frame/Right/Line=False
 Frame/Bottom/Spacing=0
 Frame/Bottom/Line=False
 PDFLevel=0
 PDFText=
 IndexPDFLevel=0
 IndexPDFText=
 IssueCondition=True
 Link.URL=
 Animation=""
 HTMLAnimation=""
 bBottomAligned=0
 bWYSIWYGDialog=FALSE
 [@Lines]
  {
  [Lines]
   {
   [Line]
	{
	[Font]
	 {
	 Default=False
	 FaceName="Arial"
	 GdiCharSet=0
	 Size=5.0
	 Width=0
	 Bold=False
	 Italic=False
	 Underline=False
	 Strikeout=False
	 Color=LL.Color.Black
	 PitchAndFamily=34
	 OutPrecision=3
	 }
	Align=0
	Adjusted=False
	Uneraseable=False
	LineWrap=0
	PageWrapAllowed=False
	ForceWrap=False
	SpaceOptimization=True
	Spacing.Paragraph=0
	Spacing.Line=0
	OutputFormatter=
	Condition=True
	[ConditionalFormatter]
	 {
	 }
	Text="designed & printed with combit® List & Label®"
	Tab=0
	TabAlign=0
	}
   }
  }
[UserVariables]
[Parameters]
 [@Parameters]
  {
  [Parameters]
   {
   LL.MultiPassCondition=PrintPassIndex()=PrintPassCount()
   LL.MultiPassCount=1
   LL.ProjectDescription=Drilldown report for orders as chart
   }
  }
[UsedIdentifiers]
 Variables=
 Fields=OrderHea.Order_Date;OrderHea.Order_Total
 ChartFields=
[PageLayouts]
 [@PageLayouts]
  {
  [PageLayouts]
   {
   [PageLayout]
	{
	DisplayName=
	Condition=True
	SourceTray=0
	ForcePaperFormat=True
	UsePhysicalPaper=True
	PaperFormat=9
	PaperFormat.cx=210000
	PaperFormat.cy=297000
	PaperFormat.Orientation=1
	Copies=1
	Duplex=0
	Collate=0
	FitPage=False
	ShowInPrintDialog=True
	}
   }
  }
[ExtendedInfo]
 [@ExtendedInfos]
  {
  [UserDefinedDesignScheme]
   {
   [Foreground]
	{
	Color=(255,230,179)
	Color=(173,215,227)
	Color=(167,195,209)
	Color=(238,190,93)
	Color=(102,204,199)
	Color=(165,170,199)
	Color=(242,167,17)
	Color=(166,178,102)
	Color=(155,122,153)
	Color=(135,95,119)
	}
   [Background]
	{
	Color=(240,249,255)
	Color=(255,230,179)
	Color=(173,215,227)
	Color=(167,195,209)
	FillMode=1
	}
   }
  [UIDescriptions]
   {
   0=X:\Visual DataFlex Projects\LLLibraryLaufend\LLOrderSample\Layouts\drilldown reports\Drilldown report as chart.lst
   }
  [Subreports]
   {
   }
  }
