[List description]
[Description]
 Text=Analysis by Salesperson
 FileVersion=15
 Units=SCM-Units
 Metric=3
 TextQuote.Start=1
 TextQuote.End=1
 RepresentationCode.CondStart=171
 RepresentationCode.CondSep=166
 RepresentationCode.CondEnd=187
 RepresentationCode.Tab=247
 RepresentationCode.Ret=182
 RepresentationCode.PhantomSpace=8203
 RepresentationCode.LockNextChar=8288
 RepresentationCode.ExprSep=164
 LCID=3079
 UserVars.ManualSortOrder=1
 CreatedByCallFrom=atlthunk.dll
 [@DatabaseStructure]
  {
  [DatabaseStructures]
   {
   [DatabaseStructure]
	{
	[Table:OrderHea]
	 {
	 [SortOrders]
	  {
	  @order=2
	  }
	 [Relations]
	  {
	  OrderHea->Customer=Customer
	  }
	 }
	[Table:Customer]
	 {
	 [SortOrders]
	  {
	  @order=1
	  }
	 }
	[Table:OrderDtl]
	 {
	 [Relations]
	  {
	  OrderDtl->OrderHea=OrderHea
	  }
	 }
	}
   }
  }
[Layout]
 P1.Template=
 xGrid=1000
 yGrid=1000
 GridShow=FALSE
 GridSnap=FALSE
 EnhancedExpressions=TRUE
 EnhancedOldExpressions=FALSE
 Decimals=2
 DefaultMedium=PRV
 RealDataPreviewPageLimit=-2
 DefFont={(0,0,0),10.000000,-13,0,0,0,400,0,0,0,0,3,2,1,34,Arial}
 HelpLines.Horizontal=
 HelpLines.Vertical=
 PDF.MaxOutlineDepth=2
 PDF.MaxOutlineDepth.IDX=3
 DefaultSize.Objecttype1=(0,0,137520,8400)
 DefaultSize.Objecttype3=(0,0,53800,2000)
 DefaultSize.Objecttype6=(0,0,172600,197880)
 ObjectCount=8
[UserSection]
 
[SumVariables]
[Layer]
 Name=Base
 Condition=
 WorkspaceColor=(102,102,102)
 Visible=TRUE
 LayerID=0
[Layer]
 Name=First Page
 Condition=Page() = 1
 WorkspaceColor=(197,207,10)
 Visible=TRUE
 LayerID=1
[Layer]
 Name=Following Pages
 Condition=Page() <> 1
 WorkspaceColor=(161,203,243)
 Visible=TRUE
 LayerID=2
[ProjectTemplates]
 [@ProjectTemplates]
  {
  [ProjectTemplates]
   {
   [ProjectTemplate]
	{
	Identifier=
	Filename=ProjectPath$() + "Include.lst"
	bVisible=True
	Condition=True
	ProjectUUID={44F86EBA-FA26-8FD1-C85D-C81348AA211B}
	}
   }
  }
[Object]
 ObjectID=1
 ObjectName=Text
 Locked=FALSE
 LinkUUID={93274D06-087B-451A-99E0-E39776157292}
 LinkMode=0
 LayerID=1
 LayerCond=Page() = 1
 GroupUUID=
 Identifier=Heading
 Condition=True
 UserLocked=False
 WrapBefore=False
 bPageWrap=False
 ExportAsPicture=False
 Position/Left=12940
 Position/Top=41880
 Position/Width=137520
 Position/Height=8400
 Direction=0
 bFill=1
 BkColor=@RGB_Red
 Frame/Layout=0
 Frame/Left/Spacing=0
 Frame/Left/Line=False
 Frame/Top/Spacing=0
 Frame/Top/Line=False
 Frame/Right/Spacing=0
 Frame/Right/Line=False
 Frame/Bottom/Spacing=0
 Frame/Bottom/Line=False
 PDFLevel=0
 PDFText=
 IndexPDFLevel=0
 IndexPDFText=
 IssueCondition=True
 Link.URL=
 Animation=""
 HTMLAnimation=""
 bBottomAligned=0
 [@Lines]
  {
  [Lines]
   {
   [Line]
	{
	[Font]
	 {
	 Default=False
	 FaceName="Arial"
	 GdiCharSet=0
	 Size=18.0
	 Width=0
	 Bold=True
	 Italic=False
	 Underline=False
	 Strikeout=False
	 Color=LL.Color.White
	 PitchAndFamily=34
	 OutPrecision=3
	 }
	Align=0
	Adjusted=False
	Uneraseable=False
	LineWrap=0
	PageWrapAllowed=False
	ForceWrap=False
	SpaceOptimization=True
	Spacing.Paragraph=0
	Spacing.Line=0
	OutputFormatter=
	Condition=True
	[ConditionalFormatter]
	 {
	 }
	Text="Salesperson/Customer Sales Report"
	Tab=0
	TabAlign=0
	}
   }
  }
[Object]
 ObjectID=1
 ObjectName=Text
 Locked=FALSE
 LinkUUID={C1BF6229-4479-4816-83F1-3EC252F214F3}
 LinkMode=0
 LayerID=2
 LayerCond=Page() <> 1
 GroupUUID=
 Identifier=Heading cont.
 Condition=True
 UserLocked=False
 WrapBefore=False
 bPageWrap=False
 ExportAsPicture=False
 Position/Left=12940
 Position/Top=41880
 Position/Width=137520
 Position/Height=8400
 Direction=0
 bFill=1
 BkColor=@RGB_Red
 Frame/Layout=0
 Frame/Left/Spacing=0
 Frame/Left/Line=False
 Frame/Top/Spacing=0
 Frame/Top/Line=False
 Frame/Right/Spacing=0
 Frame/Right/Line=False
 Frame/Bottom/Spacing=0
 Frame/Bottom/Line=False
 PDFLevel=0
 PDFText=
 IndexPDFLevel=0
 IndexPDFText=
 IssueCondition=True
 Link.URL=
 Animation=""
 HTMLAnimation=""
 bBottomAligned=0
 [@Lines]
  {
  [Lines]
   {
   [Line]
	{
	[Font]
	 {
	 Default=False
	 FaceName="Arial"
	 GdiCharSet=0
	 Size=18.0
	 Width=0
	 Bold=True
	 Italic=False
	 Underline=False
	 Strikeout=False
	 Color=LL.Color.White
	 PitchAndFamily=34
	 OutPrecision=3
	 }
	Align=0
	Adjusted=False
	Uneraseable=False
	LineWrap=0
	PageWrapAllowed=False
	ForceWrap=False
	SpaceOptimization=True
	Spacing.Paragraph=0
	Spacing.Line=0
	OutputFormatter=
	Condition=True
	[ConditionalFormatter]
	 {
	 }
	Text="Salesperson/Customer Sales Report (cont.)"
	Tab=0
	TabAlign=0
	}
   }
  }
[Object]
 ObjectID=2
 ObjectName=Rechteck
 Locked=FALSE
 LinkUUID={01C78022-4C57-4DDD-8A06-97680791654D}
 LinkMode=32
 LayerID=0
 LayerCond=
 GroupUUID=
 Identifier=Background_Report Container
 Condition=True
 UserLocked=False
 WrapBefore=False
 ExportAsPicture=False
 Position/Left=12940
 Position/Top=50280
 Position/Width=187330
 Position/Height=235800
 Direction=0
 PDFLevel=0
 PDFText=
 IndexPDFLevel=0
 IndexPDFText=
 IssueCondition=True
 Link.URL=
 Animation=""
 bFrame=1
 FgColor=LL.Color.Black
 Width=140
 LineType=0
 bFill=1
 Raster=1
 BkColor=LL.Color.White
 bShadow=0
 Rounding=0
[Object]
 ObjectID=6
 ObjectName=Berichtscontainer
 Locked=FALSE
 LinkUUID={63F575A1-464A-4F3A-8165-C6D3D5B61781}
 LinkMode=32
 LayerID=0
 LayerCond=
 GroupUUID=
 Identifier=Report Container
 Condition=True
 UserLocked=False
 WrapBefore=False
 Position/Left=15000
 Position/Top=52980
 Position/Width=182880
 Position/Height=220530
 Direction=0
 Frame/Layout=0
 Frame/Left/Spacing=0
 Frame/Left/Line=False
 Frame/Top/Spacing=0
 Frame/Top/Line=False
 Frame/Right/Spacing=0
 Frame/Right/Line=False
 Frame/Bottom/Spacing=0
 Frame/Bottom/Line=False
 PDFLevel=2
 PDFText=
 IndexPDFLevel=0
 IndexPDFText=
 IssueCondition=True
 Link.URL=
 DefaultFont/Default=True
 DefaultFont/FaceName="Arial"
 DefaultFont/GdiCharSet=0
 DefaultFont/Size=Null()
 DefaultFont/Width=#Null()
 DefaultFont/Bold=Null()
 DefaultFont/Italic=Null()
 DefaultFont/Underline=Null()
 DefaultFont/Strikeout=Null()
 DefaultFont/Color=Null()
 DefaultFont/PitchAndFamily=Null()
 DefaultFont/OutPrecision=Null()
 FgColor=RGB(0,0,0)
 bFill=0
 CurrentTable=1
 ColumnCount=1
 ColumnCount.Distance=0
 [@Tables]
  {
  [Tables]
   {
   [Table]
	{
	TableType=Chart
	TableID=OrderHea
	RelationID=
	[DistanceFromPrintBorder]
	 {
	 Left=0
	 Top=0
	 Right=0
	 Bottom=15000
	 }
	Height=100000
	ColumnCount=0
	ColumnCount.Distance=1000
	ColumnBreakCondition=False
	ColumnBreakBefore=False
	Identifier=Chart: OrderHea
	Condition=True
	DistanceTop=0
	DistanceBottom=0
	WrapBefore=False
	[WrapBefore]
	 {
	 ResetPageNumberOption=0
	 }
	ShowInContextUI=True
	SortOrderID=""
	CombineWithNextStaticTable=False
	PDFLevel=0
	PDFText=
	IndexPDFLevel=0
	IndexPDFText=
	FormulaFilter=True
	Animation=""
	HTMLAnimation=""
	[LLXParameters]
	 {
	 [Engine]
	  {
	  bFill=0
	  HasAlternatezAxis=False
	  zAxisSecondaryAssignment=1
	  Isotropic=False
	  Orientation=1
	  UseLightEffect=True
	  Perspective=0
	  RotZ=30
	  RotX=30
	  ColorMode=2
	  FrameColor=RGB(180,180,180)
	  Projection=1
	  [AdditionalProperties]
	   {
	   Type=1
	   DataMode=1
	   VisMode=1
	   Flags=7798784
	   bNewAxisMode=TRUE
	   }
	  [xAxis]
	   {
	   FormulaValue=SalesP.ID
	   FormulaFilter=True
	   SamplesForDesigner=5
	   AutoSort=0
	   RoundLimits=True
	   FormulaCoord=SalesP.Name
	   [FormulaCoord.Font]
		{
		Default=True
		FaceName=Null()
		GdiCharSet=Null()
		Size=Null()
		Width=#Null()
		Bold=Null()
		Italic=Null()
		Underline=Null()
		Strikeout=Null()
		Color=Null()
		PitchAndFamily=Null()
		OutPrecision=Null()
		}
	   FormulaCoord.RotationAngle=340
	   FormulaCoord.FixedSize=False
	   FormulaCoord.OutputFormatter=
	   FormulaLabel="Salesperson"
	   [FormulaLabel.Font]
		{
		Default=False
		FaceName="Arial"
		GdiCharSet=0
		Size=10.0
		Width=0
		Bold=True
		Italic=False
		Underline=False
		Strikeout=False
		Color=LL.Color.Black
		PitchAndFamily=34
		OutPrecision=3
		}
	   FormulaLabel.RotationAngle=0
	   FormulaLabel.OutputFormatter=
	   CoordTextPlacement=1
	   CoordTextPlacement.Equidistant=False
	   [CoordTextPlacement.bFrame]
		{
		Layout=0
		[Left]
		 {
		 Spacing=1000
		 Line=False
		 }
		[Top]
		 {
		 Spacing=1000
		 Line=False
		 }
		[Right]
		 {
		 Spacing=1000
		 Line=False
		 }
		[Bottom]
		 {
		 Spacing=1000
		 Line=False
		 }
		}
	   RelativePartOfAtAxisText=30
	   RelativePartOfLegendText=0
	   TickmarkColor=RGB(180,180,180)
	   CountOfIntermediateTicks=0
	   [AreaList]
		{
		[ItemList]
		 {
		 }
		}
	   }
	  [yAxis]
	   {
	   FormulaValue=Str$(Quarter(OrderHea.Order_Date))
	   FormulaFilter=True
	   SamplesForDesigner=5
	   AutoSort=0
	   RoundLimits=True
	   FormulaCoord=LL.ChartObject.AxisCoordinate
	   [FormulaCoord.Font]
		{
		Default=True
		FaceName=Null()
		GdiCharSet=Null()
		Size=Null()
		Width=#Null()
		Bold=Null()
		Italic=Null()
		Underline=Null()
		Strikeout=Null()
		Color=Null()
		PitchAndFamily=Null()
		OutPrecision=Null()
		}
	   FormulaCoord.RotationAngle=0
	   FormulaCoord.FixedSize=False
	   FormulaCoord.OutputFormatter=
	   FormulaLabel="Quarter"
	   [FormulaLabel.Font]
		{
		Default=False
		FaceName="Arial"
		GdiCharSet=0
		Size=10.0
		Width=0
		Bold=True
		Italic=False
		Underline=False
		Strikeout=False
		Color=LL.Color.Black
		PitchAndFamily=34
		OutPrecision=3
		}
	   FormulaLabel.RotationAngle=0
	   FormulaLabel.OutputFormatter=
	   CoordTextPlacement=1
	   CoordTextPlacement.Equidistant=False
	   [CoordTextPlacement.bFrame]
		{
		Layout=0
		[Left]
		 {
		 Spacing=1000
		 Line=False
		 }
		[Top]
		 {
		 Spacing=1000
		 Line=False
		 }
		[Right]
		 {
		 Spacing=1000
		 Line=False
		 }
		[Bottom]
		 {
		 Spacing=1000
		 Line=False
		 }
		}
	   RelativePartOfAtAxisText=30
	   RelativePartOfLegendText=0
	   TickmarkColor=RGB(180,180,180)
	   CountOfIntermediateTicks=0
	   [AreaList]
		{
		[ItemList]
		 {
		 }
		}
	   }
	  [zAxis0]
	   {
	   FormulaMin=True
	   [FormulaMin]
		{
		Value=0
		}
	   FormulaMax=True
	   [FormulaMax]
		{
		Value=1.0
		}
	   FilterZeroes=False
	   HandleNullValue=0
	   FormulaValue=Sum(OrderHea.Order_Total)
	   FormulaCoordOnObjects=0
	   [FormulaCoordOnObjects]
		{
		[Font]
		 {
		 Default=True
		 FaceName=Null()
		 GdiCharSet=Null()
		 Size=Null()
		 Width=#Null()
		 Bold=Null()
		 Italic=Null()
		 Underline=Null()
		 Strikeout=Null()
		 Color=Null()
		 PitchAndFamily=Null()
		 OutPrecision=Null()
		 }
		OutputFormatter=
		Formula=LL.ChartObject.AxisCoordinate
		[Filling]
		 {
		 bShow=0
		 }
		RotationAngle=0
		OOTextDrawMethod=0
		}
	   AutoTickmarks=True
	   [AutoTickmarks]
		{
		Value=1.0
		}
	   Visual=9
	   LineTypeOverride=0
	   VisualSym=-1
	   CoordGridLines=True
	   [CoordGridLines]
		{
		Color=LL.Color.Black
		LineType=0
		}
	   CoordGridLinesWidth=0
	   CoordGridZebraPattern=0
	   BarWidthPercentage=60
	   Distortion=0
	   PostProcessing=0
	   [PostProcessing]
		{
		Count=3
		}
	   FormulaCoord=LL.ChartObject.AxisCoordinate
	   [FormulaCoord.Font]
		{
		Default=True
		FaceName=Null()
		GdiCharSet=Null()
		Size=Null()
		Width=#Null()
		Bold=Null()
		Italic=Null()
		Underline=Null()
		Strikeout=Null()
		Color=Null()
		PitchAndFamily=Null()
		OutPrecision=Null()
		}
	   FormulaCoord.RotationAngle=0
	   FormulaCoord.FixedSize=False
	   FormulaCoord.OutputFormatter=
	   FormulaLabel="Turnover"
	   [FormulaLabel.Font]
		{
		Default=False
		FaceName="Arial"
		GdiCharSet=0
		Size=10.0
		Width=0
		Bold=True
		Italic=False
		Underline=False
		Strikeout=False
		Color=LL.Color.Black
		PitchAndFamily=34
		OutPrecision=3
		}
	   FormulaLabel.RotationAngle=90.0
	   FormulaLabel.OutputFormatter=
	   CoordTextPlacement=1
	   CoordTextPlacement.Equidistant=False
	   [CoordTextPlacement.bFrame]
		{
		Layout=0
		[Left]
		 {
		 Spacing=1000
		 Line=False
		 }
		[Top]
		 {
		 Spacing=1000
		 Line=False
		 }
		[Right]
		 {
		 Spacing=1000
		 Line=False
		 }
		[Bottom]
		 {
		 Spacing=1000
		 Line=False
		 }
		}
	   RelativePartOfAtAxisText=30
	   RelativePartOfLegendText=0
	   TickmarkColor=RGB(180,180,180)
	   CountOfIntermediateTicks=2
	   [AreaList]
		{
		[ItemList]
		 {
		 }
		}
	   }
	  [RScriptData]
	   {
	   RSCode=
	   }
	  }
	 TitleFormula="Sales per Salesperson and Quarters"
	 [TitleFormula.Font]
	  {
	  Default=False
	  FaceName="Arial"
	  GdiCharSet=0
	  Size=14.0
	  Width=0
	  Bold=True
	  Italic=False
	  Underline=False
	  Strikeout=False
	  Color=LL.Color.Black
	  PitchAndFamily=34
	  OutPrecision=3
	  }
	 TitleFormula.OutputFormatter=
	 TitlePosition=0
	 Background=True
	 [Background]
	  {
	  [Filling]
	   {
	   bShow=2
	   Color=@RGB_Blue
	   Color2=LL.Color.White
	   }
	  [Frame]
	   {
	   bShow=1
	   Color=LL.Color.Black
	   Width=250
	   }
	  [Shadow]
	   {
	   bShow=1
	   Raster=1
	   Color=LL.Color.Black
	   Width=2000
	   }
	  Rounding=25
	  }
	 Colors\Color0=RGB(255,51,0)
	 Colors\Color1=RGB(0,102,204)
	 Colors\Color2=RGB(102,204,51)
	 Colors\Color3=RGB(255,204,0)
	 Colors\Color4=RGB(255,121,75)
	 Colors\Color5=RGB(153,153,255)
	 Colors\Color6=RGB(180,220,180)
	 Colors\Color7=RGB(255,219,157)
	 Colors\Color8=RGB(255,153,51)
	 Colors\Color9=RGB(102,102,204)
	 EnhancedColorContrast=False
	 Version=2
	 UUID={35D1057E-FC5B-446F-8B63-3AB47C503CC5}
	 }
	}
   [Table]
	{
	TableType=List
	TableID=Customer
	RelationID=
	[GroupHeaderLines]
	 {
	 bConcatDataLines=True
	 bKeepTogether=False
	 }
	[GroupFooterLines]
	 {
	 bAlsoOnEmptyGroup=False
	 bKeepTogether=False
	 }
	[DataLines]
	 {
	 bKeepTogether=True
	 bSuppress=True
	 bForceSumCalculation=True
	 }
	ZebraPattern=0
	[FooterLines]
	 {
	 bKeepTogether=False
	 }
	PageBreakCondition=False
	[DefaultFrame]
	 {
	 Layout=1
	 [Left]
	  {
	  Spacing=1000
	  Line=False
	  }
	 [Top]
	  {
	  Spacing=500
	  Line=False
	  }
	 [Right]
	  {
	  Spacing=1000
	  Line=False
	  }
	 [Bottom]
	  {
	  Spacing=500
	  Line=False
	  }
	 }
	UseSepTicks=True
	ColumnCount=0
	ColumnCount.Distance=1000
	ColumnBreakCondition=False
	ColumnBreakBefore=False
	bFooterOnBottom=False
	bFillBottom=False
	Identifier=
	Condition=True
	DistanceTop=0
	DistanceBottom=0
	WrapBefore=False
	[WrapBefore]
	 {
	 ResetPageNumberOption=0
	 }
	ShowInContextUI=True
	SortOrderID="1"
	PDFLevel=0
	PDFText=
	IndexPDFLevel=0
	IndexPDFText=
	Expandable=False
	FormulaFilter=True
	DesignScheme="PROJECT"
	Animation=""
	[Body]
	 {
	 [Lines]
	  {
	  [Line]
	   {
	   [Columns]
		{
		[Column]
		 {
		 Identifier=
		 Text=Customer.Customer_Number
		 Width=172400
		 Height=10000
		 FixedHeight=0
		 bIsotropic=True
		 PlainTextFormat=True
		 Align=0
		 AlignDecPosition=-10000
		 VAlign=0
		 DrawingAlignment=8
		 Adjusted=False
		 LineWrap=1
		 ForceWrap=False
		 FlowControl=False
		 Spacing.Line=0
		 bFill=0
		 FgColor=RGB(0,0,0)
		 SpaceOptimization=True
		 Link.URL=
		 WithText=False
		 MatchDevicePixel=False
		 [Frame]
		  {
		  Default=True
		  Layout=1
		  [Left]
		   {
		   Spacing=1000
		   Line=True
		   [Line]
			{
			Color=RGB(0,0,0)
			LineType=0
			}
		   LineWidth=0
		   }
		  [Top]
		   {
		   Spacing=500
		   Line=True
		   [Line]
			{
			Color=RGB(0,0,0)
			LineType=0
			}
		   LineWidth=0
		   }
		  [Right]
		   {
		   Spacing=1000
		   Line=True
		   [Line]
			{
			Color=RGB(0,0,0)
			LineType=0
			}
		   LineWidth=0
		   }
		  [Bottom]
		   {
		   Spacing=500
		   Line=True
		   [Line]
			{
			Color=RGB(0,0,0)
			LineType=0
			}
		   LineWidth=0
		   }
		  }
		 [Font]
		  {
		  Default=True
		  FaceName=Null()
		  GdiCharSet=Null()
		  Size=Null()
		  Width=#Null()
		  Bold=Null()
		  Italic=Null()
		  Underline=Null()
		  Strikeout=Null()
		  Color=Null()
		  PitchAndFamily=Null()
		  OutPrecision=Null()
		  }
		 Direction=0
		 BarWidth=0
		 [BarWidth]
		  {
		  Align=0
		  }
		 BarRatio=0
		 ExportAsPicture=False
		 DwgSaveAsJPEG=0
		 Condition=True
		 Animation=""
		 HTMLAnimation=""
		 }
		}
	   [Options]
		{
		Description=CustomerID
		[LFont]
		 {
		 Default=True
		 FaceName=Null()
		 GdiCharSet=Null()
		 Size=Null()
		 Width=#Null()
		 Bold=Null()
		 Italic=Null()
		 Underline=Null()
		 Strikeout=Null()
		 Color=Null()
		 PitchAndFamily=Null()
		 OutPrecision=Null()
		 }
		DisplayInDesigner=True
		PDFLevel=0
		PDFText=
		IndexPDFLevel=0
		IndexPDFText=
		[ReservedSpace]
		 {
		 Left=0
		 Top=0
		 Right=0
		 Bottom=0
		 }
		LCondition=True
		Anchor=0
		Anchor.ToTop=True
		}
	   }
	  }
	 [Options]
	  {
	  }
	 }
	[Header]
	 {
	 [Lines]
	  {
	  [Line]
	   {
	   [Columns]
		{
		}
	   [Options]
		{
		Description=
		[LFont]
		 {
		 Default=True
		 FaceName=Null()
		 GdiCharSet=Null()
		 Size=Null()
		 Width=#Null()
		 Bold=Null()
		 Italic=Null()
		 Underline=Null()
		 Strikeout=Null()
		 Color=Null()
		 PitchAndFamily=Null()
		 OutPrecision=Null()
		 }
		DisplayInDesigner=True
		PDFLevel=0
		PDFText=
		IndexPDFLevel=0
		IndexPDFText=
		[ReservedSpace]
		 {
		 Left=0
		 Top=0
		 Right=0
		 Bottom=0
		 }
		LCondition=True
		Anchor=0
		Anchor.ToTop=True
		}
	   }
	  }
	 [Options]
	  {
	  }
	 }
	[Footer]
	 {
	 [Lines]
	  {
	  [Line]
	   {
	   [Columns]
		{
		}
	   [Options]
		{
		Description=
		[LFont]
		 {
		 Default=True
		 FaceName=Null()
		 GdiCharSet=Null()
		 Size=Null()
		 Width=#Null()
		 Bold=Null()
		 Italic=Null()
		 Underline=Null()
		 Strikeout=Null()
		 Color=Null()
		 PitchAndFamily=Null()
		 OutPrecision=Null()
		 }
		DisplayInDesigner=True
		PDFLevel=0
		PDFText=
		IndexPDFLevel=0
		IndexPDFText=
		[ReservedSpace]
		 {
		 Left=0
		 Top=0
		 Right=0
		 Bottom=0
		 }
		LCondition=True
		Anchor=0
		Anchor.ToTop=True
		}
	   }
	  }
	 [Options]
	  {
	  }
	 }
	[GroupHeader]
	 {
	 [Lines]
	  {
	  [Line]
	   {
	   [Columns]
		{
		}
	   [Options]
		{
		Description=
		[LFont]
		 {
		 Default=True
		 FaceName=Null()
		 GdiCharSet=Null()
		 Size=Null()
		 Width=#Null()
		 Bold=Null()
		 Italic=Null()
		 Underline=Null()
		 Strikeout=Null()
		 Color=Null()
		 PitchAndFamily=Null()
		 OutPrecision=Null()
		 }
		DisplayInDesigner=True
		PDFLevel=1
		PDFText=
		IndexPDFLevel=0
		IndexPDFText=
		[ReservedSpace]
		 {
		 Left=0
		 Top=1000
		 Right=0
		 Bottom=0
		 }
		Anchor=0
		Anchor.ToTop=True
		GroupCondition=
		ResetSums=
		OnNewPage=False
		[OnNewPage]
		 {
		 ResetPageNumberOption=0
		 }
		PrintRightAfterHeader=False
		KeepTogether.Group=False
		LCondition=True
		Expandable=False
		}
	   }
	  }
	 [Options]
	  {
	  }
	 }
	[GroupFooter]
	 {
	 [Lines]
	  {
	  [Line]
	   {
	   [Columns]
		{
		}
	   [Options]
		{
		Description=
		[LFont]
		 {
		 Default=True
		 FaceName=Null()
		 GdiCharSet=Null()
		 Size=Null()
		 Width=#Null()
		 Bold=Null()
		 Italic=Null()
		 Underline=Null()
		 Strikeout=Null()
		 Color=Null()
		 PitchAndFamily=Null()
		 OutPrecision=Null()
		 }
		DisplayInDesigner=True
		PDFLevel=0
		PDFText=
		IndexPDFLevel=0
		IndexPDFText=
		[ReservedSpace]
		 {
		 Left=0
		 Top=0
		 Right=0
		 Bottom=1000
		 }
		Anchor=0
		Anchor.ToTop=True
		GroupCondition=
		ResetSums=
		TriggerNewPage=False
		LCondition=True
		}
	   }
	  }
	 [Options]
	  {
	  }
	 }
	[ChildTables]
	 {
	 [Table]
	  {
	  TableType=List
	  TableID=OrderHea
	  RelationID=OrderHea->Customer
	  [GroupHeaderLines]
	   {
	   bConcatDataLines=True
	   bKeepTogether=False
	   }
	  [GroupFooterLines]
	   {
	   bAlsoOnEmptyGroup=False
	   bKeepTogether=False
	   }
	  [DataLines]
	   {
	   bKeepTogether=True
	   bSuppress=True
	   bForceSumCalculation=True
	   }
	  ZebraPattern=0
	  [FooterLines]
	   {
	   bKeepTogether=False
	   }
	  PageBreakCondition=False
	  [DefaultFrame]
	   {
	   Layout=1
	   [Left]
		{
		Spacing=1000
		Line=False
		}
	   [Top]
		{
		Spacing=500
		Line=False
		}
	   [Right]
		{
		Spacing=1000
		Line=False
		}
	   [Bottom]
		{
		Spacing=500
		Line=False
		}
	   }
	  UseSepTicks=True
	  Identifier=
	  Condition=True
	  DistanceTop=0
	  DistanceBottom=0
	  WrapBefore=False
	  [WrapBefore]
	   {
	   ResetPageNumberOption=0
	   }
	  ShowInContextUI=True
	  SortOrderID="2"
	  PDFLevel=0
	  PDFText=
	  IndexPDFLevel=0
	  IndexPDFText=
	  Expandable=False
	  FormulaFilter=True
	  DesignScheme="PROJECT"
	  [Body]
	   {
	   [Lines]
		{
		[Line]
		 {
		 [Columns]
		  {
		  }
		 [Options]
		  {
		  Description=
		  [LFont]
		   {
		   Default=True
		   FaceName=Null()
		   GdiCharSet=Null()
		   Size=Null()
		   Width=#Null()
		   Bold=Null()
		   Italic=Null()
		   Underline=Null()
		   Strikeout=Null()
		   Color=Null()
		   PitchAndFamily=Null()
		   OutPrecision=Null()
		   }
		  DisplayInDesigner=True
		  PDFLevel=0
		  PDFText=
		  IndexPDFLevel=0
		  IndexPDFText=
		  [ReservedSpace]
		   {
		   Left=0
		   Top=0
		   Right=0
		   Bottom=0
		   }
		  LCondition=True
		  Anchor=0
		  Anchor.ToTop=True
		  }
		 }
		}
	   [Options]
		{
		}
	   }
	  [Header]
	   {
	   [Lines]
		{
		[Line]
		 {
		 [Columns]
		  {
		  }
		 [Options]
		  {
		  Description=
		  [LFont]
		   {
		   Default=True
		   FaceName=Null()
		   GdiCharSet=Null()
		   Size=Null()
		   Width=#Null()
		   Bold=Null()
		   Italic=Null()
		   Underline=Null()
		   Strikeout=Null()
		   Color=Null()
		   PitchAndFamily=Null()
		   OutPrecision=Null()
		   }
		  DisplayInDesigner=True
		  PDFLevel=0
		  PDFText=
		  IndexPDFLevel=0
		  IndexPDFText=
		  [ReservedSpace]
		   {
		   Left=0
		   Top=0
		   Right=0
		   Bottom=0
		   }
		  LCondition=True
		  Anchor=0
		  Anchor.ToTop=True
		  }
		 }
		}
	   [Options]
		{
		}
	   }
	  [Footer]
	   {
	   [Lines]
		{
		[Line]
		 {
		 [Columns]
		  {
		  }
		 [Options]
		  {
		  Description=
		  [LFont]
		   {
		   Default=True
		   FaceName=Null()
		   GdiCharSet=Null()
		   Size=Null()
		   Width=#Null()
		   Bold=Null()
		   Italic=Null()
		   Underline=Null()
		   Strikeout=Null()
		   Color=Null()
		   PitchAndFamily=Null()
		   OutPrecision=Null()
		   }
		  DisplayInDesigner=True
		  PDFLevel=0
		  PDFText=
		  IndexPDFLevel=0
		  IndexPDFText=
		  [ReservedSpace]
		   {
		   Left=0
		   Top=0
		   Right=0
		   Bottom=0
		   }
		  LCondition=True
		  Anchor=0
		  Anchor.ToTop=True
		  }
		 }
		}
	   [Options]
		{
		}
	   }
	  [GroupHeader]
	   {
	   [Lines]
		{
		[Line]
		 {
		 [Columns]
		  {
		  [Column]
		   {
		   Identifier=
		   Text=Customer.Name
		   Width=172600
		   Height=10000
		   FixedHeight=0
		   bIsotropic=True
		   PlainTextFormat=True
		   Align=1
		   AlignDecPosition=-10000
		   VAlign=0
		   DrawingAlignment=8
		   Adjusted=False
		   LineWrap=1
		   ForceWrap=False
		   FlowControl=False
		   Spacing.Line=0
		   bFill=1
		   Raster=1
		   BkColor=@RGB_Blue
		   FgColor=RGB(0,0,0)
		   SpaceOptimization=True
		   Link.URL=
		   WithText=False
		   MatchDevicePixel=False
		   [Frame]
			{
			Default=True
			Layout=1
			[Left]
			 {
			 Spacing=1000
			 Line=True
			 [Line]
			  {
			  Color=RGB(0,0,0)
			  LineType=0
			  }
			 LineWidth=0
			 }
			[Top]
			 {
			 Spacing=500
			 Line=True
			 [Line]
			  {
			  Color=RGB(0,0,0)
			  LineType=0
			  }
			 LineWidth=0
			 }
			[Right]
			 {
			 Spacing=1000
			 Line=True
			 [Line]
			  {
			  Color=RGB(0,0,0)
			  LineType=0
			  }
			 LineWidth=0
			 }
			[Bottom]
			 {
			 Spacing=500
			 Line=True
			 [Line]
			  {
			  Color=RGB(0,0,0)
			  LineType=0
			  }
			 LineWidth=0
			 }
			}
		   [Font]
			{
			Default=False
			FaceName="Arial"
			GdiCharSet=0
			Size=12.0
			Width=0
			Bold=True
			Italic=False
			Underline=False
			Strikeout=False
			Color=LL.Color.Black
			PitchAndFamily=34
			OutPrecision=3
			}
		   Direction=0
		   BarWidth=0
		   [BarWidth]
			{
			Align=0
			}
		   BarRatio=0
		   ExportAsPicture=False
		   DwgSaveAsJPEG=0
		   Condition=True
		   Animation=""
		   HTMLAnimation=""
		   }
		  }
		 [Options]
		  {
		  Description=company name
		  [LFont]
		   {
		   Default=True
		   FaceName=Null()
		   GdiCharSet=Null()
		   Size=Null()
		   Width=#Null()
		   Bold=Null()
		   Italic=Null()
		   Underline=Null()
		   Strikeout=Null()
		   Color=Null()
		   PitchAndFamily=Null()
		   OutPrecision=Null()
		   }
		  DisplayInDesigner=True
		  PDFLevel=2
		  PDFText=
		  IndexPDFLevel=0
		  IndexPDFText=
		  [ReservedSpace]
		   {
		   Left=0
		   Top=0
		   Right=0
		   Bottom=2000
		   }
		  Anchor=0
		  Anchor.ToTop=True
		  GroupCondition=Customer.Name
		  ResetSums=
		  OnNewPage=False
		  [OnNewPage]
		   {
		   ResetPageNumberOption=0
		   }
		  PrintRightAfterHeader=True
		  KeepTogether.Group=False
		  LCondition=True
		  Expandable=False
		  }
		 }
		[Line]
		 {
		 [Columns]
		  {
		  [Column]
		   {
		   Identifier=
		   Text="Year"
		   Width=15600
		   Height=10000
		   FixedHeight=0
		   bIsotropic=True
		   PlainTextFormat=True
		   Align=0
		   AlignDecPosition=-10000
		   VAlign=0
		   DrawingAlignment=8
		   Adjusted=False
		   LineWrap=1
		   ForceWrap=False
		   FlowControl=False
		   Spacing.Line=0
		   bFill=1
		   Raster=1
		   BkColor=@RGB_LightBlue
		   FgColor=RGB(0,0,0)
		   SpaceOptimization=True
		   Link.URL=
		   WithText=False
		   MatchDevicePixel=False
		   [Frame]
			{
			Default=True
			Layout=1
			[Left]
			 {
			 Spacing=1000
			 Line=True
			 [Line]
			  {
			  Color=RGB(0,0,0)
			  LineType=0
			  }
			 LineWidth=0
			 }
			[Top]
			 {
			 Spacing=500
			 Line=True
			 [Line]
			  {
			  Color=RGB(0,0,0)
			  LineType=0
			  }
			 LineWidth=0
			 }
			[Right]
			 {
			 Spacing=1000
			 Line=True
			 [Line]
			  {
			  Color=RGB(0,0,0)
			  LineType=0
			  }
			 LineWidth=0
			 }
			[Bottom]
			 {
			 Spacing=500
			 Line=True
			 [Line]
			  {
			  Color=RGB(0,0,0)
			  LineType=0
			  }
			 LineWidth=0
			 }
			}
		   [Font]
			{
			Default=False
			FaceName="Arial"
			GdiCharSet=0
			Size=10.0
			Width=0
			Bold=True
			Italic=False
			Underline=False
			Strikeout=False
			Color=LL.Color.Black
			PitchAndFamily=34
			OutPrecision=3
			}
		   Direction=0
		   BarWidth=0
		   [BarWidth]
			{
			Align=0
			}
		   BarRatio=0
		   ExportAsPicture=False
		   DwgSaveAsJPEG=0
		   Condition=True
		   Animation=""
		   HTMLAnimation=""
		   }
		  [Column]
		   {
		   Identifier=
		   Text="Sales"
		   Width=27600
		   Height=10000
		   FixedHeight=0
		   bIsotropic=True
		   PlainTextFormat=True
		   Align=1
		   AlignDecPosition=-10000
		   VAlign=0
		   DrawingAlignment=8
		   Adjusted=False
		   LineWrap=1
		   ForceWrap=False
		   FlowControl=False
		   Spacing.Line=0
		   bFill=1
		   Raster=1
		   BkColor=@RGB_LightBlue
		   FgColor=RGB(0,0,0)
		   SpaceOptimization=True
		   Link.URL=
		   WithText=False
		   MatchDevicePixel=False
		   [Frame]
			{
			Default=True
			Layout=1
			[Left]
			 {
			 Spacing=1000
			 Line=True
			 [Line]
			  {
			  Color=RGB(0,0,0)
			  LineType=0
			  }
			 LineWidth=0
			 }
			[Top]
			 {
			 Spacing=500
			 Line=True
			 [Line]
			  {
			  Color=RGB(0,0,0)
			  LineType=0
			  }
			 LineWidth=0
			 }
			[Right]
			 {
			 Spacing=1000
			 Line=True
			 [Line]
			  {
			  Color=RGB(0,0,0)
			  LineType=0
			  }
			 LineWidth=0
			 }
			[Bottom]
			 {
			 Spacing=500
			 Line=True
			 [Line]
			  {
			  Color=RGB(0,0,0)
			  LineType=0
			  }
			 LineWidth=0
			 }
			}
		   [Font]
			{
			Default=False
			FaceName="Arial"
			GdiCharSet=0
			Size=10.0
			Width=0
			Bold=True
			Italic=False
			Underline=False
			Strikeout=False
			Color=LL.Color.Black
			PitchAndFamily=34
			OutPrecision=3
			}
		   Direction=0
		   BarWidth=0
		   [BarWidth]
			{
			Align=0
			}
		   BarRatio=0
		   ExportAsPicture=False
		   DwgSaveAsJPEG=0
		   Condition=True
		   Animation=""
		   HTMLAnimation=""
		   }
		  [Column]
		   {
		   Identifier=
		   Text="Sales per Salesperson"
		   Width=129400
		   Height=10000
		   FixedHeight=0
		   bIsotropic=True
		   PlainTextFormat=True
		   Align=1
		   AlignDecPosition=-10000
		   VAlign=0
		   DrawingAlignment=8
		   Adjusted=False
		   LineWrap=1
		   ForceWrap=False
		   FlowControl=False
		   Spacing.Line=0
		   bFill=1
		   Raster=1
		   BkColor=@RGB_LightBlue
		   FgColor=RGB(0,0,0)
		   SpaceOptimization=True
		   Link.URL=
		   WithText=False
		   MatchDevicePixel=False
		   [Frame]
			{
			Default=True
			Layout=1
			[Left]
			 {
			 Spacing=1000
			 Line=True
			 [Line]
			  {
			  Color=RGB(0,0,0)
			  LineType=0
			  }
			 LineWidth=0
			 }
			[Top]
			 {
			 Spacing=500
			 Line=True
			 [Line]
			  {
			  Color=RGB(0,0,0)
			  LineType=0
			  }
			 LineWidth=0
			 }
			[Right]
			 {
			 Spacing=1000
			 Line=True
			 [Line]
			  {
			  Color=RGB(0,0,0)
			  LineType=0
			  }
			 LineWidth=0
			 }
			[Bottom]
			 {
			 Spacing=500
			 Line=True
			 [Line]
			  {
			  Color=RGB(0,0,0)
			  LineType=0
			  }
			 LineWidth=0
			 }
			}
		   [Font]
			{
			Default=False
			FaceName="Arial"
			GdiCharSet=0
			Size=10.0
			Width=0
			Bold=True
			Italic=False
			Underline=False
			Strikeout=False
			Color=LL.Color.Black
			PitchAndFamily=34
			OutPrecision=3
			}
		   Direction=0
		   BarWidth=0
		   [BarWidth]
			{
			Align=0
			}
		   BarRatio=0
		   ExportAsPicture=False
		   DwgSaveAsJPEG=0
		   Condition=True
		   Animation=""
		   HTMLAnimation=""
		   }
		  }
		 [Options]
		  {
		  Description=header
		  [LFont]
		   {
		   Default=True
		   FaceName=Null()
		   GdiCharSet=Null()
		   Size=Null()
		   Width=#Null()
		   Bold=Null()
		   Italic=Null()
		   Underline=Null()
		   Strikeout=Null()
		   Color=Null()
		   PitchAndFamily=Null()
		   OutPrecision=Null()
		   }
		  DisplayInDesigner=True
		  PDFLevel=1
		  PDFText=
		  IndexPDFLevel=0
		  IndexPDFText=
		  [ReservedSpace]
		   {
		   Left=0
		   Top=0
		   Right=0
		   Bottom=0
		   }
		  Anchor=0
		  Anchor.ToTop=True
		  GroupCondition=Customer.Name
		  ResetSums=
		  OnNewPage=RemainingTableSpace(.T.)<50000
		  [OnNewPage]
		   {
		   ResetPageNumberOption=0
		   }
		  PrintRightAfterHeader=True
		  KeepTogether.Group=False
		  LCondition=True
		  Expandable=False
		  }
		 }
		}
	   [Options]
		{
		}
	   }
	  [GroupFooter]
	   {
	   [Lines]
		{
		[Line]
		 {
		 [Columns]
		  {
		  [Column]
		   {
		   Identifier=
		   Text=Year$(OrderHea.Order_Date)
		   Width=15600
		   Height=10000
		   FixedHeight=0
		   bIsotropic=True
		   PlainTextFormat=True
		   Align=0
		   AlignDecPosition=-10000
		   VAlign=0
		   DrawingAlignment=8
		   Adjusted=False
		   LineWrap=1
		   ForceWrap=False
		   FlowControl=False
		   Spacing.Line=0
		   bFill=0
		   FgColor=RGB(0,0,0)
		   SpaceOptimization=True
		   Link.URL=
		   WithText=False
		   MatchDevicePixel=False
		   [Frame]
			{
			Default=True
			Layout=1
			[Left]
			 {
			 Spacing=1000
			 Line=True
			 [Line]
			  {
			  Color=RGB(0,0,0)
			  LineType=0
			  }
			 LineWidth=0
			 }
			[Top]
			 {
			 Spacing=500
			 Line=True
			 [Line]
			  {
			  Color=RGB(0,0,0)
			  LineType=0
			  }
			 LineWidth=0
			 }
			[Right]
			 {
			 Spacing=1000
			 Line=True
			 [Line]
			  {
			  Color=RGB(0,0,0)
			  LineType=0
			  }
			 LineWidth=0
			 }
			[Bottom]
			 {
			 Spacing=500
			 Line=True
			 [Line]
			  {
			  Color=RGB(0,0,0)
			  LineType=0
			  }
			 LineWidth=0
			 }
			}
		   [Font]
			{
			Default=True
			FaceName=Null()
			GdiCharSet=Null()
			Size=Null()
			Width=#Null()
			Bold=Null()
			Italic=Null()
			Underline=Null()
			Strikeout=Null()
			Color=Null()
			PitchAndFamily=Null()
			OutPrecision=Null()
			}
		   Direction=0
		   BarWidth=0
		   [BarWidth]
			{
			Align=0
			}
		   BarRatio=0
		   ExportAsPicture=False
		   DwgSaveAsJPEG=0
		   Condition=True
		   Animation=""
		   HTMLAnimation=""
		   }
		  [Column]
		   {
		   Identifier=
		   OutputFormatter=CURRENCY
		   [OutputFormatter.CURRENCY]
			{
			DecimalCharType=-1
			ThousandsCharType=-1
			NegativeFormatType=-1
			Decimals=-1
			EmptyIfBool=False
			LeadingZero=True
			ForceSign=False
			ExponentialFormat=0
			Units=
			RemoveTrailingZeroes=False
			MultiplyBy100=False
			PositiveFormatType=-1
			CurrencySymbol=
			}
		   Text=Sum (OrderDtl.Extended_Price)
		   Width=27600
		   Height=10000
		   FixedHeight=0
		   bIsotropic=True
		   PlainTextFormat=True
		   Align=1
		   AlignDecPosition=-10000
		   VAlign=0
		   DrawingAlignment=8
		   Adjusted=False
		   LineWrap=1
		   ForceWrap=False
		   FlowControl=False
		   Spacing.Line=0
		   bFill=0
		   FgColor=RGB(0,0,0)
		   SpaceOptimization=True
		   Link.URL=
		   WithText=False
		   MatchDevicePixel=False
		   [Frame]
			{
			Default=True
			Layout=1
			[Left]
			 {
			 Spacing=1000
			 Line=True
			 [Line]
			  {
			  Color=RGB(0,0,0)
			  LineType=0
			  }
			 LineWidth=0
			 }
			[Top]
			 {
			 Spacing=500
			 Line=True
			 [Line]
			  {
			  Color=RGB(0,0,0)
			  LineType=0
			  }
			 LineWidth=0
			 }
			[Right]
			 {
			 Spacing=1000
			 Line=True
			 [Line]
			  {
			  Color=RGB(0,0,0)
			  LineType=0
			  }
			 LineWidth=0
			 }
			[Bottom]
			 {
			 Spacing=500
			 Line=True
			 [Line]
			  {
			  Color=RGB(0,0,0)
			  LineType=0
			  }
			 LineWidth=0
			 }
			}
		   [Font]
			{
			Default=True
			FaceName=Null()
			GdiCharSet=Null()
			Size=Null()
			Width=#Null()
			Bold=Null()
			Italic=Null()
			Underline=Null()
			Strikeout=Null()
			Color=Null()
			PitchAndFamily=Null()
			OutPrecision=Null()
			}
		   Direction=0
		   BarWidth=0
		   [BarWidth]
			{
			Align=0
			}
		   BarRatio=0
		   ExportAsPicture=False
		   DwgSaveAsJPEG=0
		   Condition=True
		   Animation=""
		   HTMLAnimation=""
		   }
		  [Column]
		   {
		   Identifier=
		   Width=90600
		   Height=50000
		   FixedHeight=0
		   bIsotropic=True
		   PlainTextFormat=True
		   Align=0
		   AlignDecPosition=-10000
		   VAlign=0
		   DrawingAlignment=8
		   Adjusted=False
		   LineWrap=1
		   ForceWrap=False
		   FlowControl=False
		   Spacing.Line=0
		   bFill=0
		   FgColor=LL.Color.Black
		   SpaceOptimization=True
		   Link.URL=
		   WithText=False
		   MatchDevicePixel=False
		   [Frame]
			{
			Default=True
			Layout=1
			[Left]
			 {
			 Spacing=1000
			 Line=True
			 [Line]
			  {
			  Color=LL.Color.Black
			  LineType=0
			  }
			 LineWidth=0
			 }
			[Top]
			 {
			 Spacing=500
			 Line=True
			 [Line]
			  {
			  Color=LL.Color.Black
			  LineType=0
			  }
			 LineWidth=0
			 }
			[Right]
			 {
			 Spacing=1000
			 Line=True
			 [Line]
			  {
			  Color=LL.Color.Black
			  LineType=0
			  }
			 LineWidth=0
			 }
			[Bottom]
			 {
			 Spacing=500
			 Line=True
			 [Line]
			  {
			  Color=LL.Color.Black
			  LineType=0
			  }
			 LineWidth=0
			 }
			}
		   [Font]
			{
			Default=True
			FaceName=Null()
			GdiCharSet=Null()
			Size=Null()
			Width=#Null()
			Bold=Null()
			Italic=Null()
			Underline=Null()
			Strikeout=Null()
			Color=Null()
			PitchAndFamily=Null()
			OutPrecision=Null()
			}
		   Direction=0
		   BarWidth=0
		   [BarWidth]
			{
			Align=0
			}
		   BarRatio=0
		   ExportAsPicture=False
		   DwgSaveAsJPEG=0
		   Condition=True
		   Animation=""
		   HTMLAnimation=""
		   LLXType=LLCHART
		   [LLXObject]
			{
			[Engine]
			 {
			 PieGradientFactor=50
			 PieGradientFactor.EnhancedFrame=False
			 PieCoverage=360
			 PieRotateClockwise=True
			 UseLightEffect=True
			 Perspective=0
			 RotZ=150
			 RotX=30
			 ColorMode=1
			 ShowSeparatorLines=False
			 [AdditionalProperties]
			  {
			  Type=0
			  DataMode=0
			  VisMode=1
			  Flags=7340032
			  bNewAxisMode=TRUE
			  }
			 [xAxis]
			  {
			  FormulaValue=OrderHea.SalesPerson_ID
			  FormulaFilter=True
			  SamplesForDesigner=5
			  AutoSort=4
			  MinPercentageForArcs=0
			  FormulaCoordOthers=LL.ChartObject.AxisCoordinate + " (" + Str$(LL.ChartObject.ArcPerc,0,1) + "% / " + Str$(LL.ChartObject.ArcValue,0,0) + " pcs.)"
			  [FormulaCoordOthers.Font]
			   {
			   Default=True
			   FaceName=Null()
			   GdiCharSet=Null()
			   Size=Null()
			   Width=#Null()
			   Bold=Null()
			   Italic=Null()
			   Underline=Null()
			   Strikeout=Null()
			   Color=Null()
			   PitchAndFamily=Null()
			   OutPrecision=Null()
			   }
			  FormulaCoordOthers.FixedSize=False
			  FormulaCoordOthers.OutputFormatter=
			  FormulaCoordPie=LL.ChartObject.AxisCoordinate + " (" + Str$(LL.ChartObject.ArcPerc,0,1) + "% / " + Str$(LL.ChartObject.ArcValue,0,0) + " pcs.)"
			  [FormulaCoordPie.Font]
			   {
			   Default=True
			   FaceName=Null()
			   GdiCharSet=Null()
			   Size=Null()
			   Width=#Null()
			   Bold=Null()
			   Italic=Null()
			   Underline=Null()
			   Strikeout=Null()
			   Color=Null()
			   PitchAndFamily=Null()
			   OutPrecision=Null()
			   }
			  FormulaCoordPie.FixedSize=False
			  FormulaCoordPie.OutputFormatter=
			  FormulaLabel="Achsenbeschriftung"
			  [FormulaLabel.Font]
			   {
			   Default=True
			   FaceName=Null()
			   GdiCharSet=Null()
			   Size=Null()
			   Width=#Null()
			   Bold=Null()
			   Italic=Null()
			   Underline=Null()
			   Strikeout=Null()
			   Color=Null()
			   PitchAndFamily=Null()
			   OutPrecision=Null()
			   }
			  FormulaLabel.RotationAngle=0
			  FormulaLabel.OutputFormatter=
			  CoordTextPlacement=1
			  CoordTextPlacement.Equidistant=False
			  [CoordTextPlacement.bFrame]
			   {
			   Layout=0
			   [Left]
				{
				Spacing=1000
				Line=False
				}
			   [Top]
				{
				Spacing=1000
				Line=False
				}
			   [Right]
				{
				Spacing=1000
				Line=False
				}
			   [Bottom]
				{
				Spacing=1000
				Line=False
				}
			   }
			  RelativePartOfAtAxisText=30
			  RelativePartOfLegendText=0
			  [AreaList]
			   {
			   [ItemList]
				{
				}
			   }
			  }
			 [zAxis0]
			  {
			  FormulaValue=Sum(OrderDtl.Extended_Price)
			  FormulaCoordOnObjects=0
			  [FormulaCoordOnObjects]
			   {
			   [Font]
				{
				Default=True
				FaceName=Null()
				GdiCharSet=Null()
				Size=Null()
				Width=#Null()
				Bold=Null()
				Italic=Null()
				Underline=Null()
				Strikeout=Null()
				Color=Null()
				PitchAndFamily=Null()
				OutPrecision=Null()
				}
			   OutputFormatter=
			   Formula=LL.ChartObject.ArcPerc
			   [Filling]
				{
				bShow=0
				}
			   RotationAngle=0
			   OOTextDrawMethod=0
			   }
			  BarWidthPercentage=60
			  ExplosionOffsetPercentage=10
			  [AreaList]
			   {
			   [ItemList]
				{
				}
			   }
			  }
			 [RScriptData]
			  {
			  RSCode=
			  }
			 }
			TitleFormula=
			[TitleFormula.Font]
			 {
			 Default=True
			 FaceName=Null()
			 GdiCharSet=Null()
			 Size=Null()
			 Width=#Null()
			 Bold=Null()
			 Italic=Null()
			 Underline=Null()
			 Strikeout=Null()
			 Color=Null()
			 PitchAndFamily=Null()
			 OutPrecision=Null()
			 }
			TitleFormula.OutputFormatter=
			TitlePosition=0
			Background=False
			[Background]
			 {
			 [Filling]
			  {
			  bShow=1
			  Raster=1
			  Color=LL.Color.White
			  }
			 [Frame]
			  {
			  bShow=1
			  Color=LL.Color.Black
			  Width=10
			  }
			 [Shadow]
			  {
			  bShow=0
			  }
			 Rounding=0
			 }
			Colors\Color0=RGB(255,51,0)
			Colors\Color1=RGB(0,102,204)
			Colors\Color2=RGB(102,204,51)
			Colors\Color3=RGB(255,204,0)
			Colors\Color4=RGB(255,121,75)
			Colors\Color5=RGB(153,153,255)
			Colors\Color6=RGB(180,220,180)
			Colors\Color7=RGB(255,219,157)
			Colors\Color8=RGB(255,153,51)
			Colors\Color9=RGB(102,102,204)
			EnhancedColorContrast=False
			Version=2
			UUID={6014FDB5-D381-457C-9400-58E1E8B85CC3}
			}
		   }
		  }
		 [Options]
		  {
		  Description=chart
		  [LFont]
		   {
		   Default=True
		   FaceName=Null()
		   GdiCharSet=Null()
		   Size=Null()
		   Width=#Null()
		   Bold=Null()
		   Italic=Null()
		   Underline=Null()
		   Strikeout=Null()
		   Color=Null()
		   PitchAndFamily=Null()
		   OutPrecision=Null()
		   }
		  DisplayInDesigner=True
		  PDFLevel=0
		  PDFText=
		  IndexPDFLevel=0
		  IndexPDFText=
		  [ReservedSpace]
		   {
		   Left=0
		   Top=0
		   Right=0
		   Bottom=0
		   }
		  Anchor=0
		  Anchor.ToTop=True
		  GroupCondition=Year$ (OrderHea.Order_Date)
		  ResetSums=
		  TriggerNewPage=False
		  LCondition=True
		  }
		 }
		}
	   [Options]
		{
		}
	   }
	  [ChildTables]
	   {
	   [Table]
		{
		TableType=List
		TableID=OrderDtl
		RelationID=OrderDtl->OrderHea
		[GroupHeaderLines]
		 {
		 bConcatDataLines=True
		 bKeepTogether=False
		 }
		[GroupFooterLines]
		 {
		 bAlsoOnEmptyGroup=False
		 bKeepTogether=False
		 }
		[DataLines]
		 {
		 bKeepTogether=True
		 bSuppress=True
		 bForceSumCalculation=True
		 }
		ZebraPattern=0
		[FooterLines]
		 {
		 bKeepTogether=False
		 }
		PageBreakCondition=False
		[DefaultFrame]
		 {
		 Layout=1
		 [Left]
		  {
		  Spacing=1000
		  Line=True
		  [Line]
		   {
		   Color=LL.Color.Black
		   LineType=0
		   }
		  LineWidth=0
		  }
		 [Top]
		  {
		  Spacing=500
		  Line=True
		  [Line]
		   {
		   Color=LL.Color.Black
		   LineType=0
		   }
		  LineWidth=0
		  }
		 [Right]
		  {
		  Spacing=1000
		  Line=True
		  [Line]
		   {
		   Color=LL.Color.Black
		   LineType=0
		   }
		  LineWidth=0
		  }
		 [Bottom]
		  {
		  Spacing=500
		  Line=True
		  [Line]
		   {
		   Color=LL.Color.Black
		   LineType=0
		   }
		  LineWidth=0
		  }
		 }
		UseSepTicks=True
		Identifier=
		Condition=True
		DistanceTop=0
		DistanceBottom=0
		WrapBefore=False
		[WrapBefore]
		 {
		 ResetPageNumberOption=0
		 }
		ShowInContextUI=True
		SortOrderID=""
		PDFLevel=0
		PDFText=
		IndexPDFLevel=0
		IndexPDFText=
		Expandable=False
		FormulaFilter=True
		DesignScheme="PROJECT"
		[Body]
		 {
		 [Lines]
		  {
		  [Line]
		   {
		   [Columns]
			{
			[Column]
			 {
			 Identifier=
			 Text=OrderDtl.Order_number
			 Width=172600
			 Height=10000
			 FixedHeight=0
			 bIsotropic=True
			 PlainTextFormat=True
			 Align=0
			 AlignDecPosition=-10000
			 VAlign=0
			 DrawingAlignment=8
			 Adjusted=False
			 LineWrap=1
			 ForceWrap=False
			 FlowControl=False
			 Spacing.Line=0
			 bFill=0
			 FgColor=LL.Color.Black
			 SpaceOptimization=True
			 Link.URL=
			 WithText=False
			 MatchDevicePixel=False
			 [Frame]
			  {
			  Default=True
			  Layout=1
			  [Left]
			   {
			   Spacing=1000
			   Line=True
			   [Line]
				{
				Color=LL.Color.Black
				LineType=0
				}
			   LineWidth=0
			   }
			  [Top]
			   {
			   Spacing=500
			   Line=True
			   [Line]
				{
				Color=LL.Color.Black
				LineType=0
				}
			   LineWidth=0
			   }
			  [Right]
			   {
			   Spacing=1000
			   Line=True
			   [Line]
				{
				Color=LL.Color.Black
				LineType=0
				}
			   LineWidth=0
			   }
			  [Bottom]
			   {
			   Spacing=500
			   Line=True
			   [Line]
				{
				Color=LL.Color.Black
				LineType=0
				}
			   LineWidth=0
			   }
			  }
			 [Font]
			  {
			  Default=True
			  FaceName=Null()
			  GdiCharSet=Null()
			  Size=Null()
			  Width=#Null()
			  Bold=Null()
			  Italic=Null()
			  Underline=Null()
			  Strikeout=Null()
			  Color=Null()
			  PitchAndFamily=Null()
			  OutPrecision=Null()
			  }
			 Direction=0
			 BarWidth=0
			 [BarWidth]
			  {
			  Align=0
			  }
			 BarRatio=0
			 ExportAsPicture=False
			 DwgSaveAsJPEG=0
			 Condition=True
			 Animation=""
			 HTMLAnimation=""
			 }
			}
		   [Options]
			{
			Description=Zeilendefinition  1
			[LFont]
			 {
			 Default=True
			 FaceName=Null()
			 GdiCharSet=Null()
			 Size=Null()
			 Width=#Null()
			 Bold=Null()
			 Italic=Null()
			 Underline=Null()
			 Strikeout=Null()
			 Color=Null()
			 PitchAndFamily=Null()
			 OutPrecision=Null()
			 }
			DisplayInDesigner=True
			PDFLevel=0
			PDFText=
			IndexPDFLevel=0
			IndexPDFText=
			[ReservedSpace]
			 {
			 Left=0
			 Top=0
			 Right=0
			 Bottom=0
			 }
			LCondition=True
			Anchor=0
			Anchor.ToTop=True
			}
		   }
		  }
		 [Options]
		  {
		  }
		 }
		[Header]
		 {
		 [Lines]
		  {
		  [Line]
		   {
		   [Columns]
			{
			}
		   [Options]
			{
			Description=
			[LFont]
			 {
			 Default=True
			 FaceName=Null()
			 GdiCharSet=Null()
			 Size=Null()
			 Width=#Null()
			 Bold=Null()
			 Italic=Null()
			 Underline=Null()
			 Strikeout=Null()
			 Color=Null()
			 PitchAndFamily=Null()
			 OutPrecision=Null()
			 }
			DisplayInDesigner=True
			PDFLevel=0
			PDFText=
			IndexPDFLevel=0
			IndexPDFText=
			[ReservedSpace]
			 {
			 Left=0
			 Top=0
			 Right=0
			 Bottom=0
			 }
			LCondition=True
			Anchor=0
			Anchor.ToTop=True
			}
		   }
		  }
		 [Options]
		  {
		  }
		 }
		[Footer]
		 {
		 [Lines]
		  {
		  [Line]
		   {
		   [Columns]
			{
			}
		   [Options]
			{
			Description=
			[LFont]
			 {
			 Default=True
			 FaceName=Null()
			 GdiCharSet=Null()
			 Size=Null()
			 Width=#Null()
			 Bold=Null()
			 Italic=Null()
			 Underline=Null()
			 Strikeout=Null()
			 Color=Null()
			 PitchAndFamily=Null()
			 OutPrecision=Null()
			 }
			DisplayInDesigner=True
			PDFLevel=0
			PDFText=
			IndexPDFLevel=0
			IndexPDFText=
			[ReservedSpace]
			 {
			 Left=0
			 Top=0
			 Right=0
			 Bottom=0
			 }
			LCondition=True
			Anchor=0
			Anchor.ToTop=True
			}
		   }
		  }
		 [Options]
		  {
		  }
		 }
		[GroupHeader]
		 {
		 [Lines]
		  {
		  [Line]
		   {
		   [Columns]
			{
			}
		   [Options]
			{
			Description=
			[LFont]
			 {
			 Default=True
			 FaceName=Null()
			 GdiCharSet=Null()
			 Size=Null()
			 Width=#Null()
			 Bold=Null()
			 Italic=Null()
			 Underline=Null()
			 Strikeout=Null()
			 Color=Null()
			 PitchAndFamily=Null()
			 OutPrecision=Null()
			 }
			DisplayInDesigner=True
			PDFLevel=1
			PDFText=
			IndexPDFLevel=0
			IndexPDFText=
			[ReservedSpace]
			 {
			 Left=0
			 Top=1000
			 Right=0
			 Bottom=0
			 }
			Anchor=0
			Anchor.ToTop=True
			GroupCondition=
			ResetSums=
			OnNewPage=False
			[OnNewPage]
			 {
			 ResetPageNumberOption=0
			 }
			PrintRightAfterHeader=False
			KeepTogether.Group=False
			LCondition=True
			Expandable=False
			}
		   }
		  }
		 [Options]
		  {
		  }
		 }
		[GroupFooter]
		 {
		 [Lines]
		  {
		  [Line]
		   {
		   [Columns]
			{
			}
		   [Options]
			{
			Description=
			[LFont]
			 {
			 Default=True
			 FaceName=Null()
			 GdiCharSet=Null()
			 Size=Null()
			 Width=#Null()
			 Bold=Null()
			 Italic=Null()
			 Underline=Null()
			 Strikeout=Null()
			 Color=Null()
			 PitchAndFamily=Null()
			 OutPrecision=Null()
			 }
			DisplayInDesigner=True
			PDFLevel=0
			PDFText=
			IndexPDFLevel=0
			IndexPDFText=
			[ReservedSpace]
			 {
			 Left=0
			 Top=0
			 Right=0
			 Bottom=1000
			 }
			Anchor=0
			Anchor.ToTop=True
			GroupCondition=
			ResetSums=
			TriggerNewPage=False
			LCondition=True
			}
		   }
		  }
		 [Options]
		  {
		  }
		 }
		}
	   }
	  }
	 }
	}
   }
  }
[Object]
 ObjectID=1
 ObjectName=Text
 Locked=FALSE
 LinkUUID={A205FB9F-D9E7-48EF-9D8A-0BB3217EBFD8}
 LinkMode=32
 LayerID=0
 LayerCond=
 GroupUUID=
 Identifier=Printing Info
 Condition=True
 UserLocked=False
 WrapBefore=False
 bPageWrap=False
 ExportAsPicture=False
 Position/Left=15000
 Position/Top=274960
 Position/Width=182880
 Position/Height=8740
 Direction=0
 bFill=0
 Frame/Layout=0
 Frame/Left/Spacing=0
 Frame/Left/Line=False
 Frame/Top/Spacing=0
 Frame/Top/Line=False
 Frame/Right/Spacing=0
 Frame/Right/Line=False
 Frame/Bottom/Spacing=0
 Frame/Bottom/Line=False
 PDFLevel=0
 PDFText=
 IndexPDFLevel=0
 IndexPDFText=
 IssueCondition=True
 Link.URL=
 Animation=""
 HTMLAnimation=""
 bBottomAligned=0
 [@Lines]
  {
  [Lines]
   {
   [Line]
	{
	[Font]
	 {
	 Default=True
	 FaceName=Null()
	 GdiCharSet=Null()
	 Size=Null()
	 Width=#Null()
	 Bold=Null()
	 Italic=Null()
	 Underline=Null()
	 Strikeout=Null()
	 Color=Null()
	 PitchAndFamily=Null()
	 OutPrecision=Null()
	 }
	Align=2
	Adjusted=False
	Uneraseable=False
	LineWrap=1
	PageWrapAllowed=True
	ForceWrap=False
	SpaceOptimization=True
	Spacing.Paragraph=0
	Spacing.Line=0
	OutputFormatter=
	Condition=True
	[ConditionalFormatter]
	 {
	 }
	Text="Page " + FStr$(Page(),"###",1) + " of " + TotalPages$ () + "¶" + "Printed " + Date$(Today(),"%D, %M %d, %y") + " at " + Time$("%h:%02m") + " on " + LL.OutputDevice
	Tab=0
	TabAlign=0
	}
   }
  }
[Object]
 ObjectID=1
 ObjectName=Text
 Locked=FALSE
 LinkUUID={CE37E6BB-E9E0-40B0-8D8E-C0F817F4405C}
 LinkMode=32
 LayerID=0
 LayerCond=
 GroupUUID=
 Identifier=Copyright /LINK:http://www.combit.net/en/ListLabel.aspx
 Condition=True
 UserLocked=False
 WrapBefore=False
 bPageWrap=False
 ExportAsPicture=False
 Position/Left=12940
 Position/Top=286750
 Position/Width=80700
 Position/Height=2450
 Direction=0
 bFill=0
 Frame/Layout=0
 Frame/Left/Spacing=0
 Frame/Left/Line=False
 Frame/Top/Spacing=0
 Frame/Top/Line=False
 Frame/Right/Spacing=0
 Frame/Right/Line=False
 Frame/Bottom/Spacing=0
 Frame/Bottom/Line=False
 PDFLevel=0
 PDFText=
 IndexPDFLevel=0
 IndexPDFText=
 IssueCondition=True
 Link.URL=
 Animation=""
 HTMLAnimation=""
 bBottomAligned=0
 bWYSIWYGDialog=FALSE
 [@Lines]
  {
  [Lines]
   {
   [Line]
	{
	[Font]
	 {
	 Default=False
	 FaceName="Arial"
	 GdiCharSet=0
	 Size=5.0
	 Width=0
	 Bold=False
	 Italic=False
	 Underline=False
	 Strikeout=False
	 Color=LL.Color.Black
	 PitchAndFamily=34
	 OutPrecision=3
	 }
	Align=0
	Adjusted=False
	Uneraseable=False
	LineWrap=0
	PageWrapAllowed=False
	ForceWrap=False
	SpaceOptimization=True
	Spacing.Paragraph=0
	Spacing.Line=0
	OutputFormatter=
	Condition=True
	[ConditionalFormatter]
	 {
	 }
	Text="designed & printed with combit® List & Label®"
	Tab=0
	TabAlign=0
	}
   }
  }
[UserVariables]
[Parameters]
 [@Parameters]
  {
  [Parameters]
   {
   LL.ProjectDescription=Analysis by Salesperson
   }
  }
[UsedIdentifiers]
 Variables=
 Fields=Customer.Customer_Number;Customer.Name;OrderDtl.Extended_Price;OrderDtl.Order_Number;OrderHea.Customer_Number;OrderHea.Order_Date;OrderHea.Order_Number;OrderHea.Order_Total;OrderHea.SalesPerson_ID;SalesP.ID;SalesP.Name
 ChartFields=
[PageLayouts]
 [@PageLayouts]
  {
  [PageLayouts]
   {
   [PageLayout]
	{
	DisplayName=Standard-Layout
	Condition=True
	SourceTray=0
	ForcePaperFormat=True
	UsePhysicalPaper=True
	PaperFormat=9
	PaperFormat.cx=209970
	PaperFormat.cy=296930
	PaperFormat.Orientation=1
	Copies=1
	Duplex=0
	Collate=0
	FitPage=False
	ShowInPrintDialog=True
	}
   }
  }
[ExtendedInfo]
 [@ExtendedInfos]
  {
  [UserDefinedDesignScheme]
   {
   [Foreground]
	{
	Color=(255,230,179)
	Color=(173,215,227)
	Color=(167,195,209)
	Color=(238,190,93)
	Color=(102,204,199)
	Color=(165,170,199)
	Color=(242,167,17)
	Color=(166,178,102)
	Color=(155,122,153)
	Color=(135,95,119)
	}
   [Background]
	{
	Color=(240,249,255)
	Color=(255,230,179)
	Color=(173,215,227)
	Color=(167,195,209)
	FillMode=1
	}
   }
  [UIDescriptions]
   {
   0=X:\Visual DataFlex Projects\LLLibraryLaufend\LLOrderSample\Layouts\Chart in table.lst
   }
  }
