[List description]
[Description]
 Text=Sales report per customer and vendor
 FileVersion=15
 RootTable=Customer
 Units=SCM-Units
 Metric=3
 TextQuote.Start=1
 TextQuote.End=1
 RepresentationCode.CondStart=171
 RepresentationCode.CondSep=166
 RepresentationCode.CondEnd=187
 RepresentationCode.Tab=247
 RepresentationCode.Ret=182
 RepresentationCode.PhantomSpace=8203
 RepresentationCode.LockNextChar=8288
 RepresentationCode.ExprSep=164
 LCID=3079
 UserVars.ManualSortOrder=1
 CreatedByCallFrom=vdfvm19.dll
 [@DatabaseStructure]
  {
  [DatabaseStructures]
   {
   [DatabaseStructure]
	{
	[Table:Customer]
	 {
	 }
	[Table:OrderHea]
	 {
	 [Relations]
	  {
	  OrderHea->Customer=Customer
	  }
	 }
	[Table:OrderDtl]
	 {
	 [Relations]
	  {
	  OrderDtl->OrderHea=OrderHea
	  }
	 }
	}
   }
  }
[Layout]
 P1.Template=
 xGrid=1000
 yGrid=1000
 GridShow=FALSE
 GridSnap=FALSE
 EnhancedExpressions=TRUE
 EnhancedOldExpressions=FALSE
 Decimals=2
 DefaultMedium=PRV
 RealDataPreviewPageLimit=-2
 DefFont={(0,0,0),10.000000,-13,0,0,0,400,0,0,0,0,3,2,1,34,Arial}
 HelpLines.Horizontal=
 HelpLines.Vertical=
 PDF.MaxOutlineDepth=2
 PDF.MaxOutlineDepth.IDX=3
 DefaultSize.Objecttype1=(0,0,209510,8400)
 DefaultSize.Objecttype5=(0,0,51500,27000)
 DefaultSize.Objecttype6=(0,0,266500,137000)
 DefaultSize.Objecttype10=(0,0,236000,141800)
 ObjectCount=7
[UserSection]
 
[SumVariables]
[Layer]
 Name=Base
 Condition=
 WorkspaceColor=(102,102,102)
 Visible=TRUE
 LayerID=0
[Layer]
 Name=First Page
 Condition=Page() = 1
 WorkspaceColor=(197,207,10)
 Visible=TRUE
 LayerID=1
[Layer]
 Name=Following Pages
 Condition=Page() <> 1
 WorkspaceColor=(161,203,243)
 Visible=TRUE
 LayerID=2
[ProjectTemplates]
 [@ProjectTemplates]
  {
  [ProjectTemplates]
   {
   [ProjectTemplate]
	{
	Identifier=
	Filename=ProjectPath$() + "Include.lst"
	bVisible=True
	Condition=True
	ProjectUUID={44F86EBA-FA26-8FD1-C85D-C81348AA211B}
	}
   }
  }
[Object]
 ObjectID=1
 ObjectName=Text
 Locked=FALSE
 LinkUUID={E2F8E36F-464F-4897-9446-785D86021BF5}
 LinkMode=32
 LayerID=0
 LayerCond=
 GroupUUID=
 Identifier=Heading
 Condition=True
 UserLocked=False
 WrapBefore=False
 bPageWrap=False
 ExportAsPicture=False
 Position/Left=12940
 Position/Top=41630
 Position/Width=209510
 Position/Height=8400
 Direction=0
 bFill=1
 BkColor=@RGB_Red
 Frame/Layout=0
 Frame/Left/Spacing=0
 Frame/Left/Line=False
 Frame/Top/Spacing=0
 Frame/Top/Line=False
 Frame/Right/Spacing=0
 Frame/Right/Line=False
 Frame/Bottom/Spacing=0
 Frame/Bottom/Line=False
 PDFLevel=0
 PDFText=
 IndexPDFLevel=0
 IndexPDFText=
 IssueCondition=True
 Link.URL=
 Animation=""
 HTMLAnimation=""
 bBottomAligned=0
 [@Lines]
  {
  [Lines]
   {
   [Line]
	{
	[Font]
	 {
	 Default=False
	 FaceName="Arial"
	 GdiCharSet=0
	 Size=18.0
	 Width=0
	 Bold=True
	 Italic=False
	 Underline=False
	 Strikeout=False
	 Color=LL.Color.White
	 PitchAndFamily=34
	 OutPrecision=3
	 }
	Align=0
	Adjusted=False
	Uneraseable=False
	LineWrap=1
	PageWrapAllowed=True
	ForceWrap=False
	SpaceOptimization=True
	Spacing.Paragraph=0
	Spacing.Line=0
	OutputFormatter=
	Condition=True
	[ConditionalFormatter]
	 {
	 }
	Text="Sales report per customer and employee/vendor"
	Tab=0
	TabAlign=0
	}
   }
  }
[Object]
 ObjectID=2
 ObjectName=Rechteck
 Locked=FALSE
 LinkUUID={D80B3ACF-C855-42BD-99E2-4AE9A267FB52}
 LinkMode=32
 LayerID=0
 LayerCond=
 GroupUUID=
 Identifier=Background_Report Container
 Condition=True
 UserLocked=False
 WrapBefore=False
 ExportAsPicture=False
 Position/Left=12940
 Position/Top=50280
 Position/Width=273140
 Position/Height=149990
 Direction=0
 PDFLevel=0
 PDFText=
 IndexPDFLevel=0
 IndexPDFText=
 IssueCondition=True
 Link.URL=
 Animation=""
 bFrame=1
 FgColor=LL.Color.Black
 Width=140
 LineType=0
 bFill=1
 Raster=1
 BkColor=LL.Color.White
 bShadow=0
 Rounding=0
[Object]
 ObjectID=6
 ObjectName=Berichtscontainer
 Locked=FALSE
 LinkUUID={171CEE79-68B1-4B49-882A-7F4B18A9349F}
 LinkMode=48
 LayerID=0
 LayerCond=
 GroupUUID=
 Identifier=Crosstab
 Condition=True
 UserLocked=False
 WrapBefore=False
 Position/Left=15470
 Position/Top=55620
 Position/Width=268440
 Position/Height=131900
 Direction=0
 Frame/Layout=0
 Frame/Left/Spacing=0
 Frame/Left/Line=False
 Frame/Top/Spacing=0
 Frame/Top/Line=False
 Frame/Right/Spacing=0
 Frame/Right/Line=False
 Frame/Bottom/Spacing=0
 Frame/Bottom/Line=False
 PDFLevel=0
 PDFText=
 IndexPDFLevel=0
 IndexPDFText=
 IssueCondition=True
 Link.URL=
 DefaultFont/Default=True
 DefaultFont/FaceName="Verdana"
 DefaultFont/GdiCharSet=0
 DefaultFont/Size=Null()
 DefaultFont/Width=#Null()
 DefaultFont/Bold=Null()
 DefaultFont/Italic=Null()
 DefaultFont/Underline=Null()
 DefaultFont/Strikeout=Null()
 DefaultFont/Color=Null()
 DefaultFont/PitchAndFamily=Null()
 DefaultFont/OutPrecision=Null()
 FgColor=RGB(0,0,0)
 bFill=0
 CurrentTable=0
 ColumnCount=1
 ColumnCount.Distance=0
 [@Tables]
  {
  [Tables]
   {
   [Table]
	{
	TableType=Crosstab
	TableID=Customer
	RelationID=
	[DistanceFromPrintBorder]
	 {
	 Left=0
	 Top=0
	 Right=0
	 Bottom=0
	 }
	ColumnCount=0
	ColumnCount.Distance=1000
	FillPrioHorizonal=False
	ColumnBreakCondition=False
	ColumnBreakBefore=False
	Identifier=
	Condition=True
	DistanceTop=5000
	DistanceBottom=0
	WrapBefore=False
	[WrapBefore]
	 {
	 ResetPageNumberOption=0
	 }
	ShowInContextUI=True
	[SourceTablePath]
	 {
	 [Table]
	  {
	  ID=OrderHea
	  RelationID=OrderHea->Customer
	  }
	 [Table]
	  {
	  ID=OrderDtl
	  RelationID=OrderDtl->OrderHea
	  }
	 }
	PDFLevel=0
	PDFText=
	IndexPDFLevel=0
	IndexPDFText=
	FormulaFilter=True
	Animation=""
	[LLXParameters]
	 {
	 [Properties]
	  {
	  bFill=0
	  [Split]
	   {
	   Percentage=100
	   [Cols]
		{
		RepeatLabels=False
		BreakLevel=0
		[BreakLevel]
		 {
		 Force=False
		 }
		}
	   [Rows]
		{
		RepeatLabels=True
		BreakLevel=0
		[BreakLevel]
		 {
		 Force=False
		 }
		}
	   }
	  ShadowPages=True
	  DistanceTop=0
	  PDFOutline=
	  Link.URL=
	  MinHeight=100000
	  [DefaultFrame]
	   {
	   Layout=1
	   [Left]
		{
		Spacing=1000
		Line=True
		[Line]
		 {
		 Color=RGB(0,0,0)
		 LineType=0
		 }
		LineWidth=0
		}
	   [Top]
		{
		Spacing=500
		Line=True
		[Line]
		 {
		 Color=RGB(0,0,0)
		 LineType=0
		 }
		LineWidth=0
		}
	   [Right]
		{
		Spacing=1000
		Line=True
		[Line]
		 {
		 Color=RGB(0,0,0)
		 LineType=0
		 }
		LineWidth=0
		}
	   [Bottom]
		{
		Spacing=500
		Line=True
		[Line]
		 {
		 Color=RGB(0,0,0)
		 LineType=0
		 }
		LineWidth=0
		}
	   }
	  DesignScheme="PROJECT"
	  HarmonicLineHeights=True
	  }
	 [CellDefinitions]
	  {
	  [Level 0-0]
	   {
	   [Coord.Row]
		{
		Formula=Customer.Name
		}
	   [Coord.Col]
		{
		Formula=Quarter (OrderHea.Order_Date)
		}
	   [Properties.Cell]
		{
		OutputFormatter=GENERIC
		Formula=left$(Str$(Sum(OrderDtl.Extended_Price),0,0) + " (" + Join$(Str$(OrderDtl.Extended_Price,0,2)) + ")",80,true)
		[Font]
		 {
		 Default=False
		 FaceName="Verdana"
		 GdiCharSet=0
		 Size=10
		 Width=0
		 Bold=False
		 Italic=False
		 Underline=False
		 Strikeout=False
		 Color=RGB(0,0,0)
		 PitchAndFamily=34
		 OutPrecision=3
		 }
		Direction=0
		bFill=1
		Raster=1
		BkColor=Cond(Sum(OrderDtl.Extended_Price) > 0,¤  HSL(195,1,0.9-0.4*((Sum(OrderDtl.Extended_Price)-Crosstab.Cells.Min(.T.))/(Crosstab.Cells.Max (.T.)-Crosstab.Cells.Min (.T.)))),¤  RGB(255,255,255))
		Link.URL=
		VAlign=1
		[Frame]
		 {
		 Default=False
		 Layout=1
		 [Left]
		  {
		  Spacing=1000
		  Line=False
		  }
		 [Top]
		  {
		  Spacing=500
		  Line=True
		  [Line]
		   {
		   Color=RGB(192,192,192)
		   LineType=0
		   }
		  LineWidth=0
		  }
		 [Right]
		  {
		  Spacing=1000
		  Line=False
		  }
		 [Bottom]
		  {
		  Spacing=500
		  Line=True
		  [Line]
		   {
		   Color=RGB(192,192,192)
		   LineType=0
		   }
		  LineWidth=0
		  }
		 }
		Condition=True
		VALUE=Sum(OrderDtl.Extended_Price)
		SubCellLabel=
		Align=1
		AlignDecPosition=-10000
		MaxCellWidth=45000
		MinWidth=30000
		MinHeight=1000
		MaxHeight=0
		SpaceOptimization=True
		[ConditionalFormatter]
		 {
		 }
		}
	   [Properties.Label.Row]
		{
		OutputFormatter=
		Formula="Gesamt"
		[Font]
		 {
		 Default=True
		 FaceName=Null()
		 GdiCharSet=Null()
		 Size=Null()
		 Width=#Null()
		 Bold=Null()
		 Italic=Null()
		 Underline=Null()
		 Strikeout=Null()
		 Color=Null()
		 PitchAndFamily=Null()
		 OutPrecision=Null()
		 }
		Direction=0
		bFill=0
		Link.URL=
		VAlign=1
		[Frame]
		 {
		 Default=False
		 Layout=1
		 [Left]
		  {
		  Spacing=1000
		  Line=True
		  [Line]
		   {
		   Color=RGB(0,0,0)
		   LineType=0
		   }
		  LineWidth=0
		  }
		 [Top]
		  {
		  Spacing=500
		  Line=True
		  [Line]
		   {
		   Color=RGB(0,0,0)
		   LineType=0
		   }
		  LineWidth=0
		  }
		 [Right]
		  {
		  Spacing=1000
		  Line=True
		  [Line]
		   {
		   Color=RGB(0,0,0)
		   LineType=0
		   }
		  LineWidth=0
		  }
		 [Bottom]
		  {
		  Spacing=500
		  Line=True
		  [Line]
		   {
		   Color=RGB(0,0,0)
		   LineType=0
		   }
		  LineWidth=0
		  }
		 }
		ShowSummary=True
		ShowSummary.BeforeEntries=False
		Align=2
		AlignDecPosition=-10000
		MaxCellWidth=0
		MinWidth=1000
		MinHeight=1000
		MaxHeight=0
		SpaceOptimization=True
		[ConditionalFormatter]
		 {
		 }
		}
	   [Properties.Label.Col]
		{
		OutputFormatter=
		Formula="Gesamt"
		[Font]
		 {
		 Default=True
		 FaceName=Null()
		 GdiCharSet=Null()
		 Size=Null()
		 Width=#Null()
		 Bold=Null()
		 Italic=Null()
		 Underline=Null()
		 Strikeout=Null()
		 Color=Null()
		 PitchAndFamily=Null()
		 OutPrecision=Null()
		 }
		Direction=0
		bFill=0
		Link.URL=
		VAlign=1
		[Frame]
		 {
		 Default=False
		 Layout=1
		 [Left]
		  {
		  Spacing=1000
		  Line=True
		  [Line]
		   {
		   Color=RGB(0,0,0)
		   LineType=0
		   }
		  LineWidth=0
		  }
		 [Top]
		  {
		  Spacing=500
		  Line=True
		  [Line]
		   {
		   Color=RGB(0,0,0)
		   LineType=0
		   }
		  LineWidth=0
		  }
		 [Right]
		  {
		  Spacing=1000
		  Line=True
		  [Line]
		   {
		   Color=RGB(0,0,0)
		   LineType=0
		   }
		  LineWidth=0
		  }
		 [Bottom]
		  {
		  Spacing=500
		  Line=True
		  [Line]
		   {
		   Color=RGB(0,0,0)
		   LineType=0
		   }
		  LineWidth=0
		  }
		 }
		ShowSummary=True
		ShowSummary.BeforeEntries=False
		Align=2
		AlignDecPosition=-10000
		MaxCellWidth=0
		MinWidth=1000
		MinHeight=1000
		MaxHeight=0
		SpaceOptimization=True
		[ConditionalFormatter]
		 {
		 }
		}
	   [Properties.Span.Row]
		{
		OutputFormatter=
		Formula=Customer.Name
		[Font]
		 {
		 Default=True
		 FaceName=Null()
		 GdiCharSet=Null()
		 Size=Null()
		 Width=#Null()
		 Bold=Null()
		 Italic=Null()
		 Underline=Null()
		 Strikeout=Null()
		 Color=Null()
		 PitchAndFamily=Null()
		 OutPrecision=Null()
		 }
		Direction=0
		bFill=1
		Raster=1
		BkColor=@RGB_Blue
		Link.URL=
		VAlign=1
		[Frame]
		 {
		 Default=False
		 Layout=1
		 [Left]
		  {
		  Spacing=1000
		  Line=True
		  [Line]
		   {
		   Color=RGB(192,192,192)
		   LineType=0
		   }
		  LineWidth=0
		  }
		 [Top]
		  {
		  Spacing=500
		  Line=True
		  [Line]
		   {
		   Color=RGB(192,192,192)
		   LineType=0
		   }
		  LineWidth=0
		  }
		 [Right]
		  {
		  Spacing=1000
		  Line=True
		  [Line]
		   {
		   Color=RGB(192,192,192)
		   LineType=0
		   }
		  LineWidth=0
		  }
		 [Bottom]
		  {
		  Spacing=500
		  Line=True
		  [Line]
		   {
		   Color=RGB(192,192,192)
		   LineType=0
		   }
		  LineWidth=0
		  }
		 }
		ShowSpanLabel=True
		SortOrderAscending=0
		[SortOrderAscending]
		 {
		 SubCellIndex=0
		 }
		MaxEntryCount=0
		[MaxEntryCount]
		 {
		 bWithOthers=False
		 }
		Label="Andere"
		MinimumPercentage=0
		AutoFill=0
		Expandable=False
		Align=1
		AlignDecPosition=-10000
		MaxCellWidth=0
		MinWidth=1000
		SpaceOptimization=True
		[ConditionalFormatter]
		 {
		 }
		}
	   [Properties.Span.Col]
		{
		OutputFormatter=DATE
		[OutputFormatter.DATE]
		 {
		 DateFormatString=Q%q
		 DateFormatType=0
		 }
		Formula=OrderHea.Order_Date
		[Font]
		 {
		 Default=True
		 FaceName=Null()
		 GdiCharSet=Null()
		 Size=Null()
		 Width=#Null()
		 Bold=Null()
		 Italic=Null()
		 Underline=Null()
		 Strikeout=Null()
		 Color=Null()
		 PitchAndFamily=Null()
		 OutPrecision=Null()
		 }
		Direction=0
		bFill=1
		Raster=1
		BkColor=@RGB_LightBlue
		Link.URL=
		VAlign=1
		[Frame]
		 {
		 Default=False
		 Layout=1
		 [Left]
		  {
		  Spacing=1000
		  Line=Crosstab.Col()=0
		  [Line]
		   {
		   Color=RGB(192,192,192)
		   LineType=0
		   }
		  LineWidth=0
		  }
		 [Top]
		  {
		  Spacing=500
		  Line=False
		  }
		 [Right]
		  {
		  Spacing=1000
		  Line=False
		  }
		 [Bottom]
		  {
		  Spacing=500
		  Line=True
		  [Line]
		   {
		   Color=RGB(192,192,192)
		   LineType=0
		   }
		  LineWidth=0
		  }
		 }
		ShowSpanLabel=True
		SortOrderAscending=0
		[SortOrderAscending]
		 {
		 SubCellIndex=0
		 }
		MaxEntryCount=0
		[MaxEntryCount]
		 {
		 bWithOthers=False
		 }
		Label="Andere"
		MinimumPercentage=0
		AutoFill=0
		Expandable=False
		Align=1
		AlignDecPosition=-10000
		MinHeight=1000
		MaxHeight=0
		SpaceOptimization=True
		[ConditionalFormatter]
		 {
		 }
		}
	   }
	  [Level 0-1]
	   {
	   [Coord.Col]
		{
		Formula=Year(OrderHea.Order_Date)
		}
	   [Properties.Cell]
		{
		OutputFormatter=GENERIC
		Formula=Cond (Sum(OrderDtl.Extended_Price)>0,Str$(Sum(OrderDtl.Extended_Price),0,0),"---")
		[Font]
		 {
		 Default=False
		 FaceName="Verdana"
		 GdiCharSet=0
		 Size=10
		 Width=0
		 Bold=False
		 Italic=False
		 Underline=False
		 Strikeout=False
		 Color=RGB(0,0,0)
		 PitchAndFamily=34
		 OutPrecision=3
		 }
		Direction=0
		bFill=0
		Link.URL=
		VAlign=1
		[Frame]
		 {
		 Default=False
		 Layout=1
		 [Left]
		  {
		  Spacing=1000
		  Line=False
		  }
		 [Top]
		  {
		  Spacing=500
		  Line=True
		  [Line]
		   {
		   Color=RGB(192,192,192)
		   LineType=0
		   }
		  LineWidth=0
		  }
		 [Right]
		  {
		  Spacing=1000
		  Line=True
		  [Line]
		   {
		   Color=RGB(192,192,192)
		   LineType=0
		   }
		  LineWidth=0
		  }
		 [Bottom]
		  {
		  Spacing=500
		  Line=True
		  [Line]
		   {
		   Color=RGB(192,192,192)
		   LineType=0
		   }
		  LineWidth=0
		  }
		 }
		Condition=True
		VALUE=Sum(OrderDtl.Extended_Price)
		SubCellLabel=
		Align=1
		AlignDecPosition=-10000
		MaxCellWidth=0
		MinWidth=15000
		MinHeight=1000
		MaxHeight=0
		SpaceOptimization=True
		[ConditionalFormatter]
		 {
		 }
		}
	   [Properties.Label.Col]
		{
		OutputFormatter=
		Formula="Total"
		[Font]
		 {
		 Default=True
		 FaceName=Null()
		 GdiCharSet=Null()
		 Size=Null()
		 Width=#Null()
		 Bold=Null()
		 Italic=Null()
		 Underline=Null()
		 Strikeout=Null()
		 Color=Null()
		 PitchAndFamily=Null()
		 OutPrecision=Null()
		 }
		Direction=0
		bFill=3
		BkColor=RGB(255,255,255)
		BkColor2=LL.Color.CadetBlue
		Link.URL=
		VAlign=1
		[Frame]
		 {
		 Default=False
		 Layout=1
		 [Left]
		  {
		  Spacing=1000
		  Line=False
		  }
		 [Top]
		  {
		  Spacing=500
		  Line=False
		  }
		 [Right]
		  {
		  Spacing=1000
		  Line=True
		  [Line]
		   {
		   Color=RGB(192,192,192)
		   LineType=0
		   }
		  LineWidth=0
		  }
		 [Bottom]
		  {
		  Spacing=500
		  Line=True
		  [Line]
		   {
		   Color=RGB(192,192,192)
		   LineType=0
		   }
		  LineWidth=0
		  }
		 }
		ShowSummary=False
		ShowSummary.BeforeEntries=False
		Align=2
		AlignDecPosition=-10000
		MaxCellWidth=12000
		MinWidth=1000
		MinHeight=1000
		MaxHeight=0
		SpaceOptimization=True
		[ConditionalFormatter]
		 {
		 }
		}
	   [Properties.Span.Col]
		{
		OutputFormatter=
		Formula=Year(OrderHea.Order_Date)
		[Font]
		 {
		 Default=True
		 FaceName=Null()
		 GdiCharSet=Null()
		 Size=Null()
		 Width=#Null()
		 Bold=Null()
		 Italic=Null()
		 Underline=Null()
		 Strikeout=Null()
		 Color=Null()
		 PitchAndFamily=Null()
		 OutPrecision=Null()
		 }
		Direction=0
		bFill=1
		Raster=1
		BkColor=@RGB_Blue
		Link.URL=
		VAlign=1
		[Frame]
		 {
		 Default=False
		 Layout=1
		 [Left]
		  {
		  Spacing=1000
		  Line=Crosstab.Col()=0
		  [Line]
		   {
		   Color=RGB(192,192,192)
		   LineType=0
		   }
		  LineWidth=0
		  }
		 [Top]
		  {
		  Spacing=500
		  Line=True
		  [Line]
		   {
		   Color=RGB(192,192,192)
		   LineType=0
		   }
		  LineWidth=0
		  }
		 [Right]
		  {
		  Spacing=1000
		  Line=False
		  }
		 [Bottom]
		  {
		  Spacing=500
		  Line=False
		  }
		 }
		ShowSpanLabel=True
		SortOrderAscending=0
		[SortOrderAscending]
		 {
		 SubCellIndex=0
		 }
		MaxEntryCount=0
		[MaxEntryCount]
		 {
		 bWithOthers=False
		 }
		Label="Andere"
		MinimumPercentage=0
		AutoFill=0
		Expandable=False
		Align=1
		AlignDecPosition=-10000
		MinHeight=1000
		MaxHeight=0
		SpaceOptimization=True
		[ConditionalFormatter]
		 {
		 }
		}
	   }
	  [Level 0-2]
	   {
	   [Coord.Col]
		{
		}
	   [Properties.Cell]
		{
		OutputFormatter=GENERIC
		Formula=Cond (Sum(OrderDtl.Extended_Price)>0,Str$(Sum(OrderDtl.Extended_Price),0,0),"---")
		[Font]
		 {
		 Default=True
		 FaceName=Null()
		 GdiCharSet=Null()
		 Size=Null()
		 Width=#Null()
		 Bold=Null()
		 Italic=Null()
		 Underline=Null()
		 Strikeout=Null()
		 Color=Null()
		 PitchAndFamily=Null()
		 OutPrecision=Null()
		 }
		Direction=0
		bFill=1
		Raster=1
		BkColor=@RGB_Blue
		Link.URL=
		VAlign=1
		[Frame]
		 {
		 Default=False
		 Layout=1
		 [Left]
		  {
		  Spacing=1000
		  Line=True
		  [Line]
		   {
		   Color=RGB(192,192,192)
		   LineType=0
		   }
		  LineWidth=0
		  }
		 [Top]
		  {
		  Spacing=500
		  Line=True
		  [Line]
		   {
		   Color=RGB(192,192,192)
		   LineType=0
		   }
		  LineWidth=0
		  }
		 [Right]
		  {
		  Spacing=1000
		  Line=True
		  [Line]
		   {
		   Color=RGB(192,192,192)
		   LineType=0
		   }
		  LineWidth=0
		  }
		 [Bottom]
		  {
		  Spacing=500
		  Line=True
		  [Line]
		   {
		   Color=RGB(192,192,192)
		   LineType=0
		   }
		  LineWidth=0
		  }
		 }
		Condition=True
		VALUE=Sum(OrderDtl.Extended_Price)
		SubCellLabel=
		Align=2
		AlignDecPosition=-10000
		MaxCellWidth=0
		MinWidth=15000
		MinHeight=1000
		MaxHeight=0
		SpaceOptimization=True
		[ConditionalFormatter]
		 {
		 }
		}
	   [Properties.Label.Col]
		{
		OutputFormatter=
		Formula="Total"
		[Font]
		 {
		 Default=True
		 FaceName=Null()
		 GdiCharSet=Null()
		 Size=Null()
		 Width=#Null()
		 Bold=Null()
		 Italic=Null()
		 Underline=Null()
		 Strikeout=Null()
		 Color=Null()
		 PitchAndFamily=Null()
		 OutPrecision=Null()
		 }
		Direction=0
		bFill=1
		Raster=1
		BkColor=@RGB_Blue
		Link.URL=
		VAlign=1
		[Frame]
		 {
		 Default=False
		 Layout=1
		 [Left]
		  {
		  Spacing=1000
		  Line=True
		  [Line]
		   {
		   Color=RGB(192,192,192)
		   LineType=0
		   }
		  LineWidth=0
		  }
		 [Top]
		  {
		  Spacing=500
		  Line=True
		  [Line]
		   {
		   Color=RGB(192,192,192)
		   LineType=0
		   }
		  LineWidth=0
		  }
		 [Right]
		  {
		  Spacing=1000
		  Line=True
		  [Line]
		   {
		   Color=RGB(192,192,192)
		   LineType=0
		   }
		  LineWidth=0
		  }
		 [Bottom]
		  {
		  Spacing=500
		  Line=True
		  [Line]
		   {
		   Color=RGB(192,192,192)
		   LineType=0
		   }
		  LineWidth=0
		  }
		 }
		ShowSummary=True
		ShowSummary.BeforeEntries=False
		Align=2
		AlignDecPosition=-10000
		MaxCellWidth=12000
		MinWidth=1000
		MinHeight=1000
		MaxHeight=0
		SpaceOptimization=True
		[ConditionalFormatter]
		 {
		 }
		}
	   [Properties.Span.Col]
		{
		OutputFormatter=
		Formula="Order amount per year and customer"
		[Font]
		 {
		 Default=False
		 FaceName="Verdana"
		 GdiCharSet=0
		 Size=14.0
		 Width=0
		 Bold=True
		 Italic=False
		 Underline=False
		 Strikeout=False
		 Color=LL.Color.Black
		 PitchAndFamily=34
		 OutPrecision=3
		 }
		Direction=0
		bFill=0
		Link.URL=
		VAlign=1
		[Frame]
		 {
		 Default=False
		 Layout=1
		 [Left]
		  {
		  Spacing=1000
		  Line=False
		  }
		 [Top]
		  {
		  Spacing=500
		  Line=False
		  }
		 [Right]
		  {
		  Spacing=1000
		  Line=False
		  }
		 [Bottom]
		  {
		  Spacing=500
		  Line=False
		  }
		 }
		ShowSpanLabel=True
		SortOrderAscending=0
		[SortOrderAscending]
		 {
		 SubCellIndex=0
		 }
		MaxEntryCount=0
		[MaxEntryCount]
		 {
		 bWithOthers=False
		 }
		Label="Andere"
		MinimumPercentage=0
		AutoFill=0
		Expandable=False
		Align=1
		AlignDecPosition=-10000
		MinHeight=1000
		MaxHeight=0
		SpaceOptimization=True
		[ConditionalFormatter]
		 {
		 }
		}
	   }
	  [Level 1-0]
	   {
	   [Coord.Row]
		{
		}
	   [Properties.Cell]
		{
		OutputFormatter=GENERIC
		Formula=Cond (Sum(OrderDtl.Extended_Price)>0,Str$(Sum(OrderDtl.Extended_Price),0,0),"---")
		[Font]
		 {
		 Default=True
		 FaceName=Null()
		 GdiCharSet=Null()
		 Size=Null()
		 Width=#Null()
		 Bold=Null()
		 Italic=Null()
		 Underline=Null()
		 Strikeout=Null()
		 Color=Null()
		 PitchAndFamily=Null()
		 OutPrecision=Null()
		 }
		Direction=0
		bFill=1
		Raster=1
		BkColor=@RGB_Blue
		Link.URL=
		VAlign=1
		[Frame]
		 {
		 Default=False
		 Layout=1
		 [Left]
		  {
		  Spacing=1000
		  Line=False
		  }
		 [Top]
		  {
		  Spacing=500
		  Line=True
		  [Line]
		   {
		   Color=RGB(192,192,192)
		   LineType=0
		   }
		  LineWidth=0
		  }
		 [Right]
		  {
		  Spacing=1000
		  Line=False
		  }
		 [Bottom]
		  {
		  Spacing=500
		  Line=True
		  [Line]
		   {
		   Color=RGB(192,192,192)
		   LineType=0
		   }
		  LineWidth=0
		  }
		 }
		Condition=True
		VALUE=Sum(OrderDtl.Extended_Price)
		SubCellLabel=
		Align=1
		AlignDecPosition=-10000
		MaxCellWidth=0
		MinWidth=30000
		MinHeight=1000
		MaxHeight=0
		SpaceOptimization=True
		[ConditionalFormatter]
		 {
		 }
		}
	   [Properties.Label.Row]
		{
		OutputFormatter=
		Formula="Total"
		[Font]
		 {
		 Default=True
		 FaceName=Null()
		 GdiCharSet=Null()
		 Size=Null()
		 Width=#Null()
		 Bold=Null()
		 Italic=Null()
		 Underline=Null()
		 Strikeout=Null()
		 Color=Null()
		 PitchAndFamily=Null()
		 OutPrecision=Null()
		 }
		Direction=0
		bFill=1
		Raster=1
		BkColor=@RGB_Blue
		Link.URL=
		VAlign=1
		[Frame]
		 {
		 Default=False
		 Layout=1
		 [Left]
		  {
		  Spacing=1000
		  Line=True
		  [Line]
		   {
		   Color=RGB(192,192,192)
		   LineType=0
		   }
		  LineWidth=0
		  }
		 [Top]
		  {
		  Spacing=500
		  Line=True
		  [Line]
		   {
		   Color=RGB(192,192,192)
		   LineType=0
		   }
		  LineWidth=0
		  }
		 [Right]
		  {
		  Spacing=1000
		  Line=True
		  [Line]
		   {
		   Color=RGB(192,192,192)
		   LineType=0
		   }
		  LineWidth=0
		  }
		 [Bottom]
		  {
		  Spacing=500
		  Line=True
		  [Line]
		   {
		   Color=RGB(192,192,192)
		   LineType=0
		   }
		  LineWidth=0
		  }
		 }
		ShowSummary=True
		ShowSummary.BeforeEntries=False
		Align=1
		AlignDecPosition=-10000
		MaxCellWidth=0
		MinWidth=1000
		MinHeight=1000
		MaxHeight=0
		SpaceOptimization=True
		[ConditionalFormatter]
		 {
		 }
		}
	   [Properties.Span.Row]
		{
		OutputFormatter=
		Formula=""
		[Font]
		 {
		 Default=False
		 FaceName="Verdana"
		 GdiCharSet=0
		 Size=14
		 Width=0
		 Bold=True
		 Italic=False
		 Underline=False
		 Strikeout=False
		 Color=RGB(0,0,0)
		 PitchAndFamily=34
		 OutPrecision=3
		 }
		Direction=1
		bFill=0
		Link.URL=
		VAlign=1
		[Frame]
		 {
		 Default=False
		 Layout=1
		 [Left]
		  {
		  Spacing=1000
		  Line=False
		  }
		 [Top]
		  {
		  Spacing=500
		  Line=False
		  }
		 [Right]
		  {
		  Spacing=1000
		  Line=False
		  }
		 [Bottom]
		  {
		  Spacing=500
		  Line=False
		  }
		 }
		ShowSpanLabel=False
		SortOrderAscending=0
		[SortOrderAscending]
		 {
		 SubCellIndex=0
		 }
		MaxEntryCount=0
		[MaxEntryCount]
		 {
		 bWithOthers=False
		 }
		Label="Andere"
		MinimumPercentage=0
		AutoFill=0
		Expandable=False
		Align=1
		AlignDecPosition=-10000
		MaxCellWidth=0
		MinWidth=1000
		SpaceOptimization=True
		[ConditionalFormatter]
		 {
		 }
		}
	   }
	  [Level 1-1]
	   {
	   [Properties.Cell]
		{
		OutputFormatter=GENERIC
		Formula=Cond (Sum(OrderDtl.Extended_Price)>0,Str$(Sum(OrderDtl.Extended_Price),0,0),"---")
		[Font]
		 {
		 Default=True
		 FaceName=Null()
		 GdiCharSet=Null()
		 Size=Null()
		 Width=#Null()
		 Bold=Null()
		 Italic=Null()
		 Underline=Null()
		 Strikeout=Null()
		 Color=Null()
		 PitchAndFamily=Null()
		 OutPrecision=Null()
		 }
		Direction=0
		bFill=5
		BkColor=LL.Color.CadetBlue
		BkColor3=RGB(255,255,255)
		BkColor2=LL.Color.CadetBlue
		Link.URL=
		VAlign=1
		[Frame]
		 {
		 Default=False
		 Layout=1
		 [Left]
		  {
		  Spacing=1000
		  Line=False
		  }
		 [Top]
		  {
		  Spacing=500
		  Line=True
		  [Line]
		   {
		   Color=RGB(192,192,192)
		   LineType=0
		   }
		  LineWidth=0
		  }
		 [Right]
		  {
		  Spacing=1000
		  Line=True
		  [Line]
		   {
		   Color=RGB(192,192,192)
		   LineType=0
		   }
		  LineWidth=0
		  }
		 [Bottom]
		  {
		  Spacing=500
		  Line=True
		  [Line]
		   {
		   Color=RGB(192,192,192)
		   LineType=0
		   }
		  LineWidth=0
		  }
		 }
		Condition=True
		VALUE=Sum(OrderDtl.Extended_Price)
		SubCellLabel=
		Align=1
		AlignDecPosition=-10000
		MaxCellWidth=0
		MinWidth=15000
		MinHeight=1000
		MaxHeight=0
		SpaceOptimization=True
		[ConditionalFormatter]
		 {
		 }
		}
	   }
	  [Level 1-2]
	   {
	   [Properties.Cell]
		{
		OutputFormatter=GENERIC
		Formula=Cond (Sum(OrderDtl.Extended_Price)>0,Str$(Sum(OrderDtl.Extended_Price),0,0),"---")
		[Font]
		 {
		 Default=True
		 FaceName=Null()
		 GdiCharSet=Null()
		 Size=Null()
		 Width=#Null()
		 Bold=Null()
		 Italic=Null()
		 Underline=Null()
		 Strikeout=Null()
		 Color=Null()
		 PitchAndFamily=Null()
		 OutPrecision=Null()
		 }
		Direction=0
		bFill=1
		Raster=1
		BkColor=@RGB_Blue
		Link.URL=
		VAlign=1
		[Frame]
		 {
		 Default=False
		 Layout=1
		 [Left]
		  {
		  Spacing=1000
		  Line=True
		  [Line]
		   {
		   Color=RGB(192,192,192)
		   LineType=0
		   }
		  LineWidth=0
		  }
		 [Top]
		  {
		  Spacing=500
		  Line=True
		  [Line]
		   {
		   Color=RGB(192,192,192)
		   LineType=0
		   }
		  LineWidth=0
		  }
		 [Right]
		  {
		  Spacing=1000
		  Line=True
		  [Line]
		   {
		   Color=RGB(192,192,192)
		   LineType=0
		   }
		  LineWidth=0
		  }
		 [Bottom]
		  {
		  Spacing=500
		  Line=True
		  [Line]
		   {
		   Color=RGB(192,192,192)
		   LineType=0
		   }
		  LineWidth=0
		  }
		 }
		Condition=True
		VALUE=Sum(OrderDtl.Extended_Price)
		SubCellLabel=
		Align=2
		AlignDecPosition=-10000
		MaxCellWidth=0
		MinWidth=15000
		MinHeight=1000
		MaxHeight=0
		SpaceOptimization=True
		[ConditionalFormatter]
		 {
		 }
		}
	   }
	  }
	 Version=1
	 UUID={71C51086-2EAD-458C-8004-DEA850F1B353}
	 }
	}
   [Table]
	{
	TableType=Crosstab
	TableID=Customer
	RelationID=
	[DistanceFromPrintBorder]
	 {
	 Left=0
	 Top=0
	 Right=0
	 Bottom=0
	 }
	ColumnCount=0
	ColumnCount.Distance=1000
	FillPrioHorizonal=False
	ColumnBreakCondition=False
	ColumnBreakBefore=False
	Identifier=
	Condition=True
	DistanceTop=10000
	DistanceBottom=0
	WrapBefore=False
	[WrapBefore]
	 {
	 ResetPageNumberOption=0
	 }
	ShowInContextUI=True
	[SourceTablePath]
	 {
	 [Table]
	  {
	  ID=OrderHea
	  RelationID=OrderHea->Customer
	  }
	 [Table]
	  {
	  ID=OrderDtl
	  RelationID=OrderDtl->OrderHea
	  }
	 }
	PDFLevel=0
	PDFText=
	IndexPDFLevel=0
	IndexPDFText=
	FormulaFilter=True
	Animation=""
	[LLXParameters]
	 {
	 [Properties]
	  {
	  bFill=0
	  [Split]
	   {
	   Percentage=20
	   [Cols]
		{
		RepeatLabels=True
		BreakLevel=0
		[BreakLevel]
		 {
		 Force=False
		 }
		}
	   [Rows]
		{
		RepeatLabels=True
		BreakLevel=0
		[BreakLevel]
		 {
		 Force=False
		 }
		}
	   }
	  ShadowPages=True
	  DistanceTop=0
	  PDFOutline=
	  Link.URL=
	  MinHeight=100000
	  [DefaultFrame]
	   {
	   Layout=1
	   [Left]
		{
		Spacing=1000
		Line=True
		[Line]
		 {
		 Color=RGB(0,0,0)
		 LineType=0
		 }
		LineWidth=0
		}
	   [Top]
		{
		Spacing=500
		Line=True
		[Line]
		 {
		 Color=RGB(0,0,0)
		 LineType=0
		 }
		LineWidth=0
		}
	   [Right]
		{
		Spacing=1000
		Line=True
		[Line]
		 {
		 Color=RGB(0,0,0)
		 LineType=0
		 }
		LineWidth=0
		}
	   [Bottom]
		{
		Spacing=500
		Line=True
		[Line]
		 {
		 Color=RGB(0,0,0)
		 LineType=0
		 }
		LineWidth=0
		}
	   }
	  DesignScheme="PROJECT"
	  HarmonicLineHeights=True
	  }
	 [CellDefinitions]
	  {
	  [Level 0-0]
	   {
	   [Coord.Row]
		{
		Formula=Customer.Name
		}
	   [Coord.Col]
		{
		Formula=Vendor.Name
		}
	   [Properties.Cell]
		{
		OutputFormatter=GENERIC
		Formula=Cond (Sum(OrderDtl.Extended_Price)>0,Str$(Sum(OrderDtl.Extended_Price),0,0),"---")
		[Font]
		 {
		 Default=False
		 FaceName="Verdana"
		 GdiCharSet=0
		 Size=10
		 Width=0
		 Bold=False
		 Italic=Cond(Sum(OrderDtl.Qty_Ordered) = 0,true,false)
		 Underline=False
		 Strikeout=False
		 Color=LL.Color.Black
		 PitchAndFamily=34
		 OutPrecision=3
		 }
		Direction=0
		bFill=1
		Raster=1
		BkColor=Cond(Odd (Crosstab.Row ()),RGB (224,241,250), RGB(255,255,255))
		Link.URL=
		VAlign=1
		[Frame]
		 {
		 Default=False
		 Layout=1
		 [Left]
		  {
		  Spacing=1000
		  Line=False
		  }
		 [Top]
		  {
		  Spacing=500
		  Line=True
		  [Line]
		   {
		   Color=RGB(192,192,192)
		   LineType=0
		   }
		  LineWidth=0
		  }
		 [Right]
		  {
		  Spacing=1000
		  Line=False
		  }
		 [Bottom]
		  {
		  Spacing=500
		  Line=True
		  [Line]
		   {
		   Color=RGB(192,192,192)
		   LineType=0
		   }
		  LineWidth=0
		  }
		 }
		Condition=True
		VALUE=Sum(OrderDtl.Extended_Price)
		SubCellLabel=
		Align=1
		AlignDecPosition=-10000
		MaxCellWidth=15000
		MinWidth=15000
		MinHeight=1000
		MaxHeight=0
		SpaceOptimization=True
		[ConditionalFormatter]
		 {
		 }
		}
	   [Properties.Label.Row]
		{
		OutputFormatter=
		Formula="Gesamt"
		[Font]
		 {
		 Default=True
		 FaceName=Null()
		 GdiCharSet=Null()
		 Size=Null()
		 Width=#Null()
		 Bold=Null()
		 Italic=Null()
		 Underline=Null()
		 Strikeout=Null()
		 Color=Null()
		 PitchAndFamily=Null()
		 OutPrecision=Null()
		 }
		Direction=0
		bFill=0
		Link.URL=
		VAlign=1
		[Frame]
		 {
		 Default=False
		 Layout=1
		 [Left]
		  {
		  Spacing=1000
		  Line=True
		  [Line]
		   {
		   Color=RGB(0,0,0)
		   LineType=0
		   }
		  LineWidth=0
		  }
		 [Top]
		  {
		  Spacing=500
		  Line=True
		  [Line]
		   {
		   Color=RGB(0,0,0)
		   LineType=0
		   }
		  LineWidth=0
		  }
		 [Right]
		  {
		  Spacing=1000
		  Line=True
		  [Line]
		   {
		   Color=RGB(0,0,0)
		   LineType=0
		   }
		  LineWidth=0
		  }
		 [Bottom]
		  {
		  Spacing=500
		  Line=True
		  [Line]
		   {
		   Color=RGB(0,0,0)
		   LineType=0
		   }
		  LineWidth=0
		  }
		 }
		ShowSummary=True
		ShowSummary.BeforeEntries=False
		Align=2
		AlignDecPosition=-10000
		MaxCellWidth=0
		MinWidth=1000
		MinHeight=1000
		MaxHeight=0
		SpaceOptimization=True
		[ConditionalFormatter]
		 {
		 }
		}
	   [Properties.Label.Col]
		{
		OutputFormatter=
		Formula="Gesamt"
		[Font]
		 {
		 Default=True
		 FaceName=Null()
		 GdiCharSet=Null()
		 Size=Null()
		 Width=#Null()
		 Bold=Null()
		 Italic=Null()
		 Underline=Null()
		 Strikeout=Null()
		 Color=Null()
		 PitchAndFamily=Null()
		 OutPrecision=Null()
		 }
		Direction=0
		bFill=0
		Link.URL=
		VAlign=1
		[Frame]
		 {
		 Default=False
		 Layout=1
		 [Left]
		  {
		  Spacing=1000
		  Line=True
		  [Line]
		   {
		   Color=RGB(0,0,0)
		   LineType=0
		   }
		  LineWidth=0
		  }
		 [Top]
		  {
		  Spacing=500
		  Line=True
		  [Line]
		   {
		   Color=RGB(0,0,0)
		   LineType=0
		   }
		  LineWidth=0
		  }
		 [Right]
		  {
		  Spacing=1000
		  Line=True
		  [Line]
		   {
		   Color=RGB(0,0,0)
		   LineType=0
		   }
		  LineWidth=0
		  }
		 [Bottom]
		  {
		  Spacing=500
		  Line=True
		  [Line]
		   {
		   Color=RGB(0,0,0)
		   LineType=0
		   }
		  LineWidth=0
		  }
		 }
		ShowSummary=True
		ShowSummary.BeforeEntries=False
		Align=2
		AlignDecPosition=-10000
		MaxCellWidth=0
		MinWidth=1000
		MinHeight=1000
		MaxHeight=0
		SpaceOptimization=True
		[ConditionalFormatter]
		 {
		 }
		}
	   [Properties.Span.Row]
		{
		OutputFormatter=
		Formula=Customer.Name
		[Font]
		 {
		 Default=True
		 FaceName=Null()
		 GdiCharSet=Null()
		 Size=Null()
		 Width=#Null()
		 Bold=Null()
		 Italic=Null()
		 Underline=Null()
		 Strikeout=Null()
		 Color=Null()
		 PitchAndFamily=Null()
		 OutPrecision=Null()
		 }
		Direction=0
		bFill=1
		Raster=1
		BkColor=@RGB_Blue
		Link.URL=
		VAlign=1
		[Frame]
		 {
		 Default=False
		 Layout=1
		 [Left]
		  {
		  Spacing=1000
		  Line=True
		  [Line]
		   {
		   Color=RGB(192,192,192)
		   LineType=0
		   }
		  LineWidth=0
		  }
		 [Top]
		  {
		  Spacing=500
		  Line=True
		  [Line]
		   {
		   Color=RGB(192,192,192)
		   LineType=0
		   }
		  LineWidth=0
		  }
		 [Right]
		  {
		  Spacing=1000
		  Line=True
		  [Line]
		   {
		   Color=RGB(192,192,192)
		   LineType=0
		   }
		  LineWidth=0
		  }
		 [Bottom]
		  {
		  Spacing=500
		  Line=True
		  [Line]
		   {
		   Color=RGB(192,192,192)
		   LineType=0
		   }
		  LineWidth=0
		  }
		 }
		ShowSpanLabel=True
		SortOrderAscending=0
		[SortOrderAscending]
		 {
		 SubCellIndex=0
		 }
		MaxEntryCount=0
		[MaxEntryCount]
		 {
		 bWithOthers=False
		 }
		Label="Andere"
		MinimumPercentage=0
		AutoFill=0
		Expandable=False
		Align=1
		AlignDecPosition=-10000
		MaxCellWidth=0
		MinWidth=1000
		SpaceOptimization=True
		[ConditionalFormatter]
		 {
		 }
		}
	   [Properties.Span.Col]
		{
		OutputFormatter=
		Formula=Vendor.Name
		[Font]
		 {
		 Default=True
		 FaceName=Null()
		 GdiCharSet=Null()
		 Size=Null()
		 Width=#Null()
		 Bold=Null()
		 Italic=Null()
		 Underline=Null()
		 Strikeout=Null()
		 Color=Null()
		 PitchAndFamily=Null()
		 OutPrecision=Null()
		 }
		Direction=0
		bFill=1
		Raster=1
		BkColor=@RGB_Blue
		Link.URL=
		VAlign=1
		[Frame]
		 {
		 Default=False
		 Layout=1
		 [Left]
		  {
		  Spacing=1000
		  Line=False
		  }
		 [Top]
		  {
		  Spacing=500
		  Line=False
		  }
		 [Right]
		  {
		  Spacing=1000
		  Line=False
		  }
		 [Bottom]
		  {
		  Spacing=500
		  Line=True
		  [Line]
		   {
		   Color=RGB(192,192,192)
		   LineType=0
		   }
		  LineWidth=0
		  }
		 }
		ShowSpanLabel=True
		SortOrderAscending=0
		[SortOrderAscending]
		 {
		 SubCellIndex=0
		 }
		MaxEntryCount=0
		[MaxEntryCount]
		 {
		 bWithOthers=False
		 }
		Label="Andere"
		MinimumPercentage=0
		AutoFill=0
		Expandable=False
		Align=1
		AlignDecPosition=-10000
		MinHeight=1000
		MaxHeight=0
		SpaceOptimization=True
		[ConditionalFormatter]
		 {
		 }
		}
	   }
	  [Level 0-1]
	   {
	   [Coord.Col]
		{
		}
	   [Properties.Cell]
		{
		OutputFormatter=GENERIC
		Formula=Cond (Sum(OrderDtl.Extended_Price)>0,Str$(Sum(OrderDtl.Extended_Price),0,0),"---")
		[Font]
		 {
		 Default=True
		 FaceName=Null()
		 GdiCharSet=Null()
		 Size=Null()
		 Width=#Null()
		 Bold=Null()
		 Italic=Null()
		 Underline=Null()
		 Strikeout=Null()
		 Color=Null()
		 PitchAndFamily=Null()
		 OutPrecision=Null()
		 }
		Direction=0
		bFill=1
		Raster=1
		BkColor=@RGB_Blue
		Link.URL=
		VAlign=1
		[Frame]
		 {
		 Default=False
		 Layout=1
		 [Left]
		  {
		  Spacing=1000
		  Line=True
		  [Line]
		   {
		   Color=RGB(192,192,192)
		   LineType=0
		   }
		  LineWidth=0
		  }
		 [Top]
		  {
		  Spacing=500
		  Line=True
		  [Line]
		   {
		   Color=RGB(192,192,192)
		   LineType=0
		   }
		  LineWidth=0
		  }
		 [Right]
		  {
		  Spacing=1000
		  Line=True
		  [Line]
		   {
		   Color=RGB(192,192,192)
		   LineType=0
		   }
		  LineWidth=0
		  }
		 [Bottom]
		  {
		  Spacing=500
		  Line=True
		  [Line]
		   {
		   Color=RGB(192,192,192)
		   LineType=0
		   }
		  LineWidth=0
		  }
		 }
		Condition=True
		VALUE=Sum(OrderDtl.Extended_Price)
		SubCellLabel=
		Align=2
		AlignDecPosition=-10000
		MaxCellWidth=0
		MinWidth=15000
		MinHeight=1000
		MaxHeight=0
		SpaceOptimization=True
		[ConditionalFormatter]
		 {
		 }
		}
	   [Properties.Label.Col]
		{
		OutputFormatter=
		Formula="Total"
		[Font]
		 {
		 Default=True
		 FaceName=Null()
		 GdiCharSet=Null()
		 Size=Null()
		 Width=#Null()
		 Bold=Null()
		 Italic=Null()
		 Underline=Null()
		 Strikeout=Null()
		 Color=Null()
		 PitchAndFamily=Null()
		 OutPrecision=Null()
		 }
		Direction=0
		bFill=1
		Raster=1
		BkColor=@RGB_Blue
		Link.URL=
		VAlign=1
		[Frame]
		 {
		 Default=False
		 Layout=1
		 [Left]
		  {
		  Spacing=1000
		  Line=True
		  [Line]
		   {
		   Color=RGB(192,192,192)
		   LineType=0
		   }
		  LineWidth=0
		  }
		 [Top]
		  {
		  Spacing=500
		  Line=True
		  [Line]
		   {
		   Color=RGB(192,192,192)
		   LineType=0
		   }
		  LineWidth=0
		  }
		 [Right]
		  {
		  Spacing=1000
		  Line=True
		  [Line]
		   {
		   Color=RGB(192,192,192)
		   LineType=0
		   }
		  LineWidth=0
		  }
		 [Bottom]
		  {
		  Spacing=500
		  Line=True
		  [Line]
		   {
		   Color=RGB(192,192,192)
		   LineType=0
		   }
		  LineWidth=0
		  }
		 }
		ShowSummary=True
		ShowSummary.BeforeEntries=False
		Align=2
		AlignDecPosition=-10000
		MaxCellWidth=0
		MinWidth=1000
		MinHeight=1000
		MaxHeight=0
		SpaceOptimization=True
		[ConditionalFormatter]
		 {
		 }
		}
	   [Properties.Span.Col]
		{
		OutputFormatter=
		Formula="Order amount per vendor and customer"
		[Font]
		 {
		 Default=False
		 FaceName="Verdana"
		 GdiCharSet=0
		 Size=14.0
		 Width=0
		 Bold=True
		 Italic=False
		 Underline=False
		 Strikeout=False
		 Color=LL.Color.Black
		 PitchAndFamily=34
		 OutPrecision=3
		 }
		Direction=0
		bFill=0
		Link.URL=
		VAlign=1
		[Frame]
		 {
		 Default=False
		 Layout=1
		 [Left]
		  {
		  Spacing=1000
		  Line=False
		  }
		 [Top]
		  {
		  Spacing=500
		  Line=False
		  }
		 [Right]
		  {
		  Spacing=1000
		  Line=False
		  }
		 [Bottom]
		  {
		  Spacing=500
		  Line=False
		  }
		 }
		ShowSpanLabel=True
		SortOrderAscending=0
		[SortOrderAscending]
		 {
		 SubCellIndex=0
		 }
		MaxEntryCount=0
		[MaxEntryCount]
		 {
		 bWithOthers=False
		 }
		Label="Andere"
		MinimumPercentage=0
		AutoFill=0
		Expandable=False
		Align=1
		AlignDecPosition=-10000
		MinHeight=1000
		MaxHeight=0
		SpaceOptimization=True
		[ConditionalFormatter]
		 {
		 }
		}
	   }
	  [Level 1-0]
	   {
	   [Coord.Row]
		{
		}
	   [Properties.Cell]
		{
		OutputFormatter=GENERIC
		Formula=Cond (Sum(OrderDtl.Extended_Price)>0,Str$(Sum(OrderDtl.Extended_Price),0,0),"---")
		[Font]
		 {
		 Default=True
		 FaceName=Null()
		 GdiCharSet=Null()
		 Size=Null()
		 Width=#Null()
		 Bold=Null()
		 Italic=Null()
		 Underline=Null()
		 Strikeout=Null()
		 Color=Null()
		 PitchAndFamily=Null()
		 OutPrecision=Null()
		 }
		Direction=0
		bFill=1
		Raster=1
		BkColor=@RGB_Blue
		Link.URL=
		VAlign=1
		[Frame]
		 {
		 Default=False
		 Layout=1
		 [Left]
		  {
		  Spacing=1000
		  Line=False
		  }
		 [Top]
		  {
		  Spacing=500
		  Line=True
		  [Line]
		   {
		   Color=RGB(192,192,192)
		   LineType=0
		   }
		  LineWidth=0
		  }
		 [Right]
		  {
		  Spacing=1000
		  Line=False
		  }
		 [Bottom]
		  {
		  Spacing=500
		  Line=True
		  [Line]
		   {
		   Color=RGB(192,192,192)
		   LineType=0
		   }
		  LineWidth=0
		  }
		 }
		Condition=True
		VALUE=Sum(OrderDtl.Extended_Price)
		SubCellLabel=
		Align=1
		AlignDecPosition=-10000
		MaxCellWidth=0
		MinWidth=7000
		MinHeight=1000
		MaxHeight=0
		SpaceOptimization=True
		[ConditionalFormatter]
		 {
		 }
		}
	   [Properties.Label.Row]
		{
		OutputFormatter=
		Formula="Total"
		[Font]
		 {
		 Default=True
		 FaceName=Null()
		 GdiCharSet=Null()
		 Size=Null()
		 Width=#Null()
		 Bold=Null()
		 Italic=Null()
		 Underline=Null()
		 Strikeout=Null()
		 Color=Null()
		 PitchAndFamily=Null()
		 OutPrecision=Null()
		 }
		Direction=0
		bFill=1
		Raster=1
		BkColor=@RGB_Blue
		Link.URL=
		VAlign=1
		[Frame]
		 {
		 Default=False
		 Layout=1
		 [Left]
		  {
		  Spacing=1000
		  Line=True
		  [Line]
		   {
		   Color=RGB(192,192,192)
		   LineType=0
		   }
		  LineWidth=0
		  }
		 [Top]
		  {
		  Spacing=500
		  Line=True
		  [Line]
		   {
		   Color=RGB(192,192,192)
		   LineType=0
		   }
		  LineWidth=0
		  }
		 [Right]
		  {
		  Spacing=1000
		  Line=True
		  [Line]
		   {
		   Color=RGB(192,192,192)
		   LineType=0
		   }
		  LineWidth=0
		  }
		 [Bottom]
		  {
		  Spacing=500
		  Line=True
		  [Line]
		   {
		   Color=RGB(192,192,192)
		   LineType=0
		   }
		  LineWidth=0
		  }
		 }
		ShowSummary=True
		ShowSummary.BeforeEntries=False
		Align=1
		AlignDecPosition=-10000
		MaxCellWidth=0
		MinWidth=1000
		MinHeight=1000
		MaxHeight=0
		SpaceOptimization=True
		[ConditionalFormatter]
		 {
		 }
		}
	   [Properties.Span.Row]
		{
		OutputFormatter=
		Formula=""
		[Font]
		 {
		 Default=False
		 FaceName="Verdana"
		 GdiCharSet=0
		 Size=22.0
		 Width=0
		 Bold=True
		 Italic=False
		 Underline=False
		 Strikeout=False
		 Color=LL.Color.Black
		 PitchAndFamily=34
		 OutPrecision=3
		 }
		Direction=1
		bFill=0
		Link.URL=
		VAlign=1
		[Frame]
		 {
		 Default=False
		 Layout=1
		 [Left]
		  {
		  Spacing=1000
		  Line=False
		  }
		 [Top]
		  {
		  Spacing=500
		  Line=False
		  }
		 [Right]
		  {
		  Spacing=1000
		  Line=False
		  }
		 [Bottom]
		  {
		  Spacing=500
		  Line=False
		  }
		 }
		ShowSpanLabel=False
		SortOrderAscending=0
		[SortOrderAscending]
		 {
		 SubCellIndex=0
		 }
		MaxEntryCount=0
		[MaxEntryCount]
		 {
		 bWithOthers=False
		 }
		Label="Andere"
		MinimumPercentage=0
		AutoFill=0
		Expandable=False
		Align=1
		AlignDecPosition=-10000
		MaxCellWidth=0
		MinWidth=1000
		SpaceOptimization=True
		[ConditionalFormatter]
		 {
		 }
		}
	   }
	  [Level 1-1]
	   {
	   [Properties.Cell]
		{
		OutputFormatter=GENERIC
		Formula=Cond (Sum(OrderDtl.Extended_Price)>0,Str$(Sum(OrderDtl.Extended_Price),0,0),"---")
		[Font]
		 {
		 Default=True
		 FaceName=Null()
		 GdiCharSet=Null()
		 Size=Null()
		 Width=#Null()
		 Bold=Null()
		 Italic=Null()
		 Underline=Null()
		 Strikeout=Null()
		 Color=Null()
		 PitchAndFamily=Null()
		 OutPrecision=Null()
		 }
		Direction=0
		bFill=1
		Raster=1
		BkColor=@RGB_Blue
		Link.URL=
		VAlign=1
		[Frame]
		 {
		 Default=False
		 Layout=1
		 [Left]
		  {
		  Spacing=1000
		  Line=True
		  [Line]
		   {
		   Color=RGB(192,192,192)
		   LineType=0
		   }
		  LineWidth=0
		  }
		 [Top]
		  {
		  Spacing=500
		  Line=True
		  [Line]
		   {
		   Color=RGB(192,192,192)
		   LineType=0
		   }
		  LineWidth=0
		  }
		 [Right]
		  {
		  Spacing=1000
		  Line=True
		  [Line]
		   {
		   Color=RGB(192,192,192)
		   LineType=0
		   }
		  LineWidth=0
		  }
		 [Bottom]
		  {
		  Spacing=500
		  Line=True
		  [Line]
		   {
		   Color=RGB(192,192,192)
		   LineType=0
		   }
		  LineWidth=0
		  }
		 }
		Condition=True
		VALUE=Sum(OrderDtl.Extended_Price)
		SubCellLabel=
		Align=2
		AlignDecPosition=-10000
		MaxCellWidth=0
		MinWidth=15000
		MinHeight=1000
		MaxHeight=0
		SpaceOptimization=True
		[ConditionalFormatter]
		 {
		 }
		}
	   }
	  }
	 Version=1
	 UUID={D9E6E0D0-AD8B-48EF-94D7-FEF378E9B3EE}
	 }
	}
   }
  }
[Object]
 ObjectID=1
 ObjectName=Text
 Locked=FALSE
 LinkUUID={B1092E26-5F35-4ACA-A0D5-26D96CE5BDB3}
 LinkMode=32
 LayerID=0
 LayerCond=
 GroupUUID=
 Identifier=Printing Info
 Condition=True
 UserLocked=False
 WrapBefore=False
 bPageWrap=False
 ExportAsPicture=False
 Position/Left=15470
 Position/Top=188780
 Position/Width=268440
 Position/Height=8740
 Direction=0
 bFill=0
 Frame/Layout=0
 Frame/Left/Spacing=0
 Frame/Left/Line=False
 Frame/Top/Spacing=0
 Frame/Top/Line=False
 Frame/Right/Spacing=0
 Frame/Right/Line=False
 Frame/Bottom/Spacing=0
 Frame/Bottom/Line=False
 PDFLevel=0
 PDFText=
 IndexPDFLevel=0
 IndexPDFText=
 IssueCondition=True
 Link.URL=
 Animation=""
 HTMLAnimation=""
 bBottomAligned=0
 [@Lines]
  {
  [Lines]
   {
   [Line]
	{
	[Font]
	 {
	 Default=True
	 FaceName=Null()
	 GdiCharSet=Null()
	 Size=Null()
	 Width=#Null()
	 Bold=Null()
	 Italic=Null()
	 Underline=Null()
	 Strikeout=Null()
	 Color=Null()
	 PitchAndFamily=Null()
	 OutPrecision=Null()
	 }
	Align=2
	Adjusted=False
	Uneraseable=False
	LineWrap=1
	PageWrapAllowed=True
	ForceWrap=False
	SpaceOptimization=True
	Spacing.Paragraph=0
	Spacing.Line=0
	OutputFormatter=
	Condition=True
	[ConditionalFormatter]
	 {
	 }
	Text="Page " + FStr$(Page(),"###",1) + " of " + TotalPages$ () + "¶" + "Printed " + Date$(Today(),"%D, %M %d, %y") + " at " + Time$("%h:%02m") + " on " + LL.OutputDevice
	Tab=0
	TabAlign=0
	}
   }
  }
[Object]
 ObjectID=1
 ObjectName=Text
 Locked=FALSE
 LinkUUID={069D081A-C83D-4292-9A53-8058B6C6E8DE}
 LinkMode=32
 LayerID=0
 LayerCond=
 GroupUUID=
 Identifier=Copyright /LINK:https://www.combit.net/reporting-tool/
 Condition=True
 UserLocked=False
 WrapBefore=False
 bPageWrap=False
 ExportAsPicture=False
 Position/Left=12940
 Position/Top=201680
 Position/Width=81580
 Position/Height=2450
 Direction=0
 bFill=0
 Frame/Layout=0
 Frame/Left/Spacing=0
 Frame/Left/Line=False
 Frame/Top/Spacing=0
 Frame/Top/Line=False
 Frame/Right/Spacing=0
 Frame/Right/Line=False
 Frame/Bottom/Spacing=0
 Frame/Bottom/Line=False
 PDFLevel=0
 PDFText=
 IndexPDFLevel=0
 IndexPDFText=
 IssueCondition=True
 Link.URL=
 Animation=""
 HTMLAnimation=""
 bBottomAligned=0
 bWYSIWYGDialog=FALSE
 [@Lines]
  {
  [Lines]
   {
   [Line]
	{
	[Font]
	 {
	 Default=False
	 FaceName="Arial"
	 GdiCharSet=0
	 Size=5.0
	 Width=0
	 Bold=False
	 Italic=False
	 Underline=False
	 Strikeout=False
	 Color=LL.Color.Black
	 PitchAndFamily=34
	 OutPrecision=3
	 }
	Align=0
	Adjusted=False
	Uneraseable=False
	LineWrap=0
	PageWrapAllowed=False
	ForceWrap=False
	SpaceOptimization=True
	Spacing.Paragraph=0
	Spacing.Line=0
	OutputFormatter=
	Condition=True
	[ConditionalFormatter]
	 {
	 }
	Text="designed & printed with combit® List & Label®"
	Tab=0
	TabAlign=0
	}
   }
  }
[UserVariables]
[Parameters]
 [@Parameters]
  {
  [Parameters]
   {
   LL.ProjectDescription=Sales report per customer and vendor
   }
  }
[UsedIdentifiers]
 Variables=
 Fields=Customer.Customer_Number;Customer.Name;OrderDtl.Extended_Price;OrderDtl.Order_Number;OrderDtl.Qty_Ordered;OrderHea.Customer_Number;OrderHea.Order_Date;OrderHea.Order_Number;Vendor.Name
 ChartFields=
[PageLayouts]
 [@PageLayouts]
  {
  [PageLayouts]
   {
   [PageLayout]
	{
	DisplayName=Standard-Layout
	Condition=True
	SourceTray=0
	ForcePaperFormat=True
	UsePhysicalPaper=True
	PaperFormat=9
	PaperFormat.cx=296930
	PaperFormat.cy=209970
	PaperFormat.Orientation=2
	Copies=1
	Duplex=0
	Collate=0
	FitPage=False
	ShowInPrintDialog=True
	}
   }
  }
[ExtendedInfo]
 [@ExtendedInfos]
  {
  [UserDefinedDesignScheme]
   {
   [Foreground]
	{
	Color=(255,230,179)
	Color=(173,215,227)
	Color=(167,195,209)
	Color=(238,190,93)
	Color=(102,204,199)
	Color=(165,170,199)
	Color=(242,167,17)
	Color=(166,178,102)
	Color=(155,122,153)
	Color=(135,95,119)
	}
   [Background]
	{
	Color=(240,249,255)
	Color=(255,230,179)
	Color=(173,215,227)
	Color=(167,195,209)
	FillMode=1
	}
   }
  [UIDescriptions]
   {
   0=X:\Visual DataFlex Projects\LLLibraryLaufend\LLOrderSample\Layouts\Crosstab.lst
   }
  }
