[List description]
[Description]
 Text=List & Label Projektdatei
 FileVersion=15
 RootTable=SalesP
 Units=SCM-Units
 Metric=3
 TextQuote.Start=1
 TextQuote.End=1
 RepresentationCode.CondStart=171
 RepresentationCode.CondSep=166
 RepresentationCode.CondEnd=187
 RepresentationCode.Tab=247
 RepresentationCode.Ret=182
 RepresentationCode.PhantomSpace=8203
 RepresentationCode.LockNextChar=8288
 RepresentationCode.ExprSep=164
 LCID=3079
 UserVars.ManualSortOrder=1
 CreatedByCallFrom=atlthunk.dll
 [@DatabaseStructure]
  {
  [DatabaseStructures]
   {
   [DatabaseStructure]
	{
	[Table:SalesP]
	 {
	 [SortOrders]
	  {
	  @order=2
	  }
	 }
	[Table:OrderHea]
	 {
	 [SortOrders]
	  {
	  @order=3
	  }
	 [Relations]
	  {
	  OrderHea->SalesP=SalesP
	  }
	 }
	[Table:OrderDtl]
	 {
	 [Relations]
	  {
	  OrderDtl->OrderHea=OrderHea
	  }
	 }
	}
   }
  }
[Layout]
 P1.Template=
 xGrid=1000
 yGrid=1000
 GridShow=FALSE
 GridSnap=FALSE
 EnhancedExpressions=TRUE
 EnhancedOldExpressions=FALSE
 Decimals=2
 DefaultMedium=PRV
 RealDataPreviewPageLimit=-2
 DefFont={(0,0,0),10.000000,-13,0,0,0,400,0,0,0,0,3,2,1,34,Arial}
 HelpLines.Horizontal=
 HelpLines.Vertical=
 PDF.MaxOutlineDepth=2
 PDF.MaxOutlineDepth.IDX=3
 DefaultSize.Objecttype1=(0,0,186260,11600)
 DefaultSize.Objecttype5=(0,0,53700,29770)
 DefaultSize.Objecttype6=(0,0,165390,200120)
 DefaultSize.Objecttype12=(0,0,68410,29780)
 ObjectCount=8
[UserSection]
 
[SumVariables]
[Layer]
 Name=Basis
 Condition=
 WorkspaceColor=(102,102,102)
 Visible=TRUE
 LayerID=0
[Layer]
 Name=Erste Seite
 Condition=Page() = 1
 WorkspaceColor=(197,207,10)
 Visible=TRUE
 LayerID=1
[Layer]
 Name=Folgeseiten
 Condition=Page() <> 1
 WorkspaceColor=(161,203,243)
 Visible=TRUE
 LayerID=2
[ProjectTemplates]
 [@ProjectTemplates]
  {
  [ProjectTemplates]
   {
   [ProjectTemplate]
	{
	Identifier=
	Filename=ProjectPath$() + "Include.lst"
	bVisible=True
	Condition=True
	ProjectUUID={44F86EBA-FA26-8FD1-C85D-C81348AA211B}
	}
   }
  }
[Object]
 ObjectID=1
 ObjectName=Text
 Locked=FALSE
 LinkUUID={77783922-F4F2-442E-91C7-880BC6A7855F}
 LinkMode=0
 LayerID=1
 LayerCond=Page() = 1
 GroupUUID=
 Identifier=Heading
 Condition=True
 UserLocked=False
 WrapBefore=False
 bPageWrap=False
 ExportAsPicture=False
 Position/Left=12940
 Position/Top=41880
 Position/Width=130000
 Position/Height=8400
 Direction=0
 bFill=1
 BkColor=@RGB_Red
 Frame/Layout=0
 Frame/Left/Spacing=0
 Frame/Left/Line=False
 Frame/Top/Spacing=0
 Frame/Top/Line=False
 Frame/Right/Spacing=0
 Frame/Right/Line=False
 Frame/Bottom/Spacing=0
 Frame/Bottom/Line=False
 PDFLevel=0
 PDFText=
 IndexPDFLevel=0
 IndexPDFText=
 IssueCondition=True
 Link.URL=
 Animation=""
 HTMLAnimation=""
 bBottomAligned=0
 [@Lines]
  {
  [Lines]
   {
   [Line]
	{
	[Font]
	 {
	 Default=False
	 FaceName="Arial"
	 GdiCharSet=0
	 Size=18.0
	 Width=0
	 Bold=True
	 Italic=False
	 Underline=False
	 Strikeout=False
	 Color=LL.Color.White
	 PitchAndFamily=34
	 OutPrecision=3
	 }
	Align=0
	Adjusted=False
	Uneraseable=False
	LineWrap=0
	PageWrapAllowed=False
	ForceWrap=False
	SpaceOptimization=True
	Spacing.Paragraph=0
	Spacing.Line=0
	OutputFormatter=
	Condition=True
	[ConditionalFormatter]
	 {
	 }
	Text="Turnover per Employee and Month"
	Tab=0
	TabAlign=0
	}
   }
  }
[Object]
 ObjectID=1
 ObjectName=Text
 Locked=FALSE
 LinkUUID={0DF94942-2E67-44F0-9E53-05D1FF4FE665}
 LinkMode=0
 LayerID=2
 LayerCond=Page() <> 1
 GroupUUID=
 Identifier=Heading cont.
 Condition=True
 UserLocked=False
 WrapBefore=False
 bPageWrap=False
 ExportAsPicture=False
 Position/Left=12940
 Position/Top=41880
 Position/Width=130000
 Position/Height=8400
 Direction=0
 bFill=1
 BkColor=@RGB_Red
 Frame/Layout=0
 Frame/Left/Spacing=0
 Frame/Left/Line=False
 Frame/Top/Spacing=0
 Frame/Top/Line=False
 Frame/Right/Spacing=0
 Frame/Right/Line=False
 Frame/Bottom/Spacing=0
 Frame/Bottom/Line=False
 PDFLevel=0
 PDFText=
 IndexPDFLevel=0
 IndexPDFText=
 IssueCondition=True
 Link.URL=
 Animation=""
 HTMLAnimation=""
 bBottomAligned=0
 [@Lines]
  {
  [Lines]
   {
   [Line]
	{
	[Font]
	 {
	 Default=False
	 FaceName="Arial"
	 GdiCharSet=0
	 Size=18.0
	 Width=0
	 Bold=True
	 Italic=False
	 Underline=False
	 Strikeout=False
	 Color=LL.Color.White
	 PitchAndFamily=34
	 OutPrecision=3
	 }
	Align=0
	Adjusted=False
	Uneraseable=False
	LineWrap=0
	PageWrapAllowed=False
	ForceWrap=False
	SpaceOptimization=True
	Spacing.Paragraph=0
	Spacing.Line=0
	OutputFormatter=
	Condition=True
	[ConditionalFormatter]
	 {
	 }
	Text="Turnover per Employee and Month (cont.)"
	Tab=0
	TabAlign=0
	}
   }
  }
[Object]
 ObjectID=2
 ObjectName=Rechteck
 Locked=FALSE
 LinkUUID={2D5F0999-AA35-4023-9315-76706F5890F2}
 LinkMode=32
 LayerID=0
 LayerCond=
 GroupUUID=
 Identifier=Background_Report Container
 Condition=True
 UserLocked=False
 WrapBefore=False
 ExportAsPicture=False
 Position/Left=#LL.Device.PrintableArea.Offset.cx+12.94
 Position/Top=#LL.Device.PrintableArea.Offset.cx+50.28
 Position/Width=#LL.Device.PrintableArea.Size.cx-22.67
 Position/Height=#LL.Device.PrintableArea.Size.cy-61.2
 Direction=0
 PDFLevel=0
 PDFText=
 IndexPDFLevel=0
 IndexPDFText=
 IssueCondition=True
 Link.URL=
 Animation=""
 bFrame=1
 FgColor=LL.Color.Black
 Width=140
 LineType=0
 bFill=1
 Raster=1
 BkColor=LL.Color.White
 bShadow=0
 Rounding=0
[Object]
 ObjectID=6
 ObjectName=Berichtscontainer
 Locked=FALSE
 LinkUUID={2248C2B5-F3D6-4D4D-AD4B-250C56B85478}
 LinkMode=8224
 LayerID=0
 LayerCond=
 GroupUUID=
 Identifier=Report Container
 Condition=True
 UserLocked=False
 WrapBefore=False
 Position/Left=#LL.Device.PrintableArea.Offset.cx+15
 Position/Top=#LL.Device.PrintableArea.Offset.cx+53
 Position/Width=#LL.Device.PrintableArea.Size.cx-27.04
 Position/Height=#LL.Device.PrintableArea.Size.cy-76.87
 Direction=0
 Frame/Layout=0
 Frame/Left/Spacing=0
 Frame/Left/Line=False
 Frame/Top/Spacing=0
 Frame/Top/Line=False
 Frame/Right/Spacing=0
 Frame/Right/Line=False
 Frame/Bottom/Spacing=0
 Frame/Bottom/Line=False
 PDFLevel=0
 PDFText=
 IndexPDFLevel=0
 IndexPDFText=
 IssueCondition=True
 Link.URL=
 DefaultFont/Default=True
 DefaultFont/FaceName="Arial"
 DefaultFont/GdiCharSet=0
 DefaultFont/Size=Null()
 DefaultFont/Width=#Null()
 DefaultFont/Bold=Null()
 DefaultFont/Italic=Null()
 DefaultFont/Underline=Null()
 DefaultFont/Strikeout=Null()
 DefaultFont/Color=Null()
 DefaultFont/PitchAndFamily=Null()
 DefaultFont/OutPrecision=Null()
 FgColor=RGB(0,0,0)
 bFill=1
 Raster=1
 BkColor=LL.Color.White
 CurrentTable=1
 ColumnCount=1
 ColumnCount.Distance=0
 [@Tables]
  {
  [Tables]
   {
   [Table]
	{
	TableType=List
	TableID=SalesP
	RelationID=
	[GroupHeaderLines]
	 {
	 bConcatDataLines=True
	 bKeepTogether=False
	 }
	[GroupFooterLines]
	 {
	 bAlsoOnEmptyGroup=False
	 bKeepTogether=False
	 }
	[DataLines]
	 {
	 bKeepTogether=True
	 bSuppress=False
	 bForceSumCalculation=True
	 }
	ZebraPattern=0
	[FooterLines]
	 {
	 bKeepTogether=False
	 }
	PageBreakCondition=False
	[DefaultFrame]
	 {
	 Layout=1
	 [Left]
	  {
	  Spacing=1000
	  Line=True
	  [Line]
	   {
	   Color=LL.Color.Black
	   LineType=0
	   }
	  LineWidth=0
	  }
	 [Top]
	  {
	  Spacing=500
	  Line=True
	  [Line]
	   {
	   Color=LL.Color.Black
	   LineType=0
	   }
	  LineWidth=0
	  }
	 [Right]
	  {
	  Spacing=1000
	  Line=True
	  [Line]
	   {
	   Color=LL.Color.Black
	   LineType=0
	   }
	  LineWidth=0
	  }
	 [Bottom]
	  {
	  Spacing=500
	  Line=True
	  [Line]
	   {
	   Color=LL.Color.Black
	   LineType=0
	   }
	  LineWidth=0
	  }
	 }
	UseSepTicks=True
	ColumnCount=0
	ColumnCount.Distance=1000
	ColumnBreakCondition=False
	ColumnBreakBefore=False
	bFooterOnBottom=False
	bFillBottom=False
	Identifier=
	Condition=True
	DistanceTop=0
	DistanceBottom=0
	WrapBefore=False
	[WrapBefore]
	 {
	 ResetPageNumberOption=0
	 }
	ShowInContextUI=True
	SortOrderID="2"
	PDFLevel=0
	PDFText=
	IndexPDFLevel=0
	IndexPDFText=
	Expandable=False
	FormulaFilter=True
	DesignScheme="PROJECT"
	Animation=""
	[Body]
	 {
	 [Lines]
	  {
	  [Line]
	   {
	   [Columns]
		{
		[Column]
		 {
		 Identifier=
		 Text=SalesP.Name
		 Width=182960
		 Height=10000
		 FixedHeight=0
		 bIsotropic=True
		 PlainTextFormat=True
		 Align=0
		 AlignDecPosition=-10000
		 VAlign=0
		 DrawingAlignment=8
		 Adjusted=False
		 LineWrap=1
		 ForceWrap=False
		 FlowControl=False
		 Spacing.Line=0
		 bFill=1
		 Raster=1
		 BkColor=@RGB_Blue
		 FgColor=LL.Color.Black
		 SpaceOptimization=True
		 Link.URL=
		 WithText=False
		 MatchDevicePixel=False
		 [Frame]
		  {
		  Default=False
		  Layout=1
		  [Left]
		   {
		   Spacing=1000
		   Line=False
		   }
		  [Top]
		   {
		   Spacing=500
		   Line=False
		   }
		  [Right]
		   {
		   Spacing=1000
		   Line=False
		   }
		  [Bottom]
		   {
		   Spacing=500
		   Line=False
		   }
		  }
		 [Font]
		  {
		  Default=False
		  FaceName="Arial"
		  GdiCharSet=0
		  Size=10.0
		  Width=0
		  Bold=True
		  Italic=False
		  Underline=False
		  Strikeout=False
		  Color=LL.Color.Black
		  PitchAndFamily=34
		  OutPrecision=3
		  }
		 Direction=0
		 BarWidth=0
		 [BarWidth]
		  {
		  Align=0
		  }
		 BarRatio=0
		 ExportAsPicture=False
		 DwgSaveAsJPEG=0
		 Condition=True
		 Animation=""
		 HTMLAnimation=""
		 }
		}
	   [Options]
		{
		Description=
		[LFont]
		 {
		 Default=True
		 FaceName=Null()
		 GdiCharSet=Null()
		 Size=Null()
		 Width=#Null()
		 Bold=Null()
		 Italic=Null()
		 Underline=Null()
		 Strikeout=Null()
		 Color=Null()
		 PitchAndFamily=Null()
		 OutPrecision=Null()
		 }
		DisplayInDesigner=True
		PDFLevel=0
		PDFText=
		IndexPDFLevel=0
		IndexPDFText=
		[ReservedSpace]
		 {
		 Left=0
		 Top=0
		 Right=0
		 Bottom=0
		 }
		LCondition=True
		Anchor=0
		Anchor.ToTop=True
		}
	   }
	  }
	 [Options]
	  {
	  }
	 }
	[Header]
	 {
	 [Lines]
	  {
	  [Line]
	   {
	   [Columns]
		{
		}
	   [Options]
		{
		Description=
		[LFont]
		 {
		 Default=True
		 FaceName=Null()
		 GdiCharSet=Null()
		 Size=Null()
		 Width=#Null()
		 Bold=Null()
		 Italic=Null()
		 Underline=Null()
		 Strikeout=Null()
		 Color=Null()
		 PitchAndFamily=Null()
		 OutPrecision=Null()
		 }
		DisplayInDesigner=True
		PDFLevel=0
		PDFText=
		IndexPDFLevel=0
		IndexPDFText=
		[ReservedSpace]
		 {
		 Left=0
		 Top=0
		 Right=0
		 Bottom=0
		 }
		LCondition=True
		Anchor=0
		Anchor.ToTop=True
		}
	   }
	  }
	 [Options]
	  {
	  }
	 }
	[Footer]
	 {
	 [Lines]
	  {
	  [Line]
	   {
	   [Columns]
		{
		}
	   [Options]
		{
		Description=
		[LFont]
		 {
		 Default=True
		 FaceName=Null()
		 GdiCharSet=Null()
		 Size=Null()
		 Width=#Null()
		 Bold=Null()
		 Italic=Null()
		 Underline=Null()
		 Strikeout=Null()
		 Color=Null()
		 PitchAndFamily=Null()
		 OutPrecision=Null()
		 }
		DisplayInDesigner=True
		PDFLevel=0
		PDFText=
		IndexPDFLevel=0
		IndexPDFText=
		[ReservedSpace]
		 {
		 Left=0
		 Top=0
		 Right=0
		 Bottom=0
		 }
		LCondition=True
		Anchor=0
		Anchor.ToTop=True
		}
	   }
	  }
	 [Options]
	  {
	  }
	 }
	[GroupHeader]
	 {
	 [Lines]
	  {
	  [Line]
	   {
	   [Columns]
		{
		}
	   [Options]
		{
		Description=
		[LFont]
		 {
		 Default=True
		 FaceName=Null()
		 GdiCharSet=Null()
		 Size=Null()
		 Width=#Null()
		 Bold=Null()
		 Italic=Null()
		 Underline=Null()
		 Strikeout=Null()
		 Color=Null()
		 PitchAndFamily=Null()
		 OutPrecision=Null()
		 }
		DisplayInDesigner=True
		PDFLevel=1
		PDFText=
		IndexPDFLevel=0
		IndexPDFText=
		[ReservedSpace]
		 {
		 Left=0
		 Top=1000
		 Right=0
		 Bottom=0
		 }
		Anchor=0
		Anchor.ToTop=True
		GroupCondition=
		ResetSums=
		OnNewPage=False
		[OnNewPage]
		 {
		 ResetPageNumberOption=0
		 }
		PrintRightAfterHeader=False
		KeepTogether.Group=False
		LCondition=True
		Expandable=False
		}
	   }
	  }
	 [Options]
	  {
	  }
	 }
	[GroupFooter]
	 {
	 [Lines]
	  {
	  [Line]
	   {
	   [Columns]
		{
		}
	   [Options]
		{
		Description=
		[LFont]
		 {
		 Default=True
		 FaceName=Null()
		 GdiCharSet=Null()
		 Size=Null()
		 Width=#Null()
		 Bold=Null()
		 Italic=Null()
		 Underline=Null()
		 Strikeout=Null()
		 Color=Null()
		 PitchAndFamily=Null()
		 OutPrecision=Null()
		 }
		DisplayInDesigner=True
		PDFLevel=0
		PDFText=
		IndexPDFLevel=0
		IndexPDFText=
		[ReservedSpace]
		 {
		 Left=0
		 Top=0
		 Right=0
		 Bottom=1000
		 }
		Anchor=0
		Anchor.ToTop=True
		GroupCondition=
		ResetSums=
		TriggerNewPage=False
		LCondition=True
		}
	   }
	  }
	 [Options]
	  {
	  }
	 }
	[ChildTables]
	 {
	 [Table]
	  {
	  TableType=List
	  TableID=OrderHea
	  RelationID=OrderHea->SalesP
	  [GroupHeaderLines]
	   {
	   bConcatDataLines=True
	   bKeepTogether=False
	   }
	  [GroupFooterLines]
	   {
	   bAlsoOnEmptyGroup=False
	   bKeepTogether=False
	   }
	  [DataLines]
	   {
	   bKeepTogether=True
	   bSuppress=False
	   bForceSumCalculation=True
	   }
	  ZebraPattern=0
	  [FooterLines]
	   {
	   bKeepTogether=False
	   }
	  PageBreakCondition=False
	  [DefaultFrame]
	   {
	   Layout=1
	   [Left]
		{
		Spacing=1000
		Line=True
		[Line]
		 {
		 Color=LL.Color.Black
		 LineType=0
		 }
		LineWidth=0
		}
	   [Top]
		{
		Spacing=500
		Line=True
		[Line]
		 {
		 Color=LL.Color.Black
		 LineType=0
		 }
		LineWidth=0
		}
	   [Right]
		{
		Spacing=1000
		Line=True
		[Line]
		 {
		 Color=LL.Color.Black
		 LineType=0
		 }
		LineWidth=0
		}
	   [Bottom]
		{
		Spacing=500
		Line=True
		[Line]
		 {
		 Color=LL.Color.Black
		 LineType=0
		 }
		LineWidth=0
		}
	   }
	  UseSepTicks=True
	  Identifier=
	  Condition=True
	  DistanceTop=0
	  DistanceBottom=0
	  WrapBefore=False
	  [WrapBefore]
	   {
	   ResetPageNumberOption=0
	   }
	  ShowInContextUI=True
	  SortOrderID="3"
	  PDFLevel=0
	  PDFText=
	  IndexPDFLevel=0
	  IndexPDFText=
	  Expandable=False
	  FormulaFilter=True
	  DesignScheme="PROJECT"
	  [Body]
	   {
	   [Lines]
		{
		[Line]
		 {
		 [Columns]
		  {
		  }
		 [Options]
		  {
		  Description=
		  [LFont]
		   {
		   Default=True
		   FaceName=Null()
		   GdiCharSet=Null()
		   Size=Null()
		   Width=#Null()
		   Bold=Null()
		   Italic=Null()
		   Underline=Null()
		   Strikeout=Null()
		   Color=Null()
		   PitchAndFamily=Null()
		   OutPrecision=Null()
		   }
		  DisplayInDesigner=True
		  PDFLevel=0
		  PDFText=
		  IndexPDFLevel=0
		  IndexPDFText=
		  [ReservedSpace]
		   {
		   Left=0
		   Top=0
		   Right=0
		   Bottom=0
		   }
		  LCondition=True
		  Anchor=0
		  Anchor.ToTop=True
		  }
		 }
		}
	   [Options]
		{
		}
	   }
	  [Header]
	   {
	   [Lines]
		{
		[Line]
		 {
		 [Columns]
		  {
		  [Column]
		   {
		   Identifier=
		   Text="Date"
		   Width=47500
		   Height=10000
		   FixedHeight=0
		   bIsotropic=True
		   PlainTextFormat=True
		   Align=0
		   AlignDecPosition=-10000
		   VAlign=0
		   DrawingAlignment=8
		   Adjusted=False
		   LineWrap=1
		   ForceWrap=False
		   FlowControl=False
		   Spacing.Line=0
		   bFill=0
		   FgColor=LL.Color.Black
		   SpaceOptimization=True
		   Link.URL=
		   WithText=False
		   MatchDevicePixel=False
		   [SortOrders]
			{
			Ascending=""
			Descending=""
			}
		   [Frame]
			{
			Default=False
			Layout=1
			[Left]
			 {
			 Spacing=1000
			 Line=False
			 }
			[Top]
			 {
			 Spacing=500
			 Line=True
			 [Line]
			  {
			  Color=LL.Color.Black
			  LineType=0
			  }
			 LineWidth=0
			 }
			[Right]
			 {
			 Spacing=1000
			 Line=False
			 }
			[Bottom]
			 {
			 Spacing=500
			 Line=True
			 [Line]
			  {
			  Color=LL.Color.Black
			  LineType=0
			  }
			 LineWidth=0
			 }
			}
		   [Font]
			{
			Default=True
			FaceName=Null()
			GdiCharSet=Null()
			Size=Null()
			Width=#Null()
			Bold=Null()
			Italic=Null()
			Underline=Null()
			Strikeout=Null()
			Color=Null()
			PitchAndFamily=Null()
			OutPrecision=Null()
			}
		   Direction=0
		   BarWidth=0
		   [BarWidth]
			{
			Align=0
			}
		   BarRatio=0
		   ExportAsPicture=False
		   DwgSaveAsJPEG=0
		   Condition=True
		   Animation=""
		   HTMLAnimation=""
		   }
		  [Column]
		   {
		   Identifier=
		   Text="Qty"
		   Width=47250
		   Height=10000
		   FixedHeight=0
		   bIsotropic=True
		   PlainTextFormat=True
		   Align=0
		   AlignDecPosition=-10000
		   VAlign=0
		   DrawingAlignment=8
		   Adjusted=False
		   LineWrap=1
		   ForceWrap=False
		   FlowControl=False
		   Spacing.Line=0
		   bFill=0
		   FgColor=LL.Color.Black
		   SpaceOptimization=True
		   Link.URL=
		   WithText=False
		   MatchDevicePixel=False
		   [SortOrders]
			{
			Ascending=""
			Descending=""
			}
		   [Frame]
			{
			Default=False
			Layout=1
			[Left]
			 {
			 Spacing=1000
			 Line=False
			 }
			[Top]
			 {
			 Spacing=500
			 Line=True
			 [Line]
			  {
			  Color=LL.Color.Black
			  LineType=0
			  }
			 LineWidth=0
			 }
			[Right]
			 {
			 Spacing=1000
			 Line=False
			 }
			[Bottom]
			 {
			 Spacing=500
			 Line=True
			 [Line]
			  {
			  Color=LL.Color.Black
			  LineType=0
			  }
			 LineWidth=0
			 }
			}
		   [Font]
			{
			Default=True
			FaceName=Null()
			GdiCharSet=Null()
			Size=Null()
			Width=#Null()
			Bold=Null()
			Italic=Null()
			Underline=Null()
			Strikeout=Null()
			Color=Null()
			PitchAndFamily=Null()
			OutPrecision=Null()
			}
		   Direction=0
		   BarWidth=0
		   [BarWidth]
			{
			Align=0
			}
		   BarRatio=0
		   ExportAsPicture=False
		   DwgSaveAsJPEG=0
		   Condition=True
		   Animation=""
		   HTMLAnimation=""
		   }
		  [Column]
		   {
		   Identifier=
		   Text="Price"
		   Width=47000
		   Height=10000
		   FixedHeight=0
		   bIsotropic=True
		   PlainTextFormat=True
		   Align=1
		   AlignDecPosition=-10000
		   VAlign=0
		   DrawingAlignment=8
		   Adjusted=False
		   LineWrap=1
		   ForceWrap=False
		   FlowControl=False
		   Spacing.Line=0
		   bFill=0
		   FgColor=LL.Color.Black
		   SpaceOptimization=True
		   Link.URL=
		   WithText=False
		   MatchDevicePixel=False
		   [SortOrders]
			{
			Ascending=""
			Descending=""
			}
		   [Frame]
			{
			Default=False
			Layout=1
			[Left]
			 {
			 Spacing=1000
			 Line=False
			 }
			[Top]
			 {
			 Spacing=500
			 Line=True
			 [Line]
			  {
			  Color=LL.Color.Black
			  LineType=0
			  }
			 LineWidth=0
			 }
			[Right]
			 {
			 Spacing=1000
			 Line=False
			 }
			[Bottom]
			 {
			 Spacing=500
			 Line=True
			 [Line]
			  {
			  Color=LL.Color.Black
			  LineType=0
			  }
			 LineWidth=0
			 }
			}
		   [Font]
			{
			Default=True
			FaceName=Null()
			GdiCharSet=Null()
			Size=Null()
			Width=#Null()
			Bold=Null()
			Italic=Null()
			Underline=Null()
			Strikeout=Null()
			Color=Null()
			PitchAndFamily=Null()
			OutPrecision=Null()
			}
		   Direction=0
		   BarWidth=0
		   [BarWidth]
			{
			Align=0
			}
		   BarRatio=0
		   ExportAsPicture=False
		   DwgSaveAsJPEG=0
		   Condition=True
		   Animation=""
		   HTMLAnimation=""
		   }
		  [Column]
		   {
		   Identifier=
		   Text="Total"
		   Width=41210
		   Height=10000
		   FixedHeight=0
		   bIsotropic=True
		   PlainTextFormat=True
		   Align=1
		   AlignDecPosition=-10000
		   VAlign=0
		   DrawingAlignment=8
		   Adjusted=False
		   LineWrap=1
		   ForceWrap=False
		   FlowControl=False
		   Spacing.Line=0
		   bFill=0
		   FgColor=LL.Color.Black
		   SpaceOptimization=True
		   Link.URL=
		   WithText=False
		   MatchDevicePixel=False
		   [SortOrders]
			{
			Ascending=""
			Descending=""
			}
		   [Frame]
			{
			Default=False
			Layout=1
			[Left]
			 {
			 Spacing=1000
			 Line=False
			 }
			[Top]
			 {
			 Spacing=500
			 Line=True
			 [Line]
			  {
			  Color=LL.Color.Black
			  LineType=0
			  }
			 LineWidth=0
			 }
			[Right]
			 {
			 Spacing=1000
			 Line=False
			 }
			[Bottom]
			 {
			 Spacing=500
			 Line=True
			 [Line]
			  {
			  Color=LL.Color.Black
			  LineType=0
			  }
			 LineWidth=0
			 }
			}
		   [Font]
			{
			Default=True
			FaceName=Null()
			GdiCharSet=Null()
			Size=Null()
			Width=#Null()
			Bold=Null()
			Italic=Null()
			Underline=Null()
			Strikeout=Null()
			Color=Null()
			PitchAndFamily=Null()
			OutPrecision=Null()
			}
		   Direction=0
		   BarWidth=0
		   [BarWidth]
			{
			Align=0
			}
		   BarRatio=0
		   ExportAsPicture=False
		   DwgSaveAsJPEG=0
		   Condition=True
		   Animation=""
		   HTMLAnimation=""
		   }
		  }
		 [Options]
		  {
		  Description=
		  [LFont]
		   {
		   Default=True
		   FaceName=Null()
		   GdiCharSet=Null()
		   Size=Null()
		   Width=#Null()
		   Bold=Null()
		   Italic=Null()
		   Underline=Null()
		   Strikeout=Null()
		   Color=Null()
		   PitchAndFamily=Null()
		   OutPrecision=Null()
		   }
		  DisplayInDesigner=True
		  PDFLevel=0
		  PDFText=
		  IndexPDFLevel=0
		  IndexPDFText=
		  [ReservedSpace]
		   {
		   Left=0
		   Top=0
		   Right=0
		   Bottom=0
		   }
		  LCondition=True
		  Anchor=0
		  Anchor.ToTop=True
		  }
		 }
		}
	   [Options]
		{
		}
	   }
	  [Footer]
	   {
	   [Lines]
		{
		[Line]
		 {
		 [Columns]
		  {
		  }
		 [Options]
		  {
		  Description=
		  [LFont]
		   {
		   Default=True
		   FaceName=Null()
		   GdiCharSet=Null()
		   Size=Null()
		   Width=#Null()
		   Bold=Null()
		   Italic=Null()
		   Underline=Null()
		   Strikeout=Null()
		   Color=Null()
		   PitchAndFamily=Null()
		   OutPrecision=Null()
		   }
		  DisplayInDesigner=True
		  PDFLevel=0
		  PDFText=
		  IndexPDFLevel=0
		  IndexPDFText=
		  [ReservedSpace]
		   {
		   Left=0
		   Top=0
		   Right=0
		   Bottom=0
		   }
		  LCondition=True
		  Anchor=0
		  Anchor.ToTop=True
		  }
		 }
		}
	   [Options]
		{
		}
	   }
	  [GroupHeader]
	   {
	   [Lines]
		{
		[Line]
		 {
		 [Columns]
		  {
		  }
		 [Options]
		  {
		  Description=
		  [LFont]
		   {
		   Default=True
		   FaceName=Null()
		   GdiCharSet=Null()
		   Size=Null()
		   Width=#Null()
		   Bold=Null()
		   Italic=Null()
		   Underline=Null()
		   Strikeout=Null()
		   Color=Null()
		   PitchAndFamily=Null()
		   OutPrecision=Null()
		   }
		  DisplayInDesigner=True
		  PDFLevel=1
		  PDFText=
		  IndexPDFLevel=0
		  IndexPDFText=
		  [ReservedSpace]
		   {
		   Left=0
		   Top=1000
		   Right=0
		   Bottom=0
		   }
		  Anchor=0
		  Anchor.ToTop=True
		  GroupCondition=
		  ResetSums=
		  OnNewPage=False
		  [OnNewPage]
		   {
		   ResetPageNumberOption=0
		   }
		  PrintRightAfterHeader=False
		  KeepTogether.Group=False
		  LCondition=True
		  Expandable=False
		  }
		 }
		}
	   [Options]
		{
		}
	   }
	  [GroupFooter]
	   {
	   [Lines]
		{
		[Line]
		 {
		 [Columns]
		  {
		  [Column]
		   {
		   Identifier=
		   Text="Turnover for month "+ Month$(OrderHea.Order_Date)+": "
		   Width=141750
		   Height=10000
		   FixedHeight=0
		   bIsotropic=True
		   PlainTextFormat=True
		   Align=0
		   AlignDecPosition=-10000
		   VAlign=0
		   DrawingAlignment=8
		   Adjusted=False
		   LineWrap=1
		   ForceWrap=False
		   FlowControl=False
		   Spacing.Line=0
		   bFill=1
		   Raster=1
		   BkColor=LL.Color.Black
		   FgColor=LL.Color.Black
		   SpaceOptimization=True
		   Link.URL=
		   WithText=False
		   MatchDevicePixel=False
		   [Frame]
			{
			Default=False
			Layout=1
			[Left]
			 {
			 Spacing=1000
			 Line=False
			 }
			[Top]
			 {
			 Spacing=500
			 Line=False
			 }
			[Right]
			 {
			 Spacing=1000
			 Line=False
			 }
			[Bottom]
			 {
			 Spacing=500
			 Line=False
			 }
			}
		   [Font]
			{
			Default=False
			FaceName="Arial"
			GdiCharSet=0
			Size=10.0
			Width=0
			Bold=True
			Italic=False
			Underline=False
			Strikeout=False
			Color=LL.Color.White
			PitchAndFamily=34
			OutPrecision=3
			}
		   Direction=0
		   BarWidth=0
		   [BarWidth]
			{
			Align=0
			}
		   BarRatio=0
		   ExportAsPicture=False
		   DwgSaveAsJPEG=0
		   Condition=True
		   Animation=""
		   HTMLAnimation=""
		   }
		  [Column]
		   {
		   Identifier=
		   OutputFormatter=CURRENCY
		   [OutputFormatter.CURRENCY]
			{
			DecimalCharType=-1
			ThousandsCharType=-1
			NegativeFormatType=-1
			Decimals=-1
			EmptyIfBool=False
			LeadingZero=True
			ForceSign=False
			ExponentialFormat=0
			Units=
			RemoveTrailingZeroes=False
			MultiplyBy100=False
			PositiveFormatType=-1
			CurrencySymbol=
			}
		   Text=sum(OrderDtl.Extended_Price)
		   Width=41210
		   Height=10000
		   FixedHeight=0
		   bIsotropic=True
		   PlainTextFormat=True
		   Align=3
		   AlignDecPosition=-25000
		   VAlign=0
		   DrawingAlignment=8
		   Adjusted=False
		   LineWrap=1
		   ForceWrap=False
		   FlowControl=False
		   Spacing.Line=0
		   bFill=1
		   Raster=1
		   BkColor=LL.Color.Black
		   FgColor=LL.Color.Black
		   SpaceOptimization=True
		   Link.URL=
		   WithText=False
		   MatchDevicePixel=False
		   [Frame]
			{
			Default=False
			Layout=1
			[Left]
			 {
			 Spacing=1000
			 Line=False
			 }
			[Top]
			 {
			 Spacing=500
			 Line=False
			 }
			[Right]
			 {
			 Spacing=1000
			 Line=False
			 }
			[Bottom]
			 {
			 Spacing=500
			 Line=False
			 }
			}
		   [Font]
			{
			Default=False
			FaceName="Arial"
			GdiCharSet=0
			Size=10.0
			Width=0
			Bold=True
			Italic=False
			Underline=False
			Strikeout=False
			Color=LL.Color.White
			PitchAndFamily=34
			OutPrecision=3
			}
		   Direction=0
		   BarWidth=0
		   [BarWidth]
			{
			Align=0
			}
		   BarRatio=0
		   ExportAsPicture=False
		   DwgSaveAsJPEG=0
		   Condition=True
		   Animation=""
		   HTMLAnimation=""
		   }
		  }
		 [Options]
		  {
		  Description=
		  [LFont]
		   {
		   Default=True
		   FaceName=Null()
		   GdiCharSet=Null()
		   Size=Null()
		   Width=#Null()
		   Bold=Null()
		   Italic=Null()
		   Underline=Null()
		   Strikeout=Null()
		   Color=Null()
		   PitchAndFamily=Null()
		   OutPrecision=Null()
		   }
		  DisplayInDesigner=True
		  PDFLevel=0
		  PDFText=
		  IndexPDFLevel=0
		  IndexPDFText=
		  [ReservedSpace]
		   {
		   Left=0
		   Top=0
		   Right=0
		   Bottom=0
		   }
		  Anchor=0
		  Anchor.ToTop=True
		  GroupCondition=Month$(OrderHea.Order_Date)
		  ResetSums=
		  TriggerNewPage=False
		  LCondition=True
		  }
		 }
		}
	   [Options]
		{
		}
	   }
	  [ChildTables]
	   {
	   [Table]
		{
		TableType=List
		TableID=OrderDtl
		RelationID=OrderDtl->OrderHea
		[GroupHeaderLines]
		 {
		 bConcatDataLines=True
		 bKeepTogether=False
		 }
		[GroupFooterLines]
		 {
		 bAlsoOnEmptyGroup=False
		 bKeepTogether=False
		 }
		[DataLines]
		 {
		 bKeepTogether=True
		 bSuppress=False
		 bForceSumCalculation=True
		 }
		ZebraPattern=0
		[FooterLines]
		 {
		 bKeepTogether=False
		 }
		PageBreakCondition=False
		[DefaultFrame]
		 {
		 Layout=1
		 [Left]
		  {
		  Spacing=1000
		  Line=True
		  [Line]
		   {
		   Color=LL.Color.Black
		   LineType=0
		   }
		  LineWidth=0
		  }
		 [Top]
		  {
		  Spacing=500
		  Line=True
		  [Line]
		   {
		   Color=LL.Color.Black
		   LineType=0
		   }
		  LineWidth=0
		  }
		 [Right]
		  {
		  Spacing=1000
		  Line=True
		  [Line]
		   {
		   Color=LL.Color.Black
		   LineType=0
		   }
		  LineWidth=0
		  }
		 [Bottom]
		  {
		  Spacing=500
		  Line=True
		  [Line]
		   {
		   Color=LL.Color.Black
		   LineType=0
		   }
		  LineWidth=0
		  }
		 }
		UseSepTicks=True
		Identifier=
		Condition=True
		DistanceTop=0
		DistanceBottom=0
		WrapBefore=False
		[WrapBefore]
		 {
		 ResetPageNumberOption=0
		 }
		ShowInContextUI=True
		SortOrderID=""
		PDFLevel=0
		PDFText=
		IndexPDFLevel=0
		IndexPDFText=
		Expandable=False
		FormulaFilter=True
		DesignScheme="PROJECT"
		[Body]
		 {
		 [Lines]
		  {
		  [Line]
		   {
		   [Columns]
			{
			[Column]
			 {
			 Identifier=
			 Text=OrderHea.Order_Date
			 Width=47500
			 Height=10000
			 FixedHeight=0
			 bIsotropic=True
			 PlainTextFormat=True
			 Align=0
			 AlignDecPosition=-10000
			 VAlign=0
			 DrawingAlignment=8
			 Adjusted=False
			 LineWrap=1
			 ForceWrap=False
			 FlowControl=False
			 Spacing.Line=0
			 bFill=0
			 FgColor=LL.Color.Black
			 SpaceOptimization=True
			 Link.URL=
			 WithText=False
			 MatchDevicePixel=False
			 [Frame]
			  {
			  Default=False
			  Layout=1
			  [Left]
			   {
			   Spacing=1000
			   Line=False
			   }
			  [Top]
			   {
			   Spacing=500
			   Line=False
			   }
			  [Right]
			   {
			   Spacing=1000
			   Line=False
			   }
			  [Bottom]
			   {
			   Spacing=500
			   Line=False
			   }
			  }
			 [Font]
			  {
			  Default=True
			  FaceName=Null()
			  GdiCharSet=Null()
			  Size=Null()
			  Width=#Null()
			  Bold=Null()
			  Italic=Null()
			  Underline=Null()
			  Strikeout=Null()
			  Color=Null()
			  PitchAndFamily=Null()
			  OutPrecision=Null()
			  }
			 Direction=0
			 BarWidth=0
			 [BarWidth]
			  {
			  Align=0
			  }
			 BarRatio=0
			 ExportAsPicture=False
			 DwgSaveAsJPEG=0
			 Condition=True
			 Animation=""
			 HTMLAnimation=""
			 }
			[Column]
			 {
			 Identifier=
			 OutputFormatter=DOUBLE
			 [OutputFormatter.DOUBLE]
			  {
			  DecimalCharType=-1
			  ThousandsCharType=-1
			  NegativeFormatType=-1
			  Decimals=0
			  EmptyIfBool=False
			  LeadingZero=True
			  ForceSign=False
			  ExponentialFormat=0
			  Units=
			  RemoveTrailingZeroes=False
			  MultiplyBy100=False
			  }
			 Text=OrderDtl.Qty_Ordered
			 Width=47250
			 Height=10000
			 FixedHeight=0
			 bIsotropic=True
			 PlainTextFormat=True
			 Align=0
			 AlignDecPosition=-10000
			 VAlign=0
			 DrawingAlignment=8
			 Adjusted=False
			 LineWrap=1
			 ForceWrap=False
			 FlowControl=False
			 Spacing.Line=0
			 bFill=0
			 FgColor=LL.Color.Black
			 SpaceOptimization=True
			 Link.URL=
			 WithText=False
			 MatchDevicePixel=False
			 [Frame]
			  {
			  Default=False
			  Layout=1
			  [Left]
			   {
			   Spacing=1000
			   Line=False
			   }
			  [Top]
			   {
			   Spacing=500
			   Line=False
			   }
			  [Right]
			   {
			   Spacing=1000
			   Line=False
			   }
			  [Bottom]
			   {
			   Spacing=500
			   Line=False
			   }
			  }
			 [Font]
			  {
			  Default=True
			  FaceName=Null()
			  GdiCharSet=Null()
			  Size=Null()
			  Width=#Null()
			  Bold=Null()
			  Italic=Null()
			  Underline=Null()
			  Strikeout=Null()
			  Color=Null()
			  PitchAndFamily=Null()
			  OutPrecision=Null()
			  }
			 Direction=0
			 BarWidth=0
			 [BarWidth]
			  {
			  Align=0
			  }
			 BarRatio=0
			 ExportAsPicture=False
			 DwgSaveAsJPEG=0
			 Condition=True
			 Animation=""
			 HTMLAnimation=""
			 }
			[Column]
			 {
			 Identifier=
			 OutputFormatter=CURRENCY
			 [OutputFormatter.CURRENCY]
			  {
			  DecimalCharType=-1
			  ThousandsCharType=-1
			  NegativeFormatType=-1
			  Decimals=-1
			  EmptyIfBool=False
			  LeadingZero=True
			  ForceSign=False
			  ExponentialFormat=0
			  Units=
			  RemoveTrailingZeroes=False
			  MultiplyBy100=False
			  PositiveFormatType=-1
			  CurrencySymbol=
			  }
			 Text=OrderDtl.Price
			 Width=47250
			 Height=10000
			 FixedHeight=0
			 bIsotropic=True
			 PlainTextFormat=True
			 Align=3
			 AlignDecPosition=-25000
			 VAlign=0
			 DrawingAlignment=8
			 Adjusted=False
			 LineWrap=1
			 ForceWrap=False
			 FlowControl=False
			 Spacing.Line=0
			 bFill=0
			 FgColor=LL.Color.Black
			 SpaceOptimization=True
			 Link.URL=
			 WithText=False
			 MatchDevicePixel=False
			 [Frame]
			  {
			  Default=False
			  Layout=1
			  [Left]
			   {
			   Spacing=1000
			   Line=False
			   }
			  [Top]
			   {
			   Spacing=500
			   Line=False
			   }
			  [Right]
			   {
			   Spacing=1000
			   Line=False
			   }
			  [Bottom]
			   {
			   Spacing=500
			   Line=False
			   }
			  }
			 [Font]
			  {
			  Default=True
			  FaceName=Null()
			  GdiCharSet=Null()
			  Size=Null()
			  Width=#Null()
			  Bold=Null()
			  Italic=Null()
			  Underline=Null()
			  Strikeout=Null()
			  Color=Null()
			  PitchAndFamily=Null()
			  OutPrecision=Null()
			  }
			 Direction=0
			 BarWidth=0
			 [BarWidth]
			  {
			  Align=0
			  }
			 BarRatio=0
			 ExportAsPicture=False
			 DwgSaveAsJPEG=0
			 Condition=True
			 Animation=""
			 HTMLAnimation=""
			 }
			[Column]
			 {
			 Identifier=
			 OutputFormatter=CURRENCY
			 [OutputFormatter.CURRENCY]
			  {
			  DecimalCharType=-1
			  ThousandsCharType=-1
			  NegativeFormatType=-1
			  Decimals=-1
			  EmptyIfBool=False
			  LeadingZero=True
			  ForceSign=False
			  ExponentialFormat=0
			  Units=
			  RemoveTrailingZeroes=False
			  MultiplyBy100=False
			  PositiveFormatType=-1
			  CurrencySymbol=
			  }
			 Text=OrderDtl.Extended_Price
			 Width=47250
			 Height=10000
			 FixedHeight=0
			 bIsotropic=True
			 PlainTextFormat=True
			 Align=3
			 AlignDecPosition=-25000
			 VAlign=0
			 DrawingAlignment=8
			 Adjusted=False
			 LineWrap=1
			 ForceWrap=False
			 FlowControl=False
			 Spacing.Line=0
			 bFill=0
			 FgColor=LL.Color.Black
			 SpaceOptimization=True
			 Link.URL=
			 WithText=False
			 MatchDevicePixel=False
			 [Frame]
			  {
			  Default=False
			  Layout=1
			  [Left]
			   {
			   Spacing=1000
			   Line=False
			   }
			  [Top]
			   {
			   Spacing=500
			   Line=False
			   }
			  [Right]
			   {
			   Spacing=1000
			   Line=False
			   }
			  [Bottom]
			   {
			   Spacing=500
			   Line=False
			   }
			  }
			 [Font]
			  {
			  Default=True
			  FaceName=Null()
			  GdiCharSet=Null()
			  Size=Null()
			  Width=#Null()
			  Bold=Null()
			  Italic=Null()
			  Underline=Null()
			  Strikeout=Null()
			  Color=Null()
			  PitchAndFamily=Null()
			  OutPrecision=Null()
			  }
			 Direction=0
			 BarWidth=0
			 [BarWidth]
			  {
			  Align=0
			  }
			 BarRatio=0
			 ExportAsPicture=False
			 DwgSaveAsJPEG=0
			 Condition=True
			 Animation=""
			 HTMLAnimation=""
			 }
			}
		   [Options]
			{
			Description=
			[LFont]
			 {
			 Default=True
			 FaceName=Null()
			 GdiCharSet=Null()
			 Size=Null()
			 Width=#Null()
			 Bold=Null()
			 Italic=Null()
			 Underline=Null()
			 Strikeout=Null()
			 Color=Null()
			 PitchAndFamily=Null()
			 OutPrecision=Null()
			 }
			DisplayInDesigner=True
			PDFLevel=0
			PDFText=
			IndexPDFLevel=0
			IndexPDFText=
			[ReservedSpace]
			 {
			 Left=0
			 Top=0
			 Right=0
			 Bottom=0
			 }
			LCondition=True
			Anchor=0
			Anchor.ToTop=True
			}
		   }
		  }
		 [Options]
		  {
		  }
		 }
		[Header]
		 {
		 [Lines]
		  {
		  [Line]
		   {
		   [Columns]
			{
			}
		   [Options]
			{
			Description=
			[LFont]
			 {
			 Default=True
			 FaceName=Null()
			 GdiCharSet=Null()
			 Size=Null()
			 Width=#Null()
			 Bold=Null()
			 Italic=Null()
			 Underline=Null()
			 Strikeout=Null()
			 Color=Null()
			 PitchAndFamily=Null()
			 OutPrecision=Null()
			 }
			DisplayInDesigner=True
			PDFLevel=0
			PDFText=
			IndexPDFLevel=0
			IndexPDFText=
			[ReservedSpace]
			 {
			 Left=0
			 Top=0
			 Right=0
			 Bottom=0
			 }
			LCondition=True
			Anchor=0
			Anchor.ToTop=True
			}
		   }
		  }
		 [Options]
		  {
		  }
		 }
		[Footer]
		 {
		 [Lines]
		  {
		  [Line]
		   {
		   [Columns]
			{
			}
		   [Options]
			{
			Description=
			[LFont]
			 {
			 Default=True
			 FaceName=Null()
			 GdiCharSet=Null()
			 Size=Null()
			 Width=#Null()
			 Bold=Null()
			 Italic=Null()
			 Underline=Null()
			 Strikeout=Null()
			 Color=Null()
			 PitchAndFamily=Null()
			 OutPrecision=Null()
			 }
			DisplayInDesigner=True
			PDFLevel=0
			PDFText=
			IndexPDFLevel=0
			IndexPDFText=
			[ReservedSpace]
			 {
			 Left=0
			 Top=0
			 Right=0
			 Bottom=0
			 }
			LCondition=True
			Anchor=0
			Anchor.ToTop=True
			}
		   }
		  }
		 [Options]
		  {
		  }
		 }
		[GroupHeader]
		 {
		 [Lines]
		  {
		  [Line]
		   {
		   [Columns]
			{
			}
		   [Options]
			{
			Description=
			[LFont]
			 {
			 Default=True
			 FaceName=Null()
			 GdiCharSet=Null()
			 Size=Null()
			 Width=#Null()
			 Bold=Null()
			 Italic=Null()
			 Underline=Null()
			 Strikeout=Null()
			 Color=Null()
			 PitchAndFamily=Null()
			 OutPrecision=Null()
			 }
			DisplayInDesigner=True
			PDFLevel=1
			PDFText=
			IndexPDFLevel=0
			IndexPDFText=
			[ReservedSpace]
			 {
			 Left=0
			 Top=1000
			 Right=0
			 Bottom=0
			 }
			Anchor=0
			Anchor.ToTop=True
			GroupCondition=
			ResetSums=
			OnNewPage=False
			[OnNewPage]
			 {
			 ResetPageNumberOption=0
			 }
			PrintRightAfterHeader=False
			KeepTogether.Group=False
			LCondition=True
			Expandable=False
			}
		   }
		  }
		 [Options]
		  {
		  }
		 }
		[GroupFooter]
		 {
		 [Lines]
		  {
		  [Line]
		   {
		   [Columns]
			{
			}
		   [Options]
			{
			Description=
			[LFont]
			 {
			 Default=True
			 FaceName=Null()
			 GdiCharSet=Null()
			 Size=Null()
			 Width=#Null()
			 Bold=Null()
			 Italic=Null()
			 Underline=Null()
			 Strikeout=Null()
			 Color=Null()
			 PitchAndFamily=Null()
			 OutPrecision=Null()
			 }
			DisplayInDesigner=True
			PDFLevel=0
			PDFText=
			IndexPDFLevel=0
			IndexPDFText=
			[ReservedSpace]
			 {
			 Left=0
			 Top=0
			 Right=0
			 Bottom=1000
			 }
			Anchor=0
			Anchor.ToTop=True
			GroupCondition=
			ResetSums=
			TriggerNewPage=False
			LCondition=True
			}
		   }
		  }
		 [Options]
		  {
		  }
		 }
		}
	   }
	  }
	 }
	}
   [Table]
	{
	TableType=Chart
	TableID=SalesP
	RelationID=
	[DistanceFromPrintBorder]
	 {
	 Left=0
	 Top=0
	 Right=0
	 Bottom=0
	 }
	Height=100000
	ColumnCount=0
	ColumnCount.Distance=1000
	ColumnBreakCondition=False
	ColumnBreakBefore=False
	Identifier=Turnover chart
	Condition=True
	DistanceTop=0
	DistanceBottom=0
	WrapBefore=True
	[WrapBefore]
	 {
	 ResetPageNumberOption=0
	 }
	ShowInContextUI=True
	SortOrderID=""
	[SourceTablePath]
	 {
	 [Table]
	  {
	  ID=OrderHea
	  RelationID=OrderHea->SalesP
	  }
	 [Table]
	  {
	  ID=OrderDtl
	  RelationID=OrderDtl->OrderHea
	  }
	 }
	CombineWithNextStaticTable=False
	PDFLevel=0
	PDFText=
	IndexPDFLevel=0
	IndexPDFText=
	FormulaFilter=True
	Animation=""
	HTMLAnimation=""
	[LLXParameters]
	 {
	 [Engine]
	  {
	  bFill=0
	  HasAlternatezAxis=False
	  zAxisSecondaryAssignment=0
	  Isotropic=False
	  Orientation=1
	  UseLightEffect=True
	  Perspective=0
	  RotZ=30
	  RotX=30
	  FrameColor=RGB(180,180,180)
	  Projection=1
	  [AdditionalProperties]
	   {
	   Type=1
	   DataMode=0
	   VisMode=1
	   Flags=7340032
	   bNewAxisMode=TRUE
	   }
	  [xAxis]
	   {
	   FormulaValue=SalesP.Name
	   FormulaFilter=True
	   SamplesForDesigner=10
	   AutoSort=0
	   MaxEntryCount=0
	   [MaxEntryCount]
		{
		bWithOthers=False
		}
	   Label="Andere"
	   MinimumPercentage=0
	   RoundLimits=True
	   FormulaCoord=LL.ChartObject.AxisCoordinate
	   [FormulaCoord.Font]
		{
		Default=True
		FaceName=Null()
		GdiCharSet=Null()
		Size=Null()
		Width=#Null()
		Bold=Null()
		Italic=Null()
		Underline=Null()
		Strikeout=Null()
		Color=Null()
		PitchAndFamily=Null()
		OutPrecision=Null()
		}
	   FormulaCoord.RotationAngle=0
	   FormulaCoord.FixedSize=False
	   FormulaCoord.OutputFormatter=
	   FormulaLabel="Employee"
	   [FormulaLabel.Font]
		{
		Default=True
		FaceName=Null()
		GdiCharSet=Null()
		Size=Null()
		Width=#Null()
		Bold=Null()
		Italic=Null()
		Underline=Null()
		Strikeout=Null()
		Color=Null()
		PitchAndFamily=Null()
		OutPrecision=Null()
		}
	   FormulaLabel.RotationAngle=0
	   FormulaLabel.OutputFormatter=
	   CoordTextPlacement=1
	   CoordTextPlacement.Equidistant=False
	   [CoordTextPlacement.bFrame]
		{
		Layout=0
		[Left]
		 {
		 Spacing=1000
		 Line=False
		 }
		[Top]
		 {
		 Spacing=1000
		 Line=False
		 }
		[Right]
		 {
		 Spacing=1000
		 Line=False
		 }
		[Bottom]
		 {
		 Spacing=1000
		 Line=False
		 }
		}
	   RelativePartOfAtAxisText=30
	   RelativePartOfLegendText=0
	   TickmarkColor=RGB(180,180,180)
	   CountOfIntermediateTicks=0
	   [AreaList]
		{
		[ItemList]
		 {
		 }
		}
	   }
	  [zAxis0]
	   {
	   FormulaMin=True
	   [FormulaMin]
		{
		Value=0
		}
	   FormulaMax=True
	   [FormulaMax]
		{
		Value=1.0
		}
	   FilterZeroes=False
	   HandleNullValue=0
	   FormulaValue=Sum(OrderDtl.Extended_Price)
	   FormulaCoordOnObjects=0
	   [FormulaCoordOnObjects]
		{
		[Font]
		 {
		 Default=True
		 FaceName=Null()
		 GdiCharSet=Null()
		 Size=Null()
		 Width=#Null()
		 Bold=Null()
		 Italic=Null()
		 Underline=Null()
		 Strikeout=Null()
		 Color=Null()
		 PitchAndFamily=Null()
		 OutPrecision=Null()
		 }
		OutputFormatter=
		Formula=LL.ChartObject.AxisCoordinate
		[Filling]
		 {
		 bShow=0
		 }
		RotationAngle=0
		OOTextDrawMethod=0
		}
	   AutoTickmarks=True
	   [AutoTickmarks]
		{
		Value=1.0
		}
	   Visual=1
	   LineTypeOverride=0
	   VisualSym=-1
	   CoordGridLines=True
	   [CoordGridLines]
		{
		Color=LL.Color.Black
		LineType=0
		}
	   CoordGridLinesWidth=0
	   CoordGridZebraPattern=1
	   [ZebraPattern]
		{
		Pattern=1
		Color=LL.Color.WhiteSmoke
		}
	   BarWidthPercentage=40
	   Distortion=0
	   PostProcessing=0
	   [PostProcessing]
		{
		Count=3
		}
	   FormulaCoord=LL.ChartObject.AxisCoordinate
	   [FormulaCoord.Font]
		{
		Default=True
		FaceName=Null()
		GdiCharSet=Null()
		Size=Null()
		Width=#Null()
		Bold=Null()
		Italic=Null()
		Underline=Null()
		Strikeout=Null()
		Color=Null()
		PitchAndFamily=Null()
		OutPrecision=Null()
		}
	   FormulaCoord.RotationAngle=0
	   FormulaCoord.FixedSize=False
	   FormulaCoord.OutputFormatter=
	   FormulaLabel="Turnover"
	   [FormulaLabel.Font]
		{
		Default=True
		FaceName=Null()
		GdiCharSet=Null()
		Size=Null()
		Width=#Null()
		Bold=Null()
		Italic=Null()
		Underline=Null()
		Strikeout=Null()
		Color=Null()
		PitchAndFamily=Null()
		OutPrecision=Null()
		}
	   FormulaLabel.RotationAngle=90.0
	   FormulaLabel.OutputFormatter=
	   CoordTextPlacement=1
	   CoordTextPlacement.Equidistant=False
	   [CoordTextPlacement.bFrame]
		{
		Layout=0
		[Left]
		 {
		 Spacing=1000
		 Line=False
		 }
		[Top]
		 {
		 Spacing=1000
		 Line=False
		 }
		[Right]
		 {
		 Spacing=1000
		 Line=False
		 }
		[Bottom]
		 {
		 Spacing=1000
		 Line=False
		 }
		}
	   RelativePartOfAtAxisText=30
	   RelativePartOfLegendText=0
	   TickmarkColor=RGB(180,180,180)
	   CountOfIntermediateTicks=0
	   [AreaList]
		{
		[ItemList]
		 {
		 }
		}
	   }
	  [RScriptData]
	   {
	   RSCode=
	   }
	  }
	 TitleFormula='Diagram'
	 [TitleFormula.Font]
	  {
	  Default=True
	  FaceName=Null()
	  GdiCharSet=Null()
	  Size=Null()
	  Width=#Null()
	  Bold=Null()
	  Italic=Null()
	  Underline=Null()
	  Strikeout=Null()
	  Color=Null()
	  PitchAndFamily=Null()
	  OutPrecision=Null()
	  }
	 TitleFormula.OutputFormatter=
	 TitlePosition=0
	 Background=True
	 [Background]
	  {
	  [Filling]
	   {
	   bShow=3
	   Color=@RGB_Blue
	   Color2=LL.Color.White
	   }
	  [Frame]
	   {
	   bShow=1
	   Color=LL.Color.Black
	   Width=10
	   }
	  [Shadow]
	   {
	   bShow=0
	   }
	  Rounding=0
	  }
	 Colors\Color0=RGB(255,51,0)
	 Colors\Color1=RGB(0,102,204)
	 Colors\Color2=RGB(102,204,51)
	 Colors\Color3=RGB(255,204,0)
	 Colors\Color4=RGB(255,121,75)
	 Colors\Color5=RGB(153,153,255)
	 Colors\Color6=RGB(180,220,180)
	 Colors\Color7=RGB(255,219,157)
	 Colors\Color8=RGB(255,153,51)
	 Colors\Color9=RGB(102,102,204)
	 EnhancedColorContrast=False
	 Version=2
	 UUID={4F64480C-8737-4F63-8967-805A42FC8553}
	 }
	}
   }
  }
[Object]
 ObjectID=1
 ObjectName=Text
 Locked=FALSE
 LinkUUID={D3AA5407-0139-4FC2-A58D-9845F559F661}
 LinkMode=32
 LayerID=0
 LayerCond=
 GroupUUID=
 Identifier=Printing Info
 Condition=True
 UserLocked=False
 WrapBefore=False
 bPageWrap=False
 ExportAsPicture=False
 Position/Left=15000
 Position/Top=274960
 Position/Width=182880
 Position/Height=8740
 Direction=0
 bFill=0
 Frame/Layout=0
 Frame/Left/Spacing=0
 Frame/Left/Line=False
 Frame/Top/Spacing=0
 Frame/Top/Line=False
 Frame/Right/Spacing=0
 Frame/Right/Line=False
 Frame/Bottom/Spacing=0
 Frame/Bottom/Line=False
 PDFLevel=0
 PDFText=
 IndexPDFLevel=0
 IndexPDFText=
 IssueCondition=True
 Link.URL=
 Animation=""
 HTMLAnimation=""
 bBottomAligned=0
 [@Lines]
  {
  [Lines]
   {
   [Line]
	{
	[Font]
	 {
	 Default=True
	 FaceName=Null()
	 GdiCharSet=Null()
	 Size=Null()
	 Width=#Null()
	 Bold=Null()
	 Italic=Null()
	 Underline=Null()
	 Strikeout=Null()
	 Color=Null()
	 PitchAndFamily=Null()
	 OutPrecision=Null()
	 }
	Align=2
	Adjusted=False
	Uneraseable=False
	LineWrap=1
	PageWrapAllowed=True
	ForceWrap=False
	SpaceOptimization=True
	Spacing.Paragraph=0
	Spacing.Line=0
	OutputFormatter=
	Condition=True
	[ConditionalFormatter]
	 {
	 }
	Text="Page " + FStr$(Page(),"###",1) + " of " + TotalPages$ () + "¶" + "Printed " + Date$(Today(),"%D, %M %d, %y") + " at " + Time$("%h:%02m") + " on " + LL.OutputDevice
	Tab=0
	TabAlign=0
	}
   }
  }
[Object]
 ObjectID=1
 ObjectName=Text
 Locked=FALSE
 LinkUUID={7AB6E93A-BF9B-4670-B152-195BEBA0C9E2}
 LinkMode=32
 LayerID=0
 LayerCond=
 GroupUUID=
 Identifier=Copyright /LINK:http://www.combit.net/en/ListLabel.aspx
 Condition=True
 UserLocked=False
 WrapBefore=False
 bPageWrap=False
 ExportAsPicture=False
 Position/Left=12940
 Position/Top=286750
 Position/Width=80700
 Position/Height=2450
 Direction=0
 bFill=0
 Frame/Layout=0
 Frame/Left/Spacing=0
 Frame/Left/Line=False
 Frame/Top/Spacing=0
 Frame/Top/Line=False
 Frame/Right/Spacing=0
 Frame/Right/Line=False
 Frame/Bottom/Spacing=0
 Frame/Bottom/Line=False
 PDFLevel=0
 PDFText=
 IndexPDFLevel=0
 IndexPDFText=
 IssueCondition=True
 Link.URL=
 Animation=""
 HTMLAnimation=""
 bBottomAligned=0
 bWYSIWYGDialog=FALSE
 [@Lines]
  {
  [Lines]
   {
   [Line]
	{
	[Font]
	 {
	 Default=False
	 FaceName="Arial"
	 GdiCharSet=0
	 Size=5.0
	 Width=0
	 Bold=False
	 Italic=False
	 Underline=False
	 Strikeout=False
	 Color=LL.Color.Black
	 PitchAndFamily=34
	 OutPrecision=3
	 }
	Align=0
	Adjusted=False
	Uneraseable=False
	LineWrap=0
	PageWrapAllowed=False
	ForceWrap=False
	SpaceOptimization=True
	Spacing.Paragraph=0
	Spacing.Line=0
	OutputFormatter=
	Condition=True
	[ConditionalFormatter]
	 {
	 }
	Text="designed & printed with combit® List & Label®"
	Tab=0
	TabAlign=0
	}
   }
  }
[UserVariables]
[Parameters]
 [@Parameters]
  {
  [Parameters]
   {
   LL.ActiveLayout=Standard layout
   LL.ProjectDescription=List & Label Projektdatei
   }
  }
[UsedIdentifiers]
 Variables=
 Fields=OrderDtl.Extended_Price;OrderDtl.Order_Number;OrderDtl.Price;OrderDtl.Qty_Ordered;OrderHea.Order_Date;OrderHea.Order_Number;OrderHea.SalesPerson_ID;SalesP.ID;SalesP.Name
 ChartFields=
[PageLayouts]
 [@PageLayouts]
  {
  [PageLayouts]
   {
   [PageLayout]
	{
	DisplayName=Chart Layout
	Condition=LL.CurrentContainerItem="Turnover chart"
	SourceTray=0
	ForcePaperFormat=True
	UsePhysicalPaper=True
	PaperFormat=9
	PaperFormat.cx=210000
	PaperFormat.cy=297000
	PaperFormat.Orientation=2
	Copies=1
	Duplex=0
	Collate=0
	FitPage=False
	ShowInPrintDialog=True
	}
   [PageLayout]
	{
	DisplayName=
	Condition=True
	SourceTray=0
	ForcePaperFormat=True
	UsePhysicalPaper=True
	PaperFormat=9
	PaperFormat.cx=210000
	PaperFormat.cy=297000
	PaperFormat.Orientation=1
	Copies=1
	Duplex=0
	Collate=0
	FitPage=False
	ShowInPrintDialog=True
	}
   }
  }
[ExtendedInfo]
 [@ExtendedInfos]
  {
  [UserDefinedDesignScheme]
   {
   [Foreground]
	{
	Color=(255,230,179)
	Color=(173,215,227)
	Color=(167,195,209)
	Color=(238,190,93)
	Color=(102,204,199)
	Color=(165,170,199)
	Color=(242,167,17)
	Color=(166,178,102)
	Color=(155,122,153)
	Color=(135,95,119)
	}
   [Background]
	{
	Color=(240,249,255)
	Color=(255,230,179)
	Color=(173,215,227)
	Color=(167,195,209)
	FillMode=1
	}
   }
  [UIDescriptions]
   {
   0=X:\Visual DataFlex Projects\LLLibraryLaufend\LLOrderSample\Layouts\Mixed portrait and landscape.lst
   }
  }
