[List description]
[Description]
 Text=List & Label Projektdatei
 FileVersion=16
 RootTable=ITEMS
 Units=SCM-Units
 Metric=3
 TextQuote.Start=1
 TextQuote.End=1
 RepresentationCode.CondStart=171
 RepresentationCode.CondSep=166
 RepresentationCode.CondEnd=187
 RepresentationCode.Tab=247
 RepresentationCode.Ret=182
 RepresentationCode.PhantomSpace=8203
 RepresentationCode.LockNextChar=8288
 RepresentationCode.ExprSep=164
 LCID=1031
 UserVars.ManualSortOrder=1
 CreatedByCallFrom=XPPRT1.dll
 [@DatabaseStructure]
  {
  [DatabaseStructures]
   {
   [DatabaseStructure]
	{
	[Table:ITEMS]
	 {
	 }
	}
   [DatabaseStructure]
	{
	}
   }
  }
[Layout]
 P1.Template=
 xGrid=1000
 yGrid=1000
 GridShow=FALSE
 GridSnap=FALSE
 EnhancedExpressions=TRUE
 EnhancedOldExpressions=FALSE
 Decimals=2
 RealDataPreviewPageLimit=-2
 DefFont={(0,0,0),12.000000,-16,0,0,0,400,0,0,0,0,4,0,0,0,Arial}
 HelpLines.Horizontal=
 HelpLines.Vertical=
 PDF.MaxOutlineDepth=2
 PDF.MaxOutlineDepth.IDX=3
 DefaultSize.Objecttype6=(0,0,172450,256460)
 ObjectCount=1
[UserSection]
 
[SumVariables]
[Layer]
 Name=Basis
 Condition=
 WorkspaceColor=(102,102,102)
 Visible=TRUE
 LayerID=0
[Layer]
 Name=Erste Seite
 Condition=Page() = 1
 WorkspaceColor=(197,207,10)
 Visible=TRUE
 LayerID=1
[Layer]
 Name=Folgeseiten
 Condition=Page() <> 1
 WorkspaceColor=(161,203,243)
 Visible=TRUE
 LayerID=2
[ProjectTemplates]
 [@ProjectTemplates]
  {
  [ProjectTemplates]
   {
   }
  }
[Object]
 ObjectID=6
 ObjectName=Berichtscontainer
 Locked=FALSE
 LinkUUID={E33A9BC7-6173-4029-8283-A9F26288CF52}
 LinkMode=32
 LayerID=0
 LayerCond=
 GroupUUID=
 Identifier=
 Condition=True
 UserLocked=False
 WrapBefore=False
 Position/Left=23910
 Position/Top=17070
 Position/Width=172450
 Position/Height=256460
 Direction=0
 Frame/Layout=0
 Frame/Left/Spacing=0
 Frame/Left/Line=False
 Frame/Top/Spacing=0
 Frame/Top/Line=False
 Frame/Right/Spacing=0
 Frame/Right/Line=False
 Frame/Bottom/Spacing=0
 Frame/Bottom/Line=False
 PDFLevel=0
 PDFText=
 IndexPDFLevel=0
 IndexPDFText=
 IssueCondition=True
 Link.URL=
 DefaultFont/Default=True
 DefaultFont/FaceName=Null()
 DefaultFont/GdiCharSet=Null()
 DefaultFont/Size=Null()
 DefaultFont/Width=#Null()
 DefaultFont/Bold=Null()
 DefaultFont/Italic=Null()
 DefaultFont/Underline=Null()
 DefaultFont/Strikeout=Null()
 DefaultFont/Color=Null()
 DefaultFont/PitchAndFamily=Null()
 DefaultFont/OutPrecision=Null()
 FgColor=RGB(180,180,180)
 bFill=0
 CurrentTable=0
 ColumnCount=1
 ColumnCount.Distance=1000
 [@Tables]
  {
  [Tables]
   {
   [Table]
	{
	TableType=List
	TableID=ITEMS
	RelationID=
	LinkUUID={2EE66462-79A1-4851-B3CB-D86C82E81E68}
	[GroupHeaderLines]
	 {
	 bConcatDataLines=True
	 bKeepTogether=False
	 }
	[GroupFooterLines]
	 {
	 bAlsoOnEmptyGroup=False
	 bKeepTogether=False
	 }
	[DataLines]
	 {
	 bKeepTogether=True
	 [bKeepTogether]
	  {
	  IndexedGroups=False
	  }
	 bSuppress=False
	 bForceSumCalculation=True
	 }
	ZebraPattern=0
	[FooterLines]
	 {
	 bKeepTogether=False
	 }
	PageBreakCondition=False
	[DefaultFrame]
	 {
	 Layout=1
	 [Left]
	  {
	  Spacing=1000
	  Line=True
	  [Line]
	   {
	   Color=RGB(180,180,180)
	   LineType=0
	   }
	  LineWidth=0
	  }
	 [Top]
	  {
	  Spacing=500
	  Line=True
	  [Line]
	   {
	   Color=RGB(180,180,180)
	   LineType=0
	   }
	  LineWidth=0
	  }
	 [Right]
	  {
	  Spacing=1000
	  Line=True
	  [Line]
	   {
	   Color=RGB(180,180,180)
	   LineType=0
	   }
	  LineWidth=0
	  }
	 [Bottom]
	  {
	  Spacing=500
	  Line=True
	  [Line]
	   {
	   Color=RGB(180,180,180)
	   LineType=0
	   }
	  LineWidth=0
	  }
	 }
	UseSepTicks=True
	ColumnCount=0
	ColumnCount.Distance=1000
	FillPrioHorizonal=False
	ColumnBreakCondition=False
	ColumnBreakBefore=False
	bFooterOnBottom=False
	bFillBottom=False
	Identifier=
	Condition=True
	DistanceTop=2000
	DistanceBottom=3000
	WrapBefore=False
	ShowInContextUI=True
	PDFLevel=0
	PDFText=
	IndexPDFLevel=0
	IndexPDFText=
	FormulaFilter=Items.ARTICLENO == @Name
	DesignScheme="PROJECT"
	Animation=""
	Subreport=False
	Import=FALSE
	[Body]
	 {
	 [Lines]
	  {
	  [Line]
	   {
	   [Columns]
		{
		[Column]
		 {
		 Identifier=
		 Text=Items.BILLNO
		 Width=41830
		 Height=10000
		 FixedHeight=0
		 bIsotropic=True
		 PlainTextFormat=True
		 Align=0
		 AlignDecPosition=-10000
		 VAlign=0
		 DrawingAlignment=0
		 Adjusted=False
		 LineWrap=1
		 ForceWrap=False
		 FlowControl=False
		 Spacing.Line=0
		 bFill=0
		 FgColor=LL.Color.Black
		 SpaceOptimization=True
		 Link.URL=
		 WithText=False
		 MatchDevicePixel=False
		 [Frame]
		  {
		  Default=True
		  Layout=1
		  [Left]
		   {
		   Spacing=1000
		   Line=True
		   [Line]
			{
			Color=RGB(180,180,180)
			LineType=0
			}
		   LineWidth=0
		   }
		  [Top]
		   {
		   Spacing=500
		   Line=True
		   [Line]
			{
			Color=RGB(180,180,180)
			LineType=0
			}
		   LineWidth=0
		   }
		  [Right]
		   {
		   Spacing=1000
		   Line=True
		   [Line]
			{
			Color=RGB(180,180,180)
			LineType=0
			}
		   LineWidth=0
		   }
		  [Bottom]
		   {
		   Spacing=500
		   Line=True
		   [Line]
			{
			Color=RGB(180,180,180)
			LineType=0
			}
		   LineWidth=0
		   }
		  }
		 [Font]
		  {
		  Default=True
		  FaceName=Null()
		  GdiCharSet=Null()
		  Size=Null()
		  Width=#Null()
		  Bold=Null()
		  Italic=Null()
		  Underline=Null()
		  Strikeout=Null()
		  Color=Null()
		  PitchAndFamily=Null()
		  OutPrecision=Null()
		  }
		 Direction=0
		 BarWidth=0
		 [BarWidth]
		  {
		  Align=0
		  }
		 BarRatio=0
		 ExportAsPicture=False
		 DwgSaveAsJPEG=0
		 Condition=True
		 Animation=""
		 HTMLAnimation=""
		 }
		[Column]
		 {
		 Identifier=
		 Text=Items.PRICEPP
		 Width=30000
		 Height=10000
		 FixedHeight=0
		 bIsotropic=True
		 PlainTextFormat=True
		 Align=0
		 AlignDecPosition=-10000
		 VAlign=0
		 DrawingAlignment=0
		 Adjusted=False
		 LineWrap=1
		 ForceWrap=False
		 FlowControl=False
		 Spacing.Line=0
		 bFill=0
		 FgColor=LL.Color.Black
		 SpaceOptimization=True
		 Link.URL=
		 WithText=False
		 MatchDevicePixel=False
		 [Frame]
		  {
		  Default=True
		  Layout=1
		  [Left]
		   {
		   Spacing=1000
		   Line=True
		   [Line]
			{
			Color=RGB(180,180,180)
			LineType=0
			}
		   LineWidth=0
		   }
		  [Top]
		   {
		   Spacing=500
		   Line=True
		   [Line]
			{
			Color=RGB(180,180,180)
			LineType=0
			}
		   LineWidth=0
		   }
		  [Right]
		   {
		   Spacing=1000
		   Line=True
		   [Line]
			{
			Color=RGB(180,180,180)
			LineType=0
			}
		   LineWidth=0
		   }
		  [Bottom]
		   {
		   Spacing=500
		   Line=True
		   [Line]
			{
			Color=RGB(180,180,180)
			LineType=0
			}
		   LineWidth=0
		   }
		  }
		 [Font]
		  {
		  Default=True
		  FaceName=Null()
		  GdiCharSet=Null()
		  Size=Null()
		  Width=#Null()
		  Bold=Null()
		  Italic=Null()
		  Underline=Null()
		  Strikeout=Null()
		  Color=Null()
		  PitchAndFamily=Null()
		  OutPrecision=Null()
		  }
		 Direction=0
		 BarWidth=0
		 [BarWidth]
		  {
		  Align=0
		  }
		 BarRatio=0
		 ExportAsPicture=False
		 DwgSaveAsJPEG=0
		 Condition=True
		 Animation=""
		 HTMLAnimation=""
		 }
		[Column]
		 {
		 Identifier=
		 Text=Items.COUNT
		 Width=30000
		 Height=10000
		 FixedHeight=0
		 bIsotropic=True
		 PlainTextFormat=True
		 Align=0
		 AlignDecPosition=-10000
		 VAlign=0
		 DrawingAlignment=0
		 Adjusted=False
		 LineWrap=1
		 ForceWrap=False
		 FlowControl=False
		 Spacing.Line=0
		 bFill=0
		 FgColor=LL.Color.Black
		 SpaceOptimization=True
		 Link.URL=
		 WithText=False
		 MatchDevicePixel=False
		 [Frame]
		  {
		  Default=True
		  Layout=1
		  [Left]
		   {
		   Spacing=1000
		   Line=True
		   [Line]
			{
			Color=RGB(180,180,180)
			LineType=0
			}
		   LineWidth=0
		   }
		  [Top]
		   {
		   Spacing=500
		   Line=True
		   [Line]
			{
			Color=RGB(180,180,180)
			LineType=0
			}
		   LineWidth=0
		   }
		  [Right]
		   {
		   Spacing=1000
		   Line=True
		   [Line]
			{
			Color=RGB(180,180,180)
			LineType=0
			}
		   LineWidth=0
		   }
		  [Bottom]
		   {
		   Spacing=500
		   Line=True
		   [Line]
			{
			Color=RGB(180,180,180)
			LineType=0
			}
		   LineWidth=0
		   }
		  }
		 [Font]
		  {
		  Default=True
		  FaceName=Null()
		  GdiCharSet=Null()
		  Size=Null()
		  Width=#Null()
		  Bold=Null()
		  Italic=Null()
		  Underline=Null()
		  Strikeout=Null()
		  Color=Null()
		  PitchAndFamily=Null()
		  OutPrecision=Null()
		  }
		 Direction=0
		 BarWidth=0
		 [BarWidth]
		  {
		  Align=0
		  }
		 BarRatio=0
		 ExportAsPicture=False
		 DwgSaveAsJPEG=0
		 Condition=True
		 Animation=""
		 HTMLAnimation=""
		 }
		[Column]
		 {
		 Identifier=
		 Text=Items.COUNT*Items.PRICEPP
		 Width=30000
		 Height=10000
		 FixedHeight=0
		 bIsotropic=True
		 PlainTextFormat=True
		 Align=0
		 AlignDecPosition=-10000
		 VAlign=0
		 DrawingAlignment=0
		 Adjusted=False
		 LineWrap=1
		 ForceWrap=False
		 FlowControl=False
		 Spacing.Line=0
		 bFill=0
		 FgColor=LL.Color.Black
		 SpaceOptimization=True
		 Link.URL=
		 WithText=False
		 MatchDevicePixel=False
		 [Frame]
		  {
		  Default=True
		  Layout=1
		  [Left]
		   {
		   Spacing=1000
		   Line=True
		   [Line]
			{
			Color=RGB(180,180,180)
			LineType=0
			}
		   LineWidth=0
		   }
		  [Top]
		   {
		   Spacing=500
		   Line=True
		   [Line]
			{
			Color=RGB(180,180,180)
			LineType=0
			}
		   LineWidth=0
		   }
		  [Right]
		   {
		   Spacing=1000
		   Line=True
		   [Line]
			{
			Color=RGB(180,180,180)
			LineType=0
			}
		   LineWidth=0
		   }
		  [Bottom]
		   {
		   Spacing=500
		   Line=True
		   [Line]
			{
			Color=RGB(180,180,180)
			LineType=0
			}
		   LineWidth=0
		   }
		  }
		 [Font]
		  {
		  Default=True
		  FaceName=Null()
		  GdiCharSet=Null()
		  Size=Null()
		  Width=#Null()
		  Bold=Null()
		  Italic=Null()
		  Underline=Null()
		  Strikeout=Null()
		  Color=Null()
		  PitchAndFamily=Null()
		  OutPrecision=Null()
		  }
		 Direction=0
		 BarWidth=0
		 [BarWidth]
		  {
		  Align=0
		  }
		 BarRatio=0
		 ExportAsPicture=False
		 DwgSaveAsJPEG=0
		 Condition=True
		 Animation=""
		 HTMLAnimation=""
		 }
		}
	   [Options]
		{
		Description=
		[LFont]
		 {
		 Default=True
		 FaceName=Null()
		 GdiCharSet=Null()
		 Size=Null()
		 Width=#Null()
		 Bold=Null()
		 Italic=Null()
		 Underline=Null()
		 Strikeout=Null()
		 Color=Null()
		 PitchAndFamily=Null()
		 OutPrecision=Null()
		 }
		DisplayInDesigner=True
		PDFLevel=0
		PDFText=
		IndexPDFLevel=0
		IndexPDFText=
		[ReservedSpace]
		 {
		 Left=0
		 Top=0
		 Right=0
		 Bottom=0
		 }
		LCondition=True
		IndexedGroups=0
		Anchor=0
		Anchor.ToTop=True
		}
	   }
	  }
	 [Options]
	  {
	  }
	 }
	[Header]
	 {
	 [Lines]
	  {
	  [Line]
	   {
	   [Columns]
		{
		[Column]
		 {
		 Identifier=
		 Text="BILLNO"
		 Width=41830
		 Height=10000
		 FixedHeight=0
		 bIsotropic=True
		 PlainTextFormat=True
		 Align=0
		 AlignDecPosition=-10000
		 VAlign=0
		 DrawingAlignment=0
		 Adjusted=False
		 LineWrap=1
		 ForceWrap=False
		 FlowControl=False
		 Spacing.Line=0
		 bFill=0
		 FgColor=LL.Color.Black
		 SpaceOptimization=True
		 Link.URL=
		 WithText=False
		 MatchDevicePixel=False
		 [Frame]
		  {
		  Default=True
		  Layout=1
		  [Left]
		   {
		   Spacing=1000
		   Line=True
		   [Line]
			{
			Color=RGB(180,180,180)
			LineType=0
			}
		   LineWidth=0
		   }
		  [Top]
		   {
		   Spacing=500
		   Line=True
		   [Line]
			{
			Color=RGB(180,180,180)
			LineType=0
			}
		   LineWidth=0
		   }
		  [Right]
		   {
		   Spacing=1000
		   Line=True
		   [Line]
			{
			Color=RGB(180,180,180)
			LineType=0
			}
		   LineWidth=0
		   }
		  [Bottom]
		   {
		   Spacing=500
		   Line=True
		   [Line]
			{
			Color=RGB(180,180,180)
			LineType=0
			}
		   LineWidth=0
		   }
		  }
		 [Font]
		  {
		  Default=True
		  FaceName=Null()
		  GdiCharSet=Null()
		  Size=Null()
		  Width=#Null()
		  Bold=Null()
		  Italic=Null()
		  Underline=Null()
		  Strikeout=Null()
		  Color=Null()
		  PitchAndFamily=Null()
		  OutPrecision=Null()
		  }
		 Direction=0
		 BarWidth=0
		 [BarWidth]
		  {
		  Align=0
		  }
		 BarRatio=0
		 ExportAsPicture=False
		 DwgSaveAsJPEG=0
		 Condition=True
		 Animation=""
		 HTMLAnimation=""
		 }
		[Column]
		 {
		 Identifier=
		 Text="PRICEPP"
		 Width=30000
		 Height=10000
		 FixedHeight=0
		 bIsotropic=True
		 PlainTextFormat=True
		 Align=0
		 AlignDecPosition=-10000
		 VAlign=0
		 DrawingAlignment=0
		 Adjusted=False
		 LineWrap=1
		 ForceWrap=False
		 FlowControl=False
		 Spacing.Line=0
		 bFill=0
		 FgColor=LL.Color.Black
		 SpaceOptimization=True
		 Link.URL=
		 WithText=False
		 MatchDevicePixel=False
		 [Frame]
		  {
		  Default=True
		  Layout=1
		  [Left]
		   {
		   Spacing=1000
		   Line=True
		   [Line]
			{
			Color=RGB(180,180,180)
			LineType=0
			}
		   LineWidth=0
		   }
		  [Top]
		   {
		   Spacing=500
		   Line=True
		   [Line]
			{
			Color=RGB(180,180,180)
			LineType=0
			}
		   LineWidth=0
		   }
		  [Right]
		   {
		   Spacing=1000
		   Line=True
		   [Line]
			{
			Color=RGB(180,180,180)
			LineType=0
			}
		   LineWidth=0
		   }
		  [Bottom]
		   {
		   Spacing=500
		   Line=True
		   [Line]
			{
			Color=RGB(180,180,180)
			LineType=0
			}
		   LineWidth=0
		   }
		  }
		 [Font]
		  {
		  Default=True
		  FaceName=Null()
		  GdiCharSet=Null()
		  Size=Null()
		  Width=#Null()
		  Bold=Null()
		  Italic=Null()
		  Underline=Null()
		  Strikeout=Null()
		  Color=Null()
		  PitchAndFamily=Null()
		  OutPrecision=Null()
		  }
		 Direction=0
		 BarWidth=0
		 [BarWidth]
		  {
		  Align=0
		  }
		 BarRatio=0
		 ExportAsPicture=False
		 DwgSaveAsJPEG=0
		 Condition=True
		 Animation=""
		 HTMLAnimation=""
		 }
		[Column]
		 {
		 Identifier=
		 Text="COUNT"
		 Width=30000
		 Height=10000
		 FixedHeight=0
		 bIsotropic=True
		 PlainTextFormat=True
		 Align=0
		 AlignDecPosition=-10000
		 VAlign=0
		 DrawingAlignment=0
		 Adjusted=False
		 LineWrap=1
		 ForceWrap=False
		 FlowControl=False
		 Spacing.Line=0
		 bFill=0
		 FgColor=LL.Color.Black
		 SpaceOptimization=True
		 Link.URL=
		 WithText=False
		 MatchDevicePixel=False
		 [Frame]
		  {
		  Default=True
		  Layout=1
		  [Left]
		   {
		   Spacing=1000
		   Line=True
		   [Line]
			{
			Color=RGB(180,180,180)
			LineType=0
			}
		   LineWidth=0
		   }
		  [Top]
		   {
		   Spacing=500
		   Line=True
		   [Line]
			{
			Color=RGB(180,180,180)
			LineType=0
			}
		   LineWidth=0
		   }
		  [Right]
		   {
		   Spacing=1000
		   Line=True
		   [Line]
			{
			Color=RGB(180,180,180)
			LineType=0
			}
		   LineWidth=0
		   }
		  [Bottom]
		   {
		   Spacing=500
		   Line=True
		   [Line]
			{
			Color=RGB(180,180,180)
			LineType=0
			}
		   LineWidth=0
		   }
		  }
		 [Font]
		  {
		  Default=True
		  FaceName=Null()
		  GdiCharSet=Null()
		  Size=Null()
		  Width=#Null()
		  Bold=Null()
		  Italic=Null()
		  Underline=Null()
		  Strikeout=Null()
		  Color=Null()
		  PitchAndFamily=Null()
		  OutPrecision=Null()
		  }
		 Direction=0
		 BarWidth=0
		 [BarWidth]
		  {
		  Align=0
		  }
		 BarRatio=0
		 ExportAsPicture=False
		 DwgSaveAsJPEG=0
		 Condition=True
		 Animation=""
		 HTMLAnimation=""
		 }
		[Column]
		 {
		 Identifier=
		 Text="COUNT"
		 Width=30000
		 Height=10000
		 FixedHeight=0
		 bIsotropic=True
		 PlainTextFormat=True
		 Align=0
		 AlignDecPosition=-10000
		 VAlign=0
		 DrawingAlignment=0
		 Adjusted=False
		 LineWrap=1
		 ForceWrap=False
		 FlowControl=False
		 Spacing.Line=0
		 bFill=0
		 FgColor=LL.Color.Black
		 SpaceOptimization=True
		 Link.URL=
		 WithText=False
		 MatchDevicePixel=False
		 [Frame]
		  {
		  Default=True
		  Layout=1
		  [Left]
		   {
		   Spacing=1000
		   Line=True
		   [Line]
			{
			Color=RGB(180,180,180)
			LineType=0
			}
		   LineWidth=0
		   }
		  [Top]
		   {
		   Spacing=500
		   Line=True
		   [Line]
			{
			Color=RGB(180,180,180)
			LineType=0
			}
		   LineWidth=0
		   }
		  [Right]
		   {
		   Spacing=1000
		   Line=True
		   [Line]
			{
			Color=RGB(180,180,180)
			LineType=0
			}
		   LineWidth=0
		   }
		  [Bottom]
		   {
		   Spacing=500
		   Line=True
		   [Line]
			{
			Color=RGB(180,180,180)
			LineType=0
			}
		   LineWidth=0
		   }
		  }
		 [Font]
		  {
		  Default=True
		  FaceName=Null()
		  GdiCharSet=Null()
		  Size=Null()
		  Width=#Null()
		  Bold=Null()
		  Italic=Null()
		  Underline=Null()
		  Strikeout=Null()
		  Color=Null()
		  PitchAndFamily=Null()
		  OutPrecision=Null()
		  }
		 Direction=0
		 BarWidth=0
		 [BarWidth]
		  {
		  Align=0
		  }
		 BarRatio=0
		 ExportAsPicture=False
		 DwgSaveAsJPEG=0
		 Condition=True
		 Animation=""
		 HTMLAnimation=""
		 }
		}
	   [Options]
		{
		Description=
		[LFont]
		 {
		 Default=True
		 FaceName=Null()
		 GdiCharSet=Null()
		 Size=Null()
		 Width=#Null()
		 Bold=Null()
		 Italic=Null()
		 Underline=Null()
		 Strikeout=Null()
		 Color=Null()
		 PitchAndFamily=Null()
		 OutPrecision=Null()
		 }
		DisplayInDesigner=True
		PDFLevel=0
		PDFText=
		IndexPDFLevel=0
		IndexPDFText=
		[ReservedSpace]
		 {
		 Left=0
		 Top=0
		 Right=0
		 Bottom=0
		 }
		LCondition=True
		Anchor=0
		Anchor.ToTop=True
		}
	   }
	  }
	 [Options]
	  {
	  }
	 }
	[Footer]
	 {
	 [Lines]
	  {
	  [Line]
	   {
	   [Columns]
		{
		}
	   [Options]
		{
		Description=
		[LFont]
		 {
		 Default=True
		 FaceName=Null()
		 GdiCharSet=Null()
		 Size=Null()
		 Width=#Null()
		 Bold=Null()
		 Italic=Null()
		 Underline=Null()
		 Strikeout=Null()
		 Color=Null()
		 PitchAndFamily=Null()
		 OutPrecision=Null()
		 }
		DisplayInDesigner=True
		PDFLevel=0
		PDFText=
		IndexPDFLevel=0
		IndexPDFText=
		[ReservedSpace]
		 {
		 Left=0
		 Top=0
		 Right=0
		 Bottom=0
		 }
		LCondition=True
		IndexedGroups=0
		Anchor=0
		Anchor.ToTop=True
		}
	   }
	  }
	 [Options]
	  {
	  }
	 }
	[GroupHeader]
	 {
	 [Lines]
	  {
	  [Line]
	   {
	   [Columns]
		{
		}
	   [Options]
		{
		Description=
		[LFont]
		 {
		 Default=True
		 FaceName=Null()
		 GdiCharSet=Null()
		 Size=Null()
		 Width=#Null()
		 Bold=Null()
		 Italic=Null()
		 Underline=Null()
		 Strikeout=Null()
		 Color=Null()
		 PitchAndFamily=Null()
		 OutPrecision=Null()
		 }
		DisplayInDesigner=True
		PDFLevel=1
		PDFText=
		IndexPDFLevel=0
		IndexPDFText=
		[ReservedSpace]
		 {
		 Left=0
		 Top=1000
		 Right=0
		 Bottom=0
		 }
		Anchor=0
		Anchor.ToTop=True
		GroupCondition=
		ResetSums=
		OnNewPage=False
		PrintRightAfterHeader=False
		KeepTogether.Group=False
		LCondition=True
		}
	   }
	  }
	 [Options]
	  {
	  }
	 }
	[GroupFooter]
	 {
	 [Lines]
	  {
	  [Line]
	   {
	   [Columns]
		{
		}
	   [Options]
		{
		Description=
		[LFont]
		 {
		 Default=True
		 FaceName=Null()
		 GdiCharSet=Null()
		 Size=Null()
		 Width=#Null()
		 Bold=Null()
		 Italic=Null()
		 Underline=Null()
		 Strikeout=Null()
		 Color=Null()
		 PitchAndFamily=Null()
		 OutPrecision=Null()
		 }
		DisplayInDesigner=True
		PDFLevel=0
		PDFText=
		IndexPDFLevel=0
		IndexPDFText=
		[ReservedSpace]
		 {
		 Left=0
		 Top=0
		 Right=0
		 Bottom=1000
		 }
		Anchor=0
		Anchor.ToTop=True
		GroupCondition=
		ResetSums=
		TriggerNewPage=False
		LCondition=True
		}
	   }
	  }
	 [Options]
	  {
	  }
	 }
	}
   }
  }
[UserVariables]
[Parameters]
 [@Parameters]
  {
  [Parameters]
   {
   LL.MultiPassCondition=PrintPassIndex()=PrintPassCount()
   LL.MultiPassCount=1
   LL.ProjectDescription=List & Label Projektdatei
   }
  }
[UsedIdentifiers]
 Variables=
 Fields=Items.ARTICLENO;Items.BILLNO;Items.COUNT;Items.PRICEPP
 ChartFields=
[PageLayouts]
 [@PageLayouts]
  {
  [PageLayouts]
   {
   [PageLayout]
	{
	DisplayName=
	Condition=True
	SourceTray=0
	ForcePaperFormat=True
	UsePhysicalPaper=True
	PaperFormat=9
	PaperFormat.cx=210010
	PaperFormat.cy=297010
	PaperFormat.Orientation=1
	Copies=1
	Duplex=0
	Collate=0
	FitPage=False
	ShowInPrintDialog=True
	}
   }
  }
[ExtendedInfo]
 [@ExtendedInfos]
  {
  [ReportParameters]
   {
   [ReportParameter]
	{
	Identifier=@Name
	ID={F4DB077E-7511-400A-95CD-A303033AC173}
	DefaultValue.UseAll=False
	DefaultValue="combit GmbH"
	Source=2
	[Source]
	 {
	 ContentsType=268435456
	 }
	Type=0
	Tooltip=
	Prompt="Name"
	VisibleInReport=True
	AllowBlank=True
	AllowNULL=False
	AllowMultipleValues=False
	ParentID=
	Tag=
	}
   }
  [UIDescriptions]
   {
   }
  [Subreports]
   {
   }
  }
