[List description]
[Description]
 Text=? (default)
 FileVersion=16
 Units=SCM-Units
 Metric=3
 TextQuote.Start=1
 TextQuote.End=1
 RepresentationCode.CondStart=171
 RepresentationCode.CondSep=166
 RepresentationCode.CondEnd=187
 RepresentationCode.Tab=247
 RepresentationCode.Ret=182
 RepresentationCode.PhantomSpace=8203
 RepresentationCode.LockNextChar=8288
 RepresentationCode.ExprSep=164
 LCID=1031
 UserVars.ManualSortOrder=1
 CreatedByCallFrom=PLUSRUN.EXE
[Layout]
 P1.Template=
 xGrid=1000
 yGrid=1000
 GridShow=FALSE
 GridSnap=TRUE
 EnhancedExpressions=TRUE
 EnhancedOldExpressions=FALSE
 Decimals=2
 RealDataPreviewPageLimit=-2
 DefFont={(0,0,0),10.000000,-13,0,0,0,400,0,0,0,0,3,2,1,34,Arial}
 HelpLines.Horizontal=
 HelpLines.Vertical=
 PDF.MaxOutlineDepth=2
 PDF.MaxOutlineDepth.IDX=3
 DefaultSize.Objecttype1=(0,0,180000,18000)
 DefaultSize.Objecttype6=(0,0,189000,247000)
 ObjectCount=3
[UserSection]
 
[SumVariables]
[Layer]
 Name=Basis
 Condition=
 WorkspaceColor=(102,102,102)
 Visible=TRUE
 LayerID=0
[Layer]
 Name=Erste Seite
 Condition=Page() = 1
 WorkspaceColor=(197,207,10)
 Visible=TRUE
 LayerID=1
[Layer]
 Name=Folgeseiten
 Condition=Page() <> 1
 WorkspaceColor=(161,203,243)
 Visible=TRUE
 LayerID=2
[ProjectTemplates]
 [@ProjectTemplates]
  {
  [ProjectTemplates]
   {
   }
  }
[Object]
 ObjectID=1
 ObjectName=Text
 Locked=FALSE
 LinkUUID={B3D4EBF3-C9B7-4A4B-98AD-C45A6A19627C}
 LinkMode=32
 LayerID=0
 LayerCond=
 GroupUUID=
 Identifier=
 Condition=True
 UserLocked=False
 WrapBefore=False
 bPageWrap=False
 ExportAsPicture=False
 Position/Left=63000
 Position/Top=283000
 Position/Width=84000
 Position/Height=5000
 Direction=0
 bFill=0
 Frame/Layout=0
 Frame/Left/Spacing=0
 Frame/Left/Line=False
 Frame/Top/Spacing=0
 Frame/Top/Line=False
 Frame/Right/Spacing=0
 Frame/Right/Line=False
 Frame/Bottom/Spacing=0
 Frame/Bottom/Line=False
 PDFLevel=0
 PDFText=
 IndexPDFLevel=0
 IndexPDFText=
 IssueCondition=True
 Link.URL=
 Animation=""
 HTMLAnimation=""
 bBottomAligned=0
 [@Lines]
  {
  [Lines]
   {
   [Line]
	{
	[Font]
	 {
	 Default=True
	 FaceName=Null()
	 GdiCharSet=Null()
	 Size=Null()
	 Width=#Null()
	 Bold=Null()
	 Italic=Null()
	 Underline=Null()
	 Strikeout=Null()
	 Color=Null()
	 PitchAndFamily=Null()
	 OutPrecision=Null()
	 }
	Align=1
	Adjusted=False
	Uneraseable=False
	LineWrap=1
	PageWrapAllowed=False
	ForceWrap=False
	SpaceOptimization=True
	Spacing.Paragraph=0
	Spacing.Line=0
	OutputFormatter=
	Condition=True
	[ConditionalFormatter]
	 {
	 }
	Text=If (C_Language="DE", "- Seite ", "- Page ") + Page$() + "/" + TotalPages$()+" -"
	Tab=0
	TabAlign=0
	}
   }
  }
[Object]
 ObjectID=1
 ObjectName=Text
 Locked=FALSE
 LinkUUID={377C47C1-952F-41FC-97F7-679B5002AABF}
 LinkMode=32
 LayerID=0
 LayerCond=
 GroupUUID=
 Identifier=
 Condition=True
 UserLocked=False
 WrapBefore=False
 bPageWrap=False
 ExportAsPicture=False
 Position/Left=15000
 Position/Top=8000
 Position/Width=180000
 Position/Height=18000
 Direction=0
 bFill=0
 Frame/Layout=0
 Frame/Left/Spacing=0
 Frame/Left/Line=False
 Frame/Top/Spacing=0
 Frame/Top/Line=False
 Frame/Right/Spacing=0
 Frame/Right/Line=False
 Frame/Bottom/Spacing=0
 Frame/Bottom/Line=False
 PDFLevel=0
 PDFText=
 IndexPDFLevel=0
 IndexPDFText=
 IssueCondition=True
 Link.URL=
 Animation=""
 HTMLAnimation=""
 bBottomAligned=0
 [@Lines]
  {
  [Lines]
   {
   [Line]
	{
	[Font]
	 {
	 Default=False
	 FaceName="Arial"
	 GdiCharSet=0
	 Size=16
	 Width=0
	 Bold=True
	 Italic=False
	 Underline=False
	 Strikeout=False
	 Color=RGB(0,0,0)
	 PitchAndFamily=0
	 OutPrecision=4
	 }
	Align=1
	Adjusted=False
	Uneraseable=False
	LineWrap=1
	PageWrapAllowed=True
	ForceWrap=False
	SpaceOptimization=True
	Spacing.Paragraph=3
	Spacing.Line=0
	OutputFormatter=
	Condition=True
	[ConditionalFormatter]
	 {
	 }
	Text=If (C_Language="DE", "Artikelliste", "Articlelist")
	Tab=0
	TabAlign=0
	}
   [Line]
	{
	[Font]
	 {
	 Default=False
	 FaceName="Arial"
	 GdiCharSet=0
	 Size=12.000000
	 Width=0
	 Bold=True
	 Italic=False
	 Underline=False
	 Strikeout=False
	 Color=RGB(0,0,0)
	 PitchAndFamily=0
	 OutPrecision=4
	 }
	Align=1
	Adjusted=False
	Uneraseable=False
	LineWrap=1
	PageWrapAllowed=True
	ForceWrap=False
	SpaceOptimization=True
	Spacing.Paragraph=3
	Spacing.Line=0
	OutputFormatter=
	Condition=True
	[ConditionalFormatter]
	 {
	 }
	Text=If (C_SortOrder="", "", If (C_Language="DE", "Sortierfolge", "Sort order") + ": " + C_SortOrder)
	Tab=0
	TabAlign=0
	}
   [Line]
	{
	[Font]
	 {
	 Default=False
	 FaceName="Arial"
	 GdiCharSet=0
	 Size=8
	 Width=0
	 Bold=True
	 Italic=False
	 Underline=False
	 Strikeout=False
	 Color=RGB(0,0,0)
	 PitchAndFamily=0
	 OutPrecision=4
	 }
	Align=1
	Adjusted=False
	Uneraseable=False
	LineWrap=1
	PageWrapAllowed=True
	ForceWrap=False
	SpaceOptimization=True
	Spacing.Paragraph=0
	Spacing.Line=0
	OutputFormatter=
	Condition=True
	[ConditionalFormatter]
	 {
	 }
	Text=If (C_Language="DE", "Gedruckt am " + Date$(Today(),"%D, %d. %M %y") + " um " + Time$("%h:%02m"),"Printed " + Date$(Today(),"%D, %M %d, %y") + " at " + Time$("%h:%02m"))
	Tab=0
	TabAlign=0
	}
   }
  }
[Object]
 ObjectID=6
 ObjectName=Tabelle
 Locked=FALSE
 LinkUUID={CAC153C1-78A9-4C05-BCDB-625C62F7677A}
 LinkMode=32
 LayerID=0
 LayerCond=
 GroupUUID=
 Identifier=
 Condition=True
 UserLocked=False
 WrapBefore=False
 Position/Left=15000
 Position/Top=30000
 Position/Width=180000
 Position/Height=247000
 Direction=0
 Frame/Layout=0
 Frame/Left/Spacing=0
 Frame/Left/Line=False
 Frame/Top/Spacing=0
 Frame/Top/Line=False
 Frame/Right/Spacing=0
 Frame/Right/Line=False
 Frame/Bottom/Spacing=0
 Frame/Bottom/Line=False
 PDFLevel=0
 PDFText=
 IndexPDFLevel=0
 IndexPDFText=
 IssueCondition=True
 Link.URL=
 Animation=""
 bFooterOnBottom=False
 bFillBottom=False
 DefaultFont/Default=True
 DefaultFont/FaceName="Arial"
 DefaultFont/GdiCharSet=0
 DefaultFont/Size=Null()
 DefaultFont/Width=#Null()
 DefaultFont/Bold=Null()
 DefaultFont/Italic=Null()
 DefaultFont/Underline=Null()
 DefaultFont/Strikeout=Null()
 DefaultFont/Color=Null()
 DefaultFont/PitchAndFamily=Null()
 DefaultFont/OutPrecision=Null()
 FgColor=RGB(0,0,0)
 bFill=0
 ColumnCount=0
 ColumnCount.Distance=0
 FillPrioHorizonal=False
 ColumnBreakCondition=False
 [@Tables]
  {
  [Tables]
   {
   [Table]
	{
	TableType=List
	TableID=
	RelationID=
	LinkUUID={CAC8A703-0038-401D-8927-3046B5A35289}
	[GroupHeaderLines]
	 {
	 bConcatDataLines=True
	 bKeepTogether=False
	 }
	[GroupFooterLines]
	 {
	 bAlsoOnEmptyGroup=False
	 bKeepTogether=False
	 }
	[DataLines]
	 {
	 bKeepTogether=True
	 [bKeepTogether]
	  {
	  IndexedGroups=False
	  }
	 bSuppress=False
	 bForceSumCalculation=False
	 }
	ZebraPattern=1
	[ZebraPattern]
	 {
	 Pattern=1
	 Color=LL.Color.LightGray
	 }
	[FooterLines]
	 {
	 bKeepTogether=False
	 }
	PageBreakCondition=False
	[DefaultFrame]
	 {
	 Layout=1
	 [Left]
	  {
	  Spacing=1000
	  Line=True
	  [Line]
	   {
	   Color=RGB(0,0,0)
	   LineType=0
	   }
	  LineWidth=0
	  }
	 [Top]
	  {
	  Spacing=500
	  Line=True
	  [Line]
	   {
	   Color=RGB(0,0,0)
	   LineType=0
	   }
	  LineWidth=0
	  }
	 [Right]
	  {
	  Spacing=1000
	  Line=True
	  [Line]
	   {
	   Color=RGB(0,0,0)
	   LineType=0
	   }
	  LineWidth=0
	  }
	 [Bottom]
	  {
	  Spacing=500
	  Line=True
	  [Line]
	   {
	   Color=RGB(0,0,0)
	   LineType=0
	   }
	  LineWidth=0
	  }
	 }
	UseSepTicks=True
	ColumnCount=0
	ColumnCount.Distance=1000
	FillPrioHorizonal=False
	ColumnBreakCondition=False
	FormulaFilter=True
	DesignScheme="SummerDay"
	[Body]
	 {
	 [Lines]
	  {
	  [Line]
	   {
	   [Columns]
		{
		[Column]
		 {
		 Identifier=
		 Text=ArticleNumber
		 Width=30000
		 Height=10000
		 FixedHeight=0
		 bIsotropic=True
		 PlainTextFormat=True
		 Align=0
		 AlignDecPosition=-10000
		 VAlign=0
		 DrawingAlignment=8
		 Adjusted=False
		 LineWrap=1
		 ForceWrap=False
		 FlowControl=False
		 Spacing.Line=0
		 bFill=0
		 FgColor=RGB(0,0,0)
		 SpaceOptimization=True
		 Link.URL=
		 WithText=False
		 MatchDevicePixel=False
		 [Frame]
		  {
		  Default=False
		  Layout=1
		  [Left]
		   {
		   Spacing=1000
		   Line=False
		   }
		  [Top]
		   {
		   Spacing=500
		   Line=False
		   }
		  [Right]
		   {
		   Spacing=1000
		   Line=False
		   }
		  [Bottom]
		   {
		   Spacing=500
		   Line=False
		   }
		  }
		 [Font]
		  {
		  Default=True
		  FaceName=Null()
		  GdiCharSet=Null()
		  Size=Null()
		  Width=#Null()
		  Bold=Null()
		  Italic=Null()
		  Underline=Null()
		  Strikeout=Null()
		  Color=Null()
		  PitchAndFamily=Null()
		  OutPrecision=Null()
		  }
		 Direction=0
		 BarWidth=0
		 [BarWidth]
		  {
		  Align=0
		  }
		 BarRatio=0
		 ExportAsPicture=False
		 DwgSaveAsJPEG=0
		 Condition=True
		 Animation=""
		 HTMLAnimation=""
		 }
		[Column]
		 {
		 Identifier=
		 Text=Name
		 Width=50000
		 Height=10000
		 FixedHeight=0
		 bIsotropic=True
		 PlainTextFormat=True
		 Align=0
		 AlignDecPosition=-10000
		 VAlign=0
		 DrawingAlignment=8
		 Adjusted=False
		 LineWrap=1
		 ForceWrap=False
		 FlowControl=False
		 Spacing.Line=0
		 bFill=0
		 FgColor=RGB(0,0,0)
		 SpaceOptimization=True
		 Link.URL=
		 WithText=False
		 MatchDevicePixel=False
		 [Frame]
		  {
		  Default=False
		  Layout=1
		  [Left]
		   {
		   Spacing=1000
		   Line=False
		   }
		  [Top]
		   {
		   Spacing=500
		   Line=False
		   }
		  [Right]
		   {
		   Spacing=1000
		   Line=False
		   }
		  [Bottom]
		   {
		   Spacing=500
		   Line=False
		   }
		  }
		 [Font]
		  {
		  Default=True
		  FaceName=Null()
		  GdiCharSet=Null()
		  Size=Null()
		  Width=#Null()
		  Bold=Null()
		  Italic=Null()
		  Underline=Null()
		  Strikeout=Null()
		  Color=Null()
		  PitchAndFamily=Null()
		  OutPrecision=Null()
		  }
		 Direction=0
		 BarWidth=0
		 [BarWidth]
		  {
		  Align=0
		  }
		 BarRatio=0
		 ExportAsPicture=False
		 DwgSaveAsJPEG=0
		 Condition=True
		 Animation=""
		 HTMLAnimation=""
		 }
		[Column]
		 {
		 Identifier=
		 Text=Unit
		 Width=12000
		 Height=10000
		 FixedHeight=0
		 bIsotropic=True
		 PlainTextFormat=True
		 Align=0
		 AlignDecPosition=-10000
		 VAlign=0
		 DrawingAlignment=8
		 Adjusted=False
		 LineWrap=1
		 ForceWrap=False
		 FlowControl=False
		 Spacing.Line=0
		 bFill=0
		 FgColor=RGB(0,0,0)
		 SpaceOptimization=True
		 Link.URL=
		 WithText=False
		 MatchDevicePixel=False
		 [Frame]
		  {
		  Default=False
		  Layout=1
		  [Left]
		   {
		   Spacing=1000
		   Line=False
		   }
		  [Top]
		   {
		   Spacing=500
		   Line=False
		   }
		  [Right]
		   {
		   Spacing=1000
		   Line=False
		   }
		  [Bottom]
		   {
		   Spacing=500
		   Line=False
		   }
		  }
		 [Font]
		  {
		  Default=True
		  FaceName=Null()
		  GdiCharSet=Null()
		  Size=Null()
		  Width=#Null()
		  Bold=Null()
		  Italic=Null()
		  Underline=Null()
		  Strikeout=Null()
		  Color=Null()
		  PitchAndFamily=Null()
		  OutPrecision=Null()
		  }
		 Direction=0
		 BarWidth=0
		 [BarWidth]
		  {
		  Align=0
		  }
		 BarRatio=0
		 ExportAsPicture=False
		 DwgSaveAsJPEG=0
		 Condition=True
		 Animation=""
		 HTMLAnimation=""
		 }
		[Column]
		 {
		 Identifier=
		 Text=QuantityPerUnit
		 Width=25000
		 Height=10000
		 FixedHeight=0
		 bIsotropic=True
		 PlainTextFormat=True
		 Align=0
		 AlignDecPosition=-10000
		 VAlign=0
		 DrawingAlignment=8
		 Adjusted=False
		 LineWrap=1
		 ForceWrap=False
		 FlowControl=False
		 Spacing.Line=0
		 bFill=0
		 FgColor=RGB(0,0,0)
		 SpaceOptimization=True
		 Link.URL=
		 WithText=False
		 MatchDevicePixel=False
		 [Frame]
		  {
		  Default=False
		  Layout=1
		  [Left]
		   {
		   Spacing=1000
		   Line=False
		   }
		  [Top]
		   {
		   Spacing=500
		   Line=False
		   }
		  [Right]
		   {
		   Spacing=1000
		   Line=False
		   }
		  [Bottom]
		   {
		   Spacing=500
		   Line=False
		   }
		  }
		 [Font]
		  {
		  Default=True
		  FaceName=Null()
		  GdiCharSet=Null()
		  Size=Null()
		  Width=#Null()
		  Bold=Null()
		  Italic=Null()
		  Underline=Null()
		  Strikeout=Null()
		  Color=Null()
		  PitchAndFamily=Null()
		  OutPrecision=Null()
		  }
		 Direction=0
		 BarWidth=0
		 [BarWidth]
		  {
		  Align=0
		  }
		 BarRatio=0
		 ExportAsPicture=False
		 DwgSaveAsJPEG=0
		 Condition=True
		 Animation=""
		 HTMLAnimation=""
		 }
		[Column]
		 {
		 Identifier=
		 Text=UnitsInStock
		 Width=25000
		 Height=10000
		 FixedHeight=0
		 bIsotropic=True
		 PlainTextFormat=True
		 Align=0
		 AlignDecPosition=-10000
		 VAlign=0
		 DrawingAlignment=8
		 Adjusted=False
		 LineWrap=1
		 ForceWrap=False
		 FlowControl=False
		 Spacing.Line=0
		 bFill=0
		 FgColor=RGB(0,0,0)
		 SpaceOptimization=True
		 Link.URL=
		 WithText=False
		 MatchDevicePixel=False
		 [Frame]
		  {
		  Default=False
		  Layout=1
		  [Left]
		   {
		   Spacing=1000
		   Line=False
		   }
		  [Top]
		   {
		   Spacing=500
		   Line=False
		   }
		  [Right]
		   {
		   Spacing=1000
		   Line=False
		   }
		  [Bottom]
		   {
		   Spacing=500
		   Line=False
		   }
		  }
		 [Font]
		  {
		  Default=True
		  FaceName=Null()
		  GdiCharSet=Null()
		  Size=Null()
		  Width=#Null()
		  Bold=Null()
		  Italic=Null()
		  Underline=Null()
		  Strikeout=Null()
		  Color=Null()
		  PitchAndFamily=Null()
		  OutPrecision=Null()
		  }
		 Direction=0
		 BarWidth=0
		 [BarWidth]
		  {
		  Align=0
		  }
		 BarRatio=0
		 ExportAsPicture=False
		 DwgSaveAsJPEG=0
		 Condition=True
		 Animation=""
		 HTMLAnimation=""
		 }
		[Column]
		 {
		 Identifier=
		 Text=Price
		 Width=25000
		 Height=10000
		 FixedHeight=0
		 bIsotropic=True
		 PlainTextFormat=True
		 Align=0
		 AlignDecPosition=-10000
		 VAlign=0
		 DrawingAlignment=8
		 Adjusted=False
		 LineWrap=1
		 ForceWrap=False
		 FlowControl=False
		 Spacing.Line=0
		 bFill=0
		 FgColor=RGB(0,0,0)
		 SpaceOptimization=True
		 Link.URL=
		 WithText=False
		 MatchDevicePixel=False
		 [Frame]
		  {
		  Default=False
		  Layout=1
		  [Left]
		   {
		   Spacing=1000
		   Line=False
		   }
		  [Top]
		   {
		   Spacing=500
		   Line=False
		   }
		  [Right]
		   {
		   Spacing=1000
		   Line=False
		   }
		  [Bottom]
		   {
		   Spacing=500
		   Line=False
		   }
		  }
		 [Font]
		  {
		  Default=True
		  FaceName=Null()
		  GdiCharSet=Null()
		  Size=Null()
		  Width=#Null()
		  Bold=Null()
		  Italic=Null()
		  Underline=Null()
		  Strikeout=Null()
		  Color=Null()
		  PitchAndFamily=Null()
		  OutPrecision=Null()
		  }
		 Direction=0
		 BarWidth=0
		 [BarWidth]
		  {
		  Align=0
		  }
		 BarRatio=0
		 ExportAsPicture=False
		 DwgSaveAsJPEG=0
		 Condition=True
		 Animation=""
		 HTMLAnimation=""
		 }
		[Column]
		 {
		 Identifier=
		 Text=VAT
		 Width=13000
		 Height=10000
		 FixedHeight=0
		 bIsotropic=True
		 PlainTextFormat=True
		 Align=0
		 AlignDecPosition=-10000
		 VAlign=0
		 DrawingAlignment=8
		 Adjusted=False
		 LineWrap=1
		 ForceWrap=False
		 FlowControl=False
		 Spacing.Line=0
		 bFill=0
		 FgColor=RGB(0,0,0)
		 SpaceOptimization=True
		 Link.URL=
		 WithText=False
		 MatchDevicePixel=False
		 [Frame]
		  {
		  Default=False
		  Layout=1
		  [Left]
		   {
		   Spacing=1000
		   Line=False
		   }
		  [Top]
		   {
		   Spacing=500
		   Line=False
		   }
		  [Right]
		   {
		   Spacing=1000
		   Line=False
		   }
		  [Bottom]
		   {
		   Spacing=500
		   Line=False
		   }
		  }
		 [Font]
		  {
		  Default=True
		  FaceName=Null()
		  GdiCharSet=Null()
		  Size=Null()
		  Width=#Null()
		  Bold=Null()
		  Italic=Null()
		  Underline=Null()
		  Strikeout=Null()
		  Color=Null()
		  PitchAndFamily=Null()
		  OutPrecision=Null()
		  }
		 Direction=0
		 BarWidth=0
		 [BarWidth]
		  {
		  Align=0
		  }
		 BarRatio=0
		 ExportAsPicture=False
		 DwgSaveAsJPEG=0
		 Condition=True
		 Animation=""
		 HTMLAnimation=""
		 }
		}
	   [Options]
		{
		Description=Zeilendefinition  1
		[LFont]
		 {
		 Default=True
		 FaceName=Null()
		 GdiCharSet=Null()
		 Size=Null()
		 Width=#Null()
		 Bold=Null()
		 Italic=Null()
		 Underline=Null()
		 Strikeout=Null()
		 Color=Null()
		 PitchAndFamily=Null()
		 OutPrecision=Null()
		 }
		DisplayInDesigner=True
		PDFLevel=0
		PDFText=
		IndexPDFLevel=0
		IndexPDFText=
		[ReservedSpace]
		 {
		 Left=0
		 Top=0
		 Right=0
		 Bottom=0
		 }
		LCondition=True
		IndexedGroups=0
		Anchor=0
		Anchor.ToTop=True
		}
	   }
	  }
	 [Options]
	  {
	  }
	 }
	[Header]
	 {
	 [Lines]
	  {
	  [Line]
	   {
	   [Columns]
		{
		[Column]
		 {
		 Identifier=
		 Text="Article"
		 Width=30000
		 Height=10000
		 FixedHeight=0
		 bIsotropic=True
		 PlainTextFormat=True
		 Align=0
		 AlignDecPosition=-10000
		 VAlign=0
		 DrawingAlignment=8
		 Adjusted=False
		 LineWrap=3
		 ForceWrap=False
		 FlowControl=False
		 Spacing.Line=0
		 bFill=LL.Scheme.BackgroundFillMode
		 Raster=1
		 BkColor=RGB(255,230,179)
		 FgColor=RGB(0,0,0)
		 SpaceOptimization=True
		 Link.URL=
		 WithText=False
		 MatchDevicePixel=False
		 [Frame]
		  {
		  Default=False
		  Layout=1
		  [Left]
		   {
		   Spacing=1000
		   Line=False
		   }
		  [Top]
		   {
		   Spacing=500
		   Line=False
		   }
		  [Right]
		   {
		   Spacing=1000
		   Line=False
		   }
		  [Bottom]
		   {
		   Spacing=500
		   Line=False
		   }
		  }
		 [Font]
		  {
		  Default=False
		  FaceName="Arial"
		  GdiCharSet=0
		  Size=10.000000
		  Width=0
		  Bold=True
		  Italic=False
		  Underline=False
		  Strikeout=False
		  Color=RGB(0,0,0)
		  PitchAndFamily=34
		  OutPrecision=3
		  }
		 Direction=0
		 BarWidth=0
		 [BarWidth]
		  {
		  Align=0
		  }
		 BarRatio=0
		 ExportAsPicture=False
		 DwgSaveAsJPEG=0
		 Condition=True
		 Animation=""
		 HTMLAnimation=""
		 }
		[Column]
		 {
		 Identifier=
		 Text="Name"
		 Width=50000
		 Height=10000
		 FixedHeight=0
		 bIsotropic=True
		 PlainTextFormat=True
		 Align=0
		 AlignDecPosition=-10000
		 VAlign=0
		 DrawingAlignment=8
		 Adjusted=False
		 LineWrap=3
		 ForceWrap=False
		 FlowControl=False
		 Spacing.Line=0
		 bFill=LL.Scheme.BackgroundFillMode
		 Raster=1
		 BkColor=RGB(255,230,179)
		 FgColor=RGB(0,0,0)
		 SpaceOptimization=True
		 Link.URL=
		 WithText=False
		 MatchDevicePixel=False
		 [Frame]
		  {
		  Default=False
		  Layout=1
		  [Left]
		   {
		   Spacing=1000
		   Line=False
		   }
		  [Top]
		   {
		   Spacing=500
		   Line=False
		   }
		  [Right]
		   {
		   Spacing=1000
		   Line=False
		   }
		  [Bottom]
		   {
		   Spacing=500
		   Line=False
		   }
		  }
		 [Font]
		  {
		  Default=False
		  FaceName="Arial"
		  GdiCharSet=0
		  Size=10.000000
		  Width=0
		  Bold=True
		  Italic=False
		  Underline=False
		  Strikeout=False
		  Color=RGB(0,0,0)
		  PitchAndFamily=34
		  OutPrecision=3
		  }
		 Direction=0
		 BarWidth=0
		 [BarWidth]
		  {
		  Align=0
		  }
		 BarRatio=0
		 ExportAsPicture=False
		 DwgSaveAsJPEG=0
		 Condition=True
		 Animation=""
		 HTMLAnimation=""
		 }
		[Column]
		 {
		 Identifier=
		 Text="Unit"
		 Width=12000
		 Height=10000
		 FixedHeight=0
		 bIsotropic=True
		 PlainTextFormat=True
		 Align=0
		 AlignDecPosition=-10000
		 VAlign=0
		 DrawingAlignment=8
		 Adjusted=False
		 LineWrap=3
		 ForceWrap=False
		 FlowControl=False
		 Spacing.Line=0
		 bFill=LL.Scheme.BackgroundFillMode
		 Raster=1
		 BkColor=RGB(255,230,179)
		 FgColor=RGB(0,0,0)
		 SpaceOptimization=True
		 Link.URL=
		 WithText=False
		 MatchDevicePixel=False
		 [Frame]
		  {
		  Default=False
		  Layout=1
		  [Left]
		   {
		   Spacing=1000
		   Line=False
		   }
		  [Top]
		   {
		   Spacing=500
		   Line=False
		   }
		  [Right]
		   {
		   Spacing=1000
		   Line=False
		   }
		  [Bottom]
		   {
		   Spacing=500
		   Line=False
		   }
		  }
		 [Font]
		  {
		  Default=False
		  FaceName="Arial"
		  GdiCharSet=0
		  Size=10.000000
		  Width=0
		  Bold=True
		  Italic=False
		  Underline=False
		  Strikeout=False
		  Color=RGB(0,0,0)
		  PitchAndFamily=34
		  OutPrecision=3
		  }
		 Direction=0
		 BarWidth=0
		 [BarWidth]
		  {
		  Align=0
		  }
		 BarRatio=0
		 ExportAsPicture=False
		 DwgSaveAsJPEG=0
		 Condition=True
		 Animation=""
		 HTMLAnimation=""
		 }
		[Column]
		 {
		 Identifier=
		 Text="QuantityPerUnit"
		 Width=25000
		 Height=10000
		 FixedHeight=0
		 bIsotropic=True
		 PlainTextFormat=True
		 Align=0
		 AlignDecPosition=-10000
		 VAlign=0
		 DrawingAlignment=8
		 Adjusted=False
		 LineWrap=3
		 ForceWrap=False
		 FlowControl=False
		 Spacing.Line=0
		 bFill=LL.Scheme.BackgroundFillMode
		 Raster=1
		 BkColor=RGB(255,230,179)
		 FgColor=RGB(0,0,0)
		 SpaceOptimization=True
		 Link.URL=
		 WithText=False
		 MatchDevicePixel=False
		 [Frame]
		  {
		  Default=False
		  Layout=1
		  [Left]
		   {
		   Spacing=1000
		   Line=False
		   }
		  [Top]
		   {
		   Spacing=500
		   Line=False
		   }
		  [Right]
		   {
		   Spacing=1000
		   Line=False
		   }
		  [Bottom]
		   {
		   Spacing=500
		   Line=False
		   }
		  }
		 [Font]
		  {
		  Default=False
		  FaceName="Arial"
		  GdiCharSet=0
		  Size=10.000000
		  Width=0
		  Bold=True
		  Italic=False
		  Underline=False
		  Strikeout=False
		  Color=RGB(0,0,0)
		  PitchAndFamily=34
		  OutPrecision=3
		  }
		 Direction=0
		 BarWidth=0
		 [BarWidth]
		  {
		  Align=0
		  }
		 BarRatio=0
		 ExportAsPicture=False
		 DwgSaveAsJPEG=0
		 Condition=True
		 Animation=""
		 HTMLAnimation=""
		 }
		[Column]
		 {
		 Identifier=
		 Text="UnitsInStock"
		 Width=25000
		 Height=10000
		 FixedHeight=0
		 bIsotropic=True
		 PlainTextFormat=True
		 Align=0
		 AlignDecPosition=-10000
		 VAlign=0
		 DrawingAlignment=8
		 Adjusted=False
		 LineWrap=3
		 ForceWrap=False
		 FlowControl=False
		 Spacing.Line=0
		 bFill=LL.Scheme.BackgroundFillMode
		 Raster=1
		 BkColor=RGB(255,230,179)
		 FgColor=RGB(0,0,0)
		 SpaceOptimization=True
		 Link.URL=
		 WithText=False
		 MatchDevicePixel=False
		 [Frame]
		  {
		  Default=False
		  Layout=1
		  [Left]
		   {
		   Spacing=1000
		   Line=False
		   }
		  [Top]
		   {
		   Spacing=500
		   Line=False
		   }
		  [Right]
		   {
		   Spacing=1000
		   Line=False
		   }
		  [Bottom]
		   {
		   Spacing=500
		   Line=False
		   }
		  }
		 [Font]
		  {
		  Default=False
		  FaceName="Arial"
		  GdiCharSet=0
		  Size=10.000000
		  Width=0
		  Bold=True
		  Italic=False
		  Underline=False
		  Strikeout=False
		  Color=RGB(0,0,0)
		  PitchAndFamily=34
		  OutPrecision=3
		  }
		 Direction=0
		 BarWidth=0
		 [BarWidth]
		  {
		  Align=0
		  }
		 BarRatio=0
		 ExportAsPicture=False
		 DwgSaveAsJPEG=0
		 Condition=True
		 Animation=""
		 HTMLAnimation=""
		 }
		[Column]
		 {
		 Identifier=
		 Text="Price"
		 Width=25000
		 Height=10000
		 FixedHeight=0
		 bIsotropic=True
		 PlainTextFormat=True
		 Align=0
		 AlignDecPosition=-10000
		 VAlign=0
		 DrawingAlignment=8
		 Adjusted=False
		 LineWrap=3
		 ForceWrap=False
		 FlowControl=False
		 Spacing.Line=0
		 bFill=LL.Scheme.BackgroundFillMode
		 Raster=1
		 BkColor=RGB(255,230,179)
		 FgColor=RGB(0,0,0)
		 SpaceOptimization=True
		 Link.URL=
		 WithText=False
		 MatchDevicePixel=False
		 [Frame]
		  {
		  Default=False
		  Layout=1
		  [Left]
		   {
		   Spacing=1000
		   Line=False
		   }
		  [Top]
		   {
		   Spacing=500
		   Line=False
		   }
		  [Right]
		   {
		   Spacing=1000
		   Line=False
		   }
		  [Bottom]
		   {
		   Spacing=500
		   Line=False
		   }
		  }
		 [Font]
		  {
		  Default=False
		  FaceName="Arial"
		  GdiCharSet=0
		  Size=10.000000
		  Width=0
		  Bold=True
		  Italic=False
		  Underline=False
		  Strikeout=False
		  Color=RGB(0,0,0)
		  PitchAndFamily=34
		  OutPrecision=3
		  }
		 Direction=0
		 BarWidth=0
		 [BarWidth]
		  {
		  Align=0
		  }
		 BarRatio=0
		 ExportAsPicture=False
		 DwgSaveAsJPEG=0
		 Condition=True
		 Animation=""
		 HTMLAnimation=""
		 }
		[Column]
		 {
		 Identifier=
		 Text="VAT"
		 Width=13000
		 Height=10000
		 FixedHeight=0
		 bIsotropic=True
		 PlainTextFormat=True
		 Align=0
		 AlignDecPosition=-10000
		 VAlign=0
		 DrawingAlignment=8
		 Adjusted=False
		 LineWrap=3
		 ForceWrap=False
		 FlowControl=False
		 Spacing.Line=0
		 bFill=LL.Scheme.BackgroundFillMode
		 Raster=1
		 BkColor=RGB(255,230,179)
		 FgColor=RGB(0,0,0)
		 SpaceOptimization=True
		 Link.URL=
		 WithText=False
		 MatchDevicePixel=False
		 [Frame]
		  {
		  Default=False
		  Layout=1
		  [Left]
		   {
		   Spacing=1000
		   Line=False
		   }
		  [Top]
		   {
		   Spacing=500
		   Line=False
		   }
		  [Right]
		   {
		   Spacing=1000
		   Line=False
		   }
		  [Bottom]
		   {
		   Spacing=500
		   Line=False
		   }
		  }
		 [Font]
		  {
		  Default=False
		  FaceName="Arial"
		  GdiCharSet=0
		  Size=10.000000
		  Width=0
		  Bold=True
		  Italic=False
		  Underline=False
		  Strikeout=False
		  Color=RGB(0,0,0)
		  PitchAndFamily=34
		  OutPrecision=3
		  }
		 Direction=0
		 BarWidth=0
		 [BarWidth]
		  {
		  Align=0
		  }
		 BarRatio=0
		 ExportAsPicture=False
		 DwgSaveAsJPEG=0
		 Condition=True
		 Animation=""
		 HTMLAnimation=""
		 }
		}
	   [Options]
		{
		Description=Heading english
		[LFont]
		 {
		 Default=True
		 FaceName=Null()
		 GdiCharSet=Null()
		 Size=Null()
		 Width=#Null()
		 Bold=Null()
		 Italic=Null()
		 Underline=Null()
		 Strikeout=Null()
		 Color=Null()
		 PitchAndFamily=Null()
		 OutPrecision=Null()
		 }
		DisplayInDesigner=True
		PDFLevel=0
		PDFText=
		IndexPDFLevel=0
		IndexPDFText=
		[ReservedSpace]
		 {
		 Left=0
		 Top=0
		 Right=0
		 Bottom=0
		 }
		LCondition=.Not. C_Language = "DE"
		Anchor=0
		Anchor.ToTop=True
		}
	   }
	  [Line]
	   {
	   [Columns]
		{
		[Column]
		 {
		 Identifier=
		 Text="Artikelnummer"
		 Width=30000
		 Height=10000
		 FixedHeight=0
		 bIsotropic=True
		 PlainTextFormat=True
		 Align=0
		 AlignDecPosition=-10000
		 VAlign=0
		 DrawingAlignment=8
		 Adjusted=False
		 LineWrap=3
		 ForceWrap=False
		 FlowControl=False
		 Spacing.Line=0
		 bFill=LL.Scheme.BackgroundFillMode
		 Raster=1
		 BkColor=RGB(255,230,179)
		 FgColor=RGB(0,0,0)
		 SpaceOptimization=True
		 Link.URL=
		 WithText=False
		 MatchDevicePixel=False
		 [Frame]
		  {
		  Default=False
		  Layout=1
		  [Left]
		   {
		   Spacing=1000
		   Line=False
		   }
		  [Top]
		   {
		   Spacing=500
		   Line=False
		   }
		  [Right]
		   {
		   Spacing=1000
		   Line=False
		   }
		  [Bottom]
		   {
		   Spacing=500
		   Line=False
		   }
		  }
		 [Font]
		  {
		  Default=False
		  FaceName="Arial"
		  GdiCharSet=0
		  Size=10.000000
		  Width=0
		  Bold=True
		  Italic=False
		  Underline=False
		  Strikeout=False
		  Color=RGB(0,0,0)
		  PitchAndFamily=34
		  OutPrecision=3
		  }
		 Direction=0
		 BarWidth=0
		 [BarWidth]
		  {
		  Align=0
		  }
		 BarRatio=0
		 ExportAsPicture=False
		 DwgSaveAsJPEG=0
		 Condition=True
		 Animation=""
		 HTMLAnimation=""
		 }
		[Column]
		 {
		 Identifier=
		 Text="Name"
		 Width=50000
		 Height=10000
		 FixedHeight=0
		 bIsotropic=True
		 PlainTextFormat=True
		 Align=0
		 AlignDecPosition=-10000
		 VAlign=0
		 DrawingAlignment=8
		 Adjusted=False
		 LineWrap=3
		 ForceWrap=False
		 FlowControl=False
		 Spacing.Line=0
		 bFill=LL.Scheme.BackgroundFillMode
		 Raster=1
		 BkColor=RGB(255,230,179)
		 FgColor=RGB(0,0,0)
		 SpaceOptimization=True
		 Link.URL=
		 WithText=False
		 MatchDevicePixel=False
		 [Frame]
		  {
		  Default=False
		  Layout=1
		  [Left]
		   {
		   Spacing=1000
		   Line=False
		   }
		  [Top]
		   {
		   Spacing=500
		   Line=False
		   }
		  [Right]
		   {
		   Spacing=1000
		   Line=False
		   }
		  [Bottom]
		   {
		   Spacing=500
		   Line=False
		   }
		  }
		 [Font]
		  {
		  Default=False
		  FaceName="Arial"
		  GdiCharSet=0
		  Size=10.000000
		  Width=0
		  Bold=True
		  Italic=False
		  Underline=False
		  Strikeout=False
		  Color=RGB(0,0,0)
		  PitchAndFamily=34
		  OutPrecision=3
		  }
		 Direction=0
		 BarWidth=0
		 [BarWidth]
		  {
		  Align=0
		  }
		 BarRatio=0
		 ExportAsPicture=False
		 DwgSaveAsJPEG=0
		 Condition=True
		 Animation=""
		 HTMLAnimation=""
		 }
		[Column]
		 {
		 Identifier=
		 Text="Einh."
		 Width=12000
		 Height=10000
		 FixedHeight=0
		 bIsotropic=True
		 PlainTextFormat=True
		 Align=0
		 AlignDecPosition=-10000
		 VAlign=0
		 DrawingAlignment=8
		 Adjusted=False
		 LineWrap=3
		 ForceWrap=False
		 FlowControl=False
		 Spacing.Line=0
		 bFill=LL.Scheme.BackgroundFillMode
		 Raster=1
		 BkColor=RGB(255,230,179)
		 FgColor=RGB(0,0,0)
		 SpaceOptimization=True
		 Link.URL=
		 WithText=False
		 MatchDevicePixel=False
		 [Frame]
		  {
		  Default=False
		  Layout=1
		  [Left]
		   {
		   Spacing=1000
		   Line=False
		   }
		  [Top]
		   {
		   Spacing=500
		   Line=False
		   }
		  [Right]
		   {
		   Spacing=1000
		   Line=False
		   }
		  [Bottom]
		   {
		   Spacing=500
		   Line=False
		   }
		  }
		 [Font]
		  {
		  Default=False
		  FaceName="Arial"
		  GdiCharSet=0
		  Size=10.000000
		  Width=0
		  Bold=True
		  Italic=False
		  Underline=False
		  Strikeout=False
		  Color=RGB(0,0,0)
		  PitchAndFamily=34
		  OutPrecision=3
		  }
		 Direction=0
		 BarWidth=0
		 [BarWidth]
		  {
		  Align=0
		  }
		 BarRatio=0
		 ExportAsPicture=False
		 DwgSaveAsJPEG=0
		 Condition=True
		 Animation=""
		 HTMLAnimation=""
		 }
		[Column]
		 {
		 Identifier=
		 Text="Menge pro Einh."
		 Width=25000
		 Height=10000
		 FixedHeight=0
		 bIsotropic=True
		 PlainTextFormat=True
		 Align=0
		 AlignDecPosition=-10000
		 VAlign=0
		 DrawingAlignment=8
		 Adjusted=False
		 LineWrap=3
		 ForceWrap=False
		 FlowControl=False
		 Spacing.Line=0
		 bFill=LL.Scheme.BackgroundFillMode
		 Raster=1
		 BkColor=RGB(255,230,179)
		 FgColor=RGB(0,0,0)
		 SpaceOptimization=True
		 Link.URL=
		 WithText=False
		 MatchDevicePixel=False
		 [Frame]
		  {
		  Default=False
		  Layout=1
		  [Left]
		   {
		   Spacing=1000
		   Line=False
		   }
		  [Top]
		   {
		   Spacing=500
		   Line=False
		   }
		  [Right]
		   {
		   Spacing=1000
		   Line=False
		   }
		  [Bottom]
		   {
		   Spacing=500
		   Line=False
		   }
		  }
		 [Font]
		  {
		  Default=False
		  FaceName="Arial"
		  GdiCharSet=0
		  Size=10.000000
		  Width=0
		  Bold=True
		  Italic=False
		  Underline=False
		  Strikeout=False
		  Color=RGB(0,0,0)
		  PitchAndFamily=34
		  OutPrecision=3
		  }
		 Direction=0
		 BarWidth=0
		 [BarWidth]
		  {
		  Align=0
		  }
		 BarRatio=0
		 ExportAsPicture=False
		 DwgSaveAsJPEG=0
		 Condition=True
		 Animation=""
		 HTMLAnimation=""
		 }
		[Column]
		 {
		 Identifier=
		 Text="Lagermenge"
		 Width=25000
		 Height=10000
		 FixedHeight=0
		 bIsotropic=True
		 PlainTextFormat=True
		 Align=0
		 AlignDecPosition=-10000
		 VAlign=0
		 DrawingAlignment=8
		 Adjusted=False
		 LineWrap=3
		 ForceWrap=False
		 FlowControl=False
		 Spacing.Line=0
		 bFill=LL.Scheme.BackgroundFillMode
		 Raster=1
		 BkColor=RGB(255,230,179)
		 FgColor=RGB(0,0,0)
		 SpaceOptimization=True
		 Link.URL=
		 WithText=False
		 MatchDevicePixel=False
		 [Frame]
		  {
		  Default=False
		  Layout=1
		  [Left]
		   {
		   Spacing=1000
		   Line=False
		   }
		  [Top]
		   {
		   Spacing=500
		   Line=False
		   }
		  [Right]
		   {
		   Spacing=1000
		   Line=False
		   }
		  [Bottom]
		   {
		   Spacing=500
		   Line=False
		   }
		  }
		 [Font]
		  {
		  Default=False
		  FaceName="Arial"
		  GdiCharSet=0
		  Size=10.000000
		  Width=0
		  Bold=True
		  Italic=False
		  Underline=False
		  Strikeout=False
		  Color=RGB(0,0,0)
		  PitchAndFamily=34
		  OutPrecision=3
		  }
		 Direction=0
		 BarWidth=0
		 [BarWidth]
		  {
		  Align=0
		  }
		 BarRatio=0
		 ExportAsPicture=False
		 DwgSaveAsJPEG=0
		 Condition=True
		 Animation=""
		 HTMLAnimation=""
		 }
		[Column]
		 {
		 Identifier=
		 Text="Preis"
		 Width=25000
		 Height=10000
		 FixedHeight=0
		 bIsotropic=True
		 PlainTextFormat=True
		 Align=0
		 AlignDecPosition=-10000
		 VAlign=0
		 DrawingAlignment=8
		 Adjusted=False
		 LineWrap=3
		 ForceWrap=False
		 FlowControl=False
		 Spacing.Line=0
		 bFill=LL.Scheme.BackgroundFillMode
		 Raster=1
		 BkColor=RGB(255,230,179)
		 FgColor=RGB(0,0,0)
		 SpaceOptimization=True
		 Link.URL=
		 WithText=False
		 MatchDevicePixel=False
		 [Frame]
		  {
		  Default=False
		  Layout=1
		  [Left]
		   {
		   Spacing=1000
		   Line=False
		   }
		  [Top]
		   {
		   Spacing=500
		   Line=False
		   }
		  [Right]
		   {
		   Spacing=1000
		   Line=False
		   }
		  [Bottom]
		   {
		   Spacing=500
		   Line=False
		   }
		  }
		 [Font]
		  {
		  Default=False
		  FaceName="Arial"
		  GdiCharSet=0
		  Size=10.000000
		  Width=0
		  Bold=True
		  Italic=False
		  Underline=False
		  Strikeout=False
		  Color=RGB(0,0,0)
		  PitchAndFamily=34
		  OutPrecision=3
		  }
		 Direction=0
		 BarWidth=0
		 [BarWidth]
		  {
		  Align=0
		  }
		 BarRatio=0
		 ExportAsPicture=False
		 DwgSaveAsJPEG=0
		 Condition=True
		 Animation=""
		 HTMLAnimation=""
		 }
		[Column]
		 {
		 Identifier=
		 Text="MwSt"
		 Width=13000
		 Height=10000
		 FixedHeight=0
		 bIsotropic=True
		 PlainTextFormat=True
		 Align=0
		 AlignDecPosition=-10000
		 VAlign=0
		 DrawingAlignment=8
		 Adjusted=False
		 LineWrap=3
		 ForceWrap=False
		 FlowControl=False
		 Spacing.Line=0
		 bFill=LL.Scheme.BackgroundFillMode
		 Raster=1
		 BkColor=RGB(255,230,179)
		 FgColor=RGB(0,0,0)
		 SpaceOptimization=True
		 Link.URL=
		 WithText=False
		 MatchDevicePixel=False
		 [Frame]
		  {
		  Default=False
		  Layout=1
		  [Left]
		   {
		   Spacing=1000
		   Line=False
		   }
		  [Top]
		   {
		   Spacing=500
		   Line=False
		   }
		  [Right]
		   {
		   Spacing=1000
		   Line=False
		   }
		  [Bottom]
		   {
		   Spacing=500
		   Line=False
		   }
		  }
		 [Font]
		  {
		  Default=False
		  FaceName="Arial"
		  GdiCharSet=0
		  Size=10.000000
		  Width=0
		  Bold=True
		  Italic=False
		  Underline=False
		  Strikeout=False
		  Color=RGB(0,0,0)
		  PitchAndFamily=34
		  OutPrecision=3
		  }
		 Direction=0
		 BarWidth=0
		 [BarWidth]
		  {
		  Align=0
		  }
		 BarRatio=0
		 ExportAsPicture=False
		 DwgSaveAsJPEG=0
		 Condition=True
		 Animation=""
		 HTMLAnimation=""
		 }
		}
	   [Options]
		{
		Description=Kopfzeile deutsch
		[LFont]
		 {
		 Default=True
		 FaceName=Null()
		 GdiCharSet=Null()
		 Size=Null()
		 Width=#Null()
		 Bold=Null()
		 Italic=Null()
		 Underline=Null()
		 Strikeout=Null()
		 Color=Null()
		 PitchAndFamily=Null()
		 OutPrecision=Null()
		 }
		DisplayInDesigner=True
		PDFLevel=0
		PDFText=
		IndexPDFLevel=0
		IndexPDFText=
		[ReservedSpace]
		 {
		 Left=0
		 Top=0
		 Right=0
		 Bottom=0
		 }
		LCondition=C_Language = "DE"
		Anchor=0
		Anchor.ToTop=True
		}
	   }
	  }
	 [Options]
	  {
	  }
	 }
	[Footer]
	 {
	 [Lines]
	  {
	  [Line]
	   {
	   [Columns]
		{
		[Column]
		 {
		 Identifier=
		 Width=180000
		 Height=80000
		 FixedHeight=0
		 bIsotropic=True
		 PlainTextFormat=True
		 Align=0
		 AlignDecPosition=-10000
		 VAlign=0
		 DrawingAlignment=8
		 Adjusted=False
		 LineWrap=1
		 ForceWrap=False
		 FlowControl=False
		 Spacing.Line=0
		 bFill=LL.Scheme.BackgroundFillMode
		 Raster=1
		 BkColor=RGB(255,230,179)
		 FgColor=LL.Color.Black
		 SpaceOptimization=True
		 Link.URL=
		 WithText=False
		 MatchDevicePixel=False
		 [Frame]
		  {
		  Default=False
		  Layout=1
		  [Left]
		   {
		   Spacing=1000
		   Line=False
		   }
		  [Top]
		   {
		   Spacing=500
		   Line=False
		   }
		  [Right]
		   {
		   Spacing=1000
		   Line=False
		   }
		  [Bottom]
		   {
		   Spacing=500
		   Line=False
		   }
		  }
		 [Font]
		  {
		  Default=True
		  FaceName=Null()
		  GdiCharSet=Null()
		  Size=Null()
		  Width=#Null()
		  Bold=Null()
		  Italic=Null()
		  Underline=Null()
		  Strikeout=Null()
		  Color=Null()
		  PitchAndFamily=Null()
		  OutPrecision=Null()
		  }
		 Direction=0
		 BarWidth=0
		 [BarWidth]
		  {
		  Align=0
		  }
		 BarRatio=0
		 ExportAsPicture=False
		 DwgSaveAsJPEG=0
		 Condition=True
		 Animation=""
		 HTMLAnimation=""
		 LLXType=LLCHART
		 [LLXObject]
		  {
		  [Engine]
		   {
		   PieGradientFactor=50
		   PieGradientFactor.EnhancedFrame=False
		   PieCoverage=360
		   PieRotateClockwise=True
		   UseLightEffect=True
		   Perspective=0
		   RotZ=30
		   RotX=30
		   ColorMode=1
		   ShowSeparatorLines=False
		   [AdditionalProperties]
			{
			Type=0
			DataMode=0
			VisMode=1
			Flags=7340032
			bNewAxisMode=TRUE
			}
		   [xAxis]
			{
			FormulaValue=Left$ (ArticleNumber, 1)
			FormulaFilter=True
			SamplesForDesigner=10
			AutoSort=4
			MinPercentageForArcs=0
			MaxEntriesForArcs=0
			FormulaCoordOthers="Andere"
			[FormulaCoordOthers.Font]
			 {
			 Default=True
			 FaceName=Null()
			 GdiCharSet=Null()
			 Size=Null()
			 Width=#Null()
			 Bold=Null()
			 Italic=Null()
			 Underline=Null()
			 Strikeout=Null()
			 Color=Null()
			 PitchAndFamily=Null()
			 OutPrecision=Null()
			 }
			FormulaCoordOthers.FixedSize=False
			FormulaCoordOthers.OutputFormatter=
			FormulaCoordPie=LL.ChartObject.AxisCoordinate
			[FormulaCoordPie.Font]
			 {
			 Default=False
			 FaceName="Arial"
			 GdiCharSet=0
			 Size=12
			 Width=0
			 Bold=False
			 Italic=False
			 Underline=False
			 Strikeout=False
			 Color=LL.Color.Black
			 PitchAndFamily=34
			 OutPrecision=3
			 }
			FormulaCoordPie.FixedSize=False
			FormulaCoordPie.OutputFormatter=
			FormulaLabel="Achsenbeschriftung"
			[FormulaLabel.Font]
			 {
			 Default=True
			 FaceName=Null()
			 GdiCharSet=Null()
			 Size=Null()
			 Width=#Null()
			 Bold=Null()
			 Italic=Null()
			 Underline=Null()
			 Strikeout=Null()
			 Color=Null()
			 PitchAndFamily=Null()
			 OutPrecision=Null()
			 }
			FormulaLabel.RotationAngle=0
			FormulaLabel.OutputFormatter=
			CoordTextPlacement=1
			CoordTextPlacement.Equidistant=False
			[CoordTextPlacement.bFrame]
			 {
			 Layout=0
			 [Left]
			  {
			  Spacing=1000
			  Line=False
			  }
			 [Top]
			  {
			  Spacing=1000
			  Line=False
			  }
			 [Right]
			  {
			  Spacing=1000
			  Line=False
			  }
			 [Bottom]
			  {
			  Spacing=1000
			  Line=False
			  }
			 }
			RelativePartOfAtAxisText=30
			RelativePartOfLegendText=0
			LegendAutowrap=-1
			[AreaList]
			 {
			 [ItemList]
			  {
			  }
			 }
			}
		   [zAxis0]
			{
			FormulaValue=Count(1)
			FormulaCoordOnObjects=1
			[FormulaCoordOnObjects]
			 {
			 [Font]
			  {
			  Default=True
			  FaceName=Null()
			  GdiCharSet=Null()
			  Size=Null()
			  Width=#Null()
			  Bold=Null()
			  Italic=Null()
			  Underline=Null()
			  Strikeout=Null()
			  Color=Null()
			  PitchAndFamily=Null()
			  OutPrecision=Null()
			  }
			 OutputFormatter=
			 Formula=LL.ChartObject.ArcPerc
			 [Filling]
			  {
			  bShow=0
			  }
			 RotationAngle=0
			 OOTextDrawMethod=0
			 }
			BarWidthPercentage=60
			ExplosionOffsetPercentage=0
			Link.URL=
			[AreaList]
			 {
			 [ItemList]
			  {
			  }
			 }
			}
		   [RScriptData]
			{
			RSCode=
			}
		   }
		  TitleFormula='Artikel nach Warengruppen'
		  [TitleFormula.Font]
		   {
		   Default=False
		   FaceName="Arial"
		   GdiCharSet=0
		   Size=12.0
		   Width=0
		   Bold=True
		   Italic=False
		   Underline=False
		   Strikeout=False
		   Color=LL.Color.Black
		   PitchAndFamily=0
		   OutPrecision=4
		   }
		  TitleFormula.OutputFormatter=
		  TitlePosition=0
		  Background=True
		  [Background]
		   {
		   [Filling]
			{
			bShow=1
			Raster=1
			Color=RGB(240,249,255)
			}
		   [Frame]
			{
			bShow=1
			Color=LL.Color.Black
			Width=10
			}
		   [Shadow]
			{
			bShow=0
			}
		   Rounding=0
		   }
		  Colors\Color0=RGB(255,230,179)
		  Colors\Color1=RGB(173,215,227)
		  Colors\Color2=RGB(167,195,209)
		  Colors\Color3=RGB(238,190,93)
		  Colors\Color4=RGB(102,204,199)
		  Colors\Color5=RGB(165,170,199)
		  Colors\Color6=RGB(242,167,17)
		  Colors\Color7=RGB(166,178,102)
		  Colors\Color8=RGB(155,122,153)
		  Colors\Color9=RGB(135,95,119)
		  EnhancedColorContrast=False
		  Version=2
		  UUID={AA5EC24D-1CFE-4035-9149-857E82721F13}
		  }
		 }
		}
	   [Options]
		{
		Description=
		[LFont]
		 {
		 Default=True
		 FaceName=Null()
		 GdiCharSet=Null()
		 Size=Null()
		 Width=#Null()
		 Bold=Null()
		 Italic=Null()
		 Underline=Null()
		 Strikeout=Null()
		 Color=Null()
		 PitchAndFamily=Null()
		 OutPrecision=Null()
		 }
		DisplayInDesigner=True
		PDFLevel=0
		PDFText=
		IndexPDFLevel=0
		IndexPDFText=
		[ReservedSpace]
		 {
		 Left=0
		 Top=2000
		 Right=0
		 Bottom=0
		 }
		LCondition=Lastpage()
		IndexedGroups=0
		Anchor=0
		Anchor.ToTop=True
		}
	   }
	  }
	 [Options]
	  {
	  }
	 }
	[GroupHeader]
	 {
	 [Lines]
	  {
	  [Line]
	   {
	   [Columns]
		{
		}
	   [Options]
		{
		Description=
		[LFont]
		 {
		 Default=True
		 FaceName=Null()
		 GdiCharSet=Null()
		 Size=Null()
		 Width=#Null()
		 Bold=Null()
		 Italic=Null()
		 Underline=Null()
		 Strikeout=Null()
		 Color=Null()
		 PitchAndFamily=Null()
		 OutPrecision=Null()
		 }
		DisplayInDesigner=True
		PDFLevel=1
		PDFText=
		IndexPDFLevel=0
		IndexPDFText=
		[ReservedSpace]
		 {
		 Left=0
		 Top=1000
		 Right=0
		 Bottom=0
		 }
		Anchor=0
		Anchor.ToTop=True
		GroupCondition=
		ResetSums=
		OnNewPage=False
		PrintRightAfterHeader=False
		LCondition=True
		}
	   }
	  }
	 [Options]
	  {
	  }
	 }
	[GroupFooter]
	 {
	 [Lines]
	  {
	  [Line]
	   {
	   [Columns]
		{
		}
	   [Options]
		{
		Description=
		[LFont]
		 {
		 Default=True
		 FaceName=Null()
		 GdiCharSet=Null()
		 Size=Null()
		 Width=#Null()
		 Bold=Null()
		 Italic=Null()
		 Underline=Null()
		 Strikeout=Null()
		 Color=Null()
		 PitchAndFamily=Null()
		 OutPrecision=Null()
		 }
		DisplayInDesigner=True
		PDFLevel=0
		PDFText=
		IndexPDFLevel=0
		IndexPDFText=
		[ReservedSpace]
		 {
		 Left=0
		 Top=0
		 Right=0
		 Bottom=1000
		 }
		Anchor=0
		Anchor.ToTop=True
		GroupCondition=
		ResetSums=
		TriggerNewPage=False
		LCondition=True
		}
	   }
	  }
	 [Options]
	  {
	  }
	 }
	}
   }
  }
[UserVariables]
[Parameters]
 [@Parameters]
  {
  [Parameters]
   {
   LL.MultiPassCondition=PrintPassIndex()=PrintPassCount()
   LL.MultiPassCount=1
   LL.ProjectDescription=? (default)
   }
  }
[UsedIdentifiers]
 Variables=C_Language;C_SortOrder
 Fields=ArticleNumber;Name;Price;QuantityPerUnit;Unit;UnitsInStock;VAT
 ChartFields=
[PageLayouts]
 [@PageLayouts]
  {
  [PageLayouts]
   {
   [PageLayout]
	{
	DisplayName=Standard-Layout
	Condition=True
	SourceTray=0
	ForcePaperFormat=True
	UsePhysicalPaper=True
	PaperFormat=9
	PaperFormat.cx=209890
	PaperFormat.cy=297050
	PaperFormat.Orientation=1
	Copies=1
	Duplex=0
	Collate=0
	FitPage=False
	ShowInPrintDialog=True
	}
   }
  }
[ExtendedInfo]
 [@ExtendedInfos]
  {
  [UserDefinedDesignScheme]
   {
   [Foreground]
	{
	Color=(255,230,179)
	Color=(173,215,227)
	Color=(167,195,209)
	Color=(238,190,93)
	Color=(102,204,199)
	Color=(165,170,199)
	Color=(242,167,17)
	Color=(166,178,102)
	Color=(155,122,153)
	Color=(135,95,119)
	}
   [Background]
	{
	Color=(240,249,255)
	Color=(255,230,179)
	Color=(173,215,227)
	Color=(167,195,209)
	FillMode=1
	}
   }
  [UIDescriptions]
   {
   }
  [Subreports]
   {
   }
  }
