[List description]
[Description]
 Text=List & Label Projektdatei
 FileVersion=16
 RootTable=
 Units=SCM-Units
 Metric=3
 TextQuote.Start=1
 TextQuote.End=1
 RepresentationCode.CondStart=171
 RepresentationCode.CondSep=166
 RepresentationCode.CondEnd=187
 RepresentationCode.Tab=247
 RepresentationCode.Ret=182
 RepresentationCode.PhantomSpace=8203
 RepresentationCode.LockNextChar=8288
 RepresentationCode.ExprSep=164
 LCID=1031
 UserVars.ManualSortOrder=1
 CreatedByCallFrom=PLUSRUN.EXE
[Layout]
 P1.Template=
 xGrid=1000
 yGrid=1000
 GridShow=FALSE
 GridSnap=FALSE
 EnhancedExpressions=TRUE
 EnhancedOldExpressions=FALSE
 Decimals=2
 RealDataPreviewPageLimit=-2
 DefFont={(0,0,0),12.000000,-16,0,0,0,400,0,0,0,0,4,0,0,0,Arial}
 HelpLines.Horizontal=
 HelpLines.Vertical=
 PDF.MaxOutlineDepth=2
 PDF.MaxOutlineDepth.IDX=3
 DefaultSize.Objecttype11=(0,0,272890,188340)
 ObjectCount=1
[UserSection]
 
[SumVariables]
[Layer]
 Name=Basis
 Condition=
 WorkspaceColor=(102,102,102)
 Visible=TRUE
 LayerID=0
[Layer]
 Name=Erste Seite
 Condition=Page() = 1
 WorkspaceColor=(197,207,10)
 Visible=TRUE
 LayerID=1
[Layer]
 Name=Folgeseiten
 Condition=Page() <> 1
 WorkspaceColor=(161,203,243)
 Visible=TRUE
 LayerID=2
[ProjectTemplates]
 [@ProjectTemplates]
  {
  [ProjectTemplates]
   {
   }
  }
[Object]
 ObjectID=11
 ObjectName=Diagramm
 Locked=FALSE
 LinkUUID={18BD0EFB-51A7-42C4-9E97-0EE54B79B770}
 LinkMode=32
 LayerID=0
 LayerCond=
 GroupUUID=
 Identifier=
 Condition=True
 UserLocked=False
 WrapBefore=False
 ExportAsPicture=False
 Position/Left=15000
 Position/Top=15000
 Position/Width=267000
 Position/Height=180000
 Direction=0
 Frame/Layout=0
 Frame/Left/Spacing=0
 Frame/Left/Line=False
 Frame/Top/Spacing=0
 Frame/Top/Line=False
 Frame/Right/Spacing=0
 Frame/Right/Line=False
 Frame/Bottom/Spacing=0
 Frame/Bottom/Line=False
 PDFLevel=0
 PDFText=
 IndexPDFLevel=0
 IndexPDFText=
 IssueCondition=True
 Link.URL=
 Animation=""
 HTMLAnimation=""
 FormulaFilter=True
 LLXType=LLCHART
 [@Parameters]
  {
  [Parameters]
   {
   [Engine]
	{
	bFill=0
	HasAlternatezAxis=False
	zAxisSecondaryAssignment=0
	Isotropic=False
	Orientation=1
	LabelAlignment=2
	UseLightEffect=True
	Perspective=0
	RotZ=0
	RotX=0
	FrameColor=RGB(180,180,180)
	Projection=1
	[AdditionalProperties]
	 {
	 Type=1
	 DataMode=0
	 VisMode=1
	 Flags=7340032
	 bNewAxisMode=TRUE
	 }
	[xAxis]
	 {
	 FormulaValue=Name
	 FormulaFilter=True
	 SamplesForDesigner=10
	 AutoSort=0
	 MaxEntryCount=0
	 [MaxEntryCount]
	  {
	  bWithOthers=False
	  }
	 Label="Andere"
	 MinimumPercentage=0
	 RoundLimits=True
	 FormulaCoord=LL.ChartObject.AxisCoordinate
	 [FormulaCoord.Font]
	  {
	  Default=True
	  FaceName=Null()
	  GdiCharSet=Null()
	  Size=Null()
	  Width=#Null()
	  Bold=Null()
	  Italic=Null()
	  Underline=Null()
	  Strikeout=Null()
	  Color=Null()
	  PitchAndFamily=Null()
	  OutPrecision=Null()
	  }
	 FormulaCoord.RotationAngle=0
	 FormulaCoord.FixedSize=False
	 FormulaCoord.OutputFormatter=
	 FormulaLabel=""
	 [FormulaLabel.Font]
	  {
	  Default=True
	  FaceName=Null()
	  GdiCharSet=Null()
	  Size=Null()
	  Width=#Null()
	  Bold=Null()
	  Italic=Null()
	  Underline=Null()
	  Strikeout=Null()
	  Color=Null()
	  PitchAndFamily=Null()
	  OutPrecision=Null()
	  }
	 FormulaLabel.RotationAngle=0
	 FormulaLabel.OutputFormatter=
	 CoordTextPlacement=1
	 CoordTextPlacement.Equidistant=False
	 [CoordTextPlacement.bFrame]
	  {
	  Layout=0
	  [Left]
	   {
	   Spacing=1000
	   Line=False
	   }
	  [Top]
	   {
	   Spacing=1000
	   Line=False
	   }
	  [Right]
	   {
	   Spacing=1000
	   Line=False
	   }
	  [Bottom]
	   {
	   Spacing=1000
	   Line=False
	   }
	  }
	 RelativePartOfAtAxisText=30
	 RelativePartOfLegendText=0
	 LegendAutowrap=-1
	 TickmarkColor=RGB(180,180,180)
	 CountOfMainTicksMax=0
	 CountOfIntermediateTicks=0
	 [AreaList]
	  {
	  [ItemList]
	   {
	   }
	  }
	 }
	[zAxis0]
	 {
	 FormulaMin=True
	 [FormulaMin]
	  {
	  Value=0
	  }
	 FormulaMax=True
	 [FormulaMax]
	  {
	  Value=1.0
	  }
	 Distortion=0
	 FilterZeroes=False
	 HandleNullValue=0
	 FormulaValue=turnover
	 FormulaCoordOnObjects=0
	 [FormulaCoordOnObjects]
	  {
	  [Font]
	   {
	   Default=True
	   FaceName=Null()
	   GdiCharSet=Null()
	   Size=Null()
	   Width=#Null()
	   Bold=Null()
	   Italic=Null()
	   Underline=Null()
	   Strikeout=Null()
	   Color=Null()
	   PitchAndFamily=Null()
	   OutPrecision=Null()
	   }
	  OutputFormatter=
	  Formula=LL.ChartObject.AxisCoordinate
	  [Filling]
	   {
	   bShow=0
	   }
	  RotationAngle=0
	  OOTextDrawMethod=0
	  }
	 AutoTickmarks=True
	 [AutoTickmarks]
	  {
	  Value=1.0
	  }
	 Visual=1
	 LineTypeOverride=0
	 LineSmoothing=0
	 VisualSym=-1
	 CoordGridLines=True
	 [CoordGridLines]
	  {
	  Color=LL.Color.Black
	  LineType=0
	  }
	 CoordGridLinesWidth=0
	 CoordGridZebraPattern=1
	 [ZebraPattern]
	  {
	  Pattern=1
	  Color=LL.Color.WhiteSmoke
	  }
	 BarWidthPercentage=60
	 PostProcessing=0
	 [PostProcessing]
	  {
	  Count=3
	  }
	 Link.URL=
	 FormulaCoord=LL.ChartObject.AxisCoordinate
	 [FormulaCoord.Font]
	  {
	  Default=True
	  FaceName=Null()
	  GdiCharSet=Null()
	  Size=Null()
	  Width=#Null()
	  Bold=Null()
	  Italic=Null()
	  Underline=Null()
	  Strikeout=Null()
	  Color=Null()
	  PitchAndFamily=Null()
	  OutPrecision=Null()
	  }
	 FormulaCoord.RotationAngle=0
	 FormulaCoord.FixedSize=False
	 FormulaCoord.OutputFormatter=
	 FormulaLabel="Umsatz"
	 [FormulaLabel.Font]
	  {
	  Default=True
	  FaceName=Null()
	  GdiCharSet=Null()
	  Size=Null()
	  Width=#Null()
	  Bold=Null()
	  Italic=Null()
	  Underline=Null()
	  Strikeout=Null()
	  Color=Null()
	  PitchAndFamily=Null()
	  OutPrecision=Null()
	  }
	 FormulaLabel.RotationAngle=90.0
	 FormulaLabel.OutputFormatter=
	 CoordTextPlacement=1
	 CoordTextPlacement.Equidistant=False
	 [CoordTextPlacement.bFrame]
	  {
	  Layout=0
	  [Left]
	   {
	   Spacing=1000
	   Line=False
	   }
	  [Top]
	   {
	   Spacing=1000
	   Line=False
	   }
	  [Right]
	   {
	   Spacing=1000
	   Line=False
	   }
	  [Bottom]
	   {
	   Spacing=1000
	   Line=False
	   }
	  }
	 RelativePartOfAtAxisText=30
	 RelativePartOfLegendText=0
	 LegendAutowrap=-1
	 TickmarkColor=RGB(180,180,180)
	 CountOfIntermediateTicks=0
	 [AreaList]
	  {
	  [ItemList]
	   {
	   }
	  }
	 }
	[RScriptData]
	 {
	 RSCode=
	 }
	}
   TitleFormula='Umsatz nach Kunden'
   [TitleFormula.Font]
	{
	Default=True
	FaceName=Null()
	GdiCharSet=Null()
	Size=Null()
	Width=#Null()
	Bold=Null()
	Italic=Null()
	Underline=Null()
	Strikeout=Null()
	Color=Null()
	PitchAndFamily=Null()
	OutPrecision=Null()
	}
   TitleFormula.OutputFormatter=
   TitlePosition=0
   Background=True
   [Background]
	{
	[Filling]
	 {
	 bShow=LL.Scheme.BackgroundFillMode
	 Raster=1
	 Color=LL.Scheme.BackgroundColor0
	 }
	[Frame]
	 {
	 bShow=0
	 }
	[Shadow]
	 {
	 bShow=0
	 }
	Rounding=0
	}
   Colors\Color0=LL.Scheme.Color0
   Colors\Color1=LL.Scheme.Color1
   Colors\Color2=LL.Scheme.Color2
   Colors\Color3=LL.Scheme.Color3
   Colors\Color4=LL.Scheme.Color4
   Colors\Color5=LL.Scheme.Color5
   Colors\Color6=LL.Scheme.Color6
   Colors\Color7=LL.Scheme.Color7
   Colors\Color8=LL.Scheme.Color8
   Colors\Color9=LL.Scheme.Color9
   EnhancedColorContrast=False
   Version=2
   UUID={9F9436A5-007C-47FE-A5E3-792493654420}
   }
  }
[UserVariables]
[Parameters]
 [@Parameters]
  {
  [Parameters]
   {
   LL.ActiveLayout=Standard-Layout
   LL.MultiPassCondition=PrintPassIndex()=PrintPassCount()
   LL.MultiPassCount=1
   LL.ProjectDescription=List & Label Projektdatei
   }
  }
[UsedIdentifiers]
 Variables=
 Fields=Name;turnover
 ChartFields=
[PageLayouts]
 [@PageLayouts]
  {
  [PageLayouts]
   {
   [PageLayout]
	{
	DisplayName=
	Condition=True
	SourceTray=15
	ForcePaperFormat=True
	UsePhysicalPaper=True
	PaperFormat=9
	PaperFormat.cx=297050
	PaperFormat.cy=209880
	PaperFormat.Orientation=2
	Copies=1
	Duplex=1
	Collate=0
	FitPage=False
	ShowInPrintDialog=True
	}
   }
  }
[ExtendedInfo]
 [@ExtendedInfos]
  {
  [UserDefinedDesignScheme]
   {
   [Foreground]
	{
	Color=(255,230,179)
	Color=(173,215,227)
	Color=(167,195,209)
	Color=(238,190,93)
	Color=(102,204,199)
	Color=(165,170,199)
	Color=(242,167,17)
	Color=(166,178,102)
	Color=(155,122,153)
	Color=(135,95,119)
	}
   [Background]
	{
	Color=(240,249,255)
	Color=(255,230,179)
	Color=(173,215,227)
	Color=(167,195,209)
	FillMode=1
	}
   }
  [UIDescriptions]
   {
   }
  [Subreports]
   {
   }
  }
