[List description]
[Description]
 Text=List & Label Projektdatei
 FileVersion=16
 Units=SCM-Units
 Metric=3
 TextQuote.Start=1
 TextQuote.End=1
 RepresentationCode.CondStart=171
 RepresentationCode.CondSep=166
 RepresentationCode.CondEnd=187
 RepresentationCode.Tab=247
 RepresentationCode.Ret=182
 RepresentationCode.PhantomSpace=8203
 RepresentationCode.LockNextChar=8288
 RepresentationCode.ExprSep=164
 LCID=1031
 UserVars.ManualSortOrder=1
 CreatedByCallFrom=PLUSRUN.EXE
[Layout]
 P1.Template=
 xGrid=1000
 yGrid=1000
 GridShow=FALSE
 GridSnap=FALSE
 EnhancedExpressions=TRUE
 EnhancedOldExpressions=FALSE
 Decimals=2
 RealDataPreviewPageLimit=-2
 DefFont={(0,0,0),12.000000,-16,0,0,0,400,0,0,0,0,4,0,0,0,Arial}
 HelpLines.Horizontal=
 HelpLines.Vertical=
 PDF.MaxOutlineDepth=2
 PDF.MaxOutlineDepth.IDX=3
 DefaultSize.Objecttype11=(0,0,0,0)
 ObjectCount=1
[UserSection]
 
[SumVariables]
[Layer]
 Name=Basis
 Condition=
 WorkspaceColor=(102,102,102)
 Visible=TRUE
 LayerID=0
[Layer]
 Name=Erste Seite
 Condition=Page() = 1
 WorkspaceColor=(197,207,10)
 Visible=TRUE
 LayerID=1
[Layer]
 Name=Folgeseiten
 Condition=Page() <> 1
 WorkspaceColor=(161,203,243)
 Visible=TRUE
 LayerID=2
[ProjectTemplates]
 [@ProjectTemplates]
  {
  [ProjectTemplates]
   {
   }
  }
[Object]
 ObjectID=6
 ObjectName=Tabelle
 Locked=FALSE
 LinkUUID={3482B5B5-CC7C-4F41-B330-E241DC4EE9EF}
 LinkMode=32
 LayerID=0
 LayerCond=
 GroupUUID=
 Identifier=
 Condition=True
 UserLocked=False
 WrapBefore=False
 Position/Left=15000
 Position/Top=15000
 Position/Width=180000
 Position/Height=267000
 Direction=0
 Frame/Layout=0
 Frame/Left/Spacing=0
 Frame/Left/Line=False
 Frame/Top/Spacing=0
 Frame/Top/Line=False
 Frame/Right/Spacing=0
 Frame/Right/Line=False
 Frame/Bottom/Spacing=0
 Frame/Bottom/Line=False
 PDFLevel=0
 PDFText=
 IndexPDFLevel=0
 IndexPDFText=
 IssueCondition=True
 Link.URL=
 Animation=""
 bFooterOnBottom=False
 bFillBottom=False
 DefaultFont/Default=True
 DefaultFont/FaceName="Arial"
 DefaultFont/GdiCharSet=0
 DefaultFont/Size=Null()
 DefaultFont/Width=#Null()
 DefaultFont/Bold=Null()
 DefaultFont/Italic=Null()
 DefaultFont/Underline=Null()
 DefaultFont/Strikeout=Null()
 DefaultFont/Color=Null()
 DefaultFont/PitchAndFamily=Null()
 DefaultFont/OutPrecision=Null()
 FgColor=RGB(0,0,0)
 bFill=1
 Raster=1
 BkColor=RGB(255,255,255)
 ColumnCount=0
 ColumnCount.Distance=0
 FillPrioHorizonal=False
 ColumnBreakCondition=False
 [@Tables]
  {
  [Tables]
   {
   [Table]
	{
	TableType=List
	TableID=
	RelationID=
	LinkUUID={1F19B7C6-D5D2-4827-ADF5-3846B40B564A}
	[GroupHeaderLines]
	 {
	 bConcatDataLines=True
	 bKeepTogether=False
	 }
	[GroupFooterLines]
	 {
	 bAlsoOnEmptyGroup=False
	 bKeepTogether=False
	 }
	[DataLines]
	 {
	 bKeepTogether=True
	 [bKeepTogether]
	  {
	  IndexedGroups=False
	  }
	 bSuppress=False
	 bForceSumCalculation=False
	 }
	ZebraPattern=1
	[ZebraPattern]
	 {
	 Pattern=1
	 Color=LL.Color.Beige
	 }
	[FooterLines]
	 {
	 bKeepTogether=False
	 }
	PageBreakCondition=False
	[DefaultFrame]
	 {
	 Layout=1
	 [Left]
	  {
	  Spacing=0
	  Line=False
	  }
	 [Top]
	  {
	  Spacing=0
	  Line=False
	  }
	 [Right]
	  {
	  Spacing=0
	  Line=False
	  }
	 [Bottom]
	  {
	  Spacing=0
	  Line=False
	  }
	 }
	UseSepTicks=True
	ColumnCount=0
	ColumnCount.Distance=1000
	FillPrioHorizonal=False
	ColumnBreakCondition=False
	FormulaFilter=True
	DesignScheme="PROJECT"
	[Body]
	 {
	 [Lines]
	  {
	  [Line]
	   {
	   [Columns]
		{
		[Column]
		 {
		 Identifier=
		 Text=Name
		 Width=140000
		 Height=10000
		 FixedHeight=0
		 bIsotropic=False
		 PlainTextFormat=True
		 Align=0
		 AlignDecPosition=-10000
		 VAlign=0
		 DrawingAlignment=8
		 Adjusted=False
		 LineWrap=1
		 ForceWrap=False
		 FlowControl=False
		 Spacing.Line=0
		 bFill=0
		 FgColor=LL.Color.Black
		 SpaceOptimization=False
		 Link.URL=
		 WithText=False
		 MatchDevicePixel=False
		 [Frame]
		  {
		  Default=False
		  Layout=1
		  [Left]
		   {
		   Spacing=1000
		   Line=False
		   }
		  [Top]
		   {
		   Spacing=500
		   Line=False
		   }
		  [Right]
		   {
		   Spacing=1000
		   Line=False
		   }
		  [Bottom]
		   {
		   Spacing=500
		   Line=False
		   }
		  }
		 [Font]
		  {
		  Default=False
		  FaceName="Arial"
		  GdiCharSet=0
		  Size=12.0
		  Width=0
		  Bold=False
		  Italic=False
		  Underline=False
		  Strikeout=False
		  Color=LL.Color.Black
		  PitchAndFamily=0
		  OutPrecision=0
		  }
		 Direction=0
		 BarWidth=0
		 [BarWidth]
		  {
		  Align=0
		  }
		 BarRatio=0
		 ExportAsPicture=False
		 DwgSaveAsJPEG=0
		 Condition=True
		 Animation=""
		 HTMLAnimation=""
		 }
		[Column]
		 {
		 Identifier=
		 Text=turnover
		 Width=40000
		 Height=10000
		 FixedHeight=0
		 bIsotropic=False
		 PlainTextFormat=True
		 Align=2
		 AlignDecPosition=-10000
		 VAlign=0
		 DrawingAlignment=8
		 Adjusted=False
		 LineWrap=1
		 ForceWrap=False
		 FlowControl=False
		 Spacing.Line=0
		 bFill=0
		 FgColor=LL.Color.Black
		 SpaceOptimization=False
		 Link.URL=
		 WithText=False
		 MatchDevicePixel=False
		 [Frame]
		  {
		  Default=False
		  Layout=1
		  [Left]
		   {
		   Spacing=1000
		   Line=False
		   }
		  [Top]
		   {
		   Spacing=500
		   Line=False
		   }
		  [Right]
		   {
		   Spacing=1000
		   Line=False
		   }
		  [Bottom]
		   {
		   Spacing=500
		   Line=False
		   }
		  }
		 [Font]
		  {
		  Default=False
		  FaceName="Arial"
		  GdiCharSet=0
		  Size=12.0
		  Width=0
		  Bold=False
		  Italic=False
		  Underline=False
		  Strikeout=False
		  Color=LL.Color.Black
		  PitchAndFamily=0
		  OutPrecision=0
		  }
		 Direction=0
		 BarWidth=0
		 [BarWidth]
		  {
		  Align=0
		  }
		 BarRatio=0
		 ExportAsPicture=False
		 DwgSaveAsJPEG=0
		 Condition=True
		 Animation=""
		 HTMLAnimation=""
		 }
		}
	   [Options]
		{
		Description=
		[LFont]
		 {
		 Default=True
		 FaceName=Null()
		 GdiCharSet=Null()
		 Size=Null()
		 Width=#Null()
		 Bold=Null()
		 Italic=Null()
		 Underline=Null()
		 Strikeout=Null()
		 Color=Null()
		 PitchAndFamily=Null()
		 OutPrecision=Null()
		 }
		DisplayInDesigner=True
		PDFLevel=0
		PDFText=
		IndexPDFLevel=0
		IndexPDFText=
		[ReservedSpace]
		 {
		 Left=0
		 Top=0
		 Right=0
		 Bottom=0
		 }
		LCondition=True
		IndexedGroups=0
		Anchor=0
		Anchor.ToTop=True
		}
	   }
	  }
	 [Options]
	  {
	  }
	 }
	[Header]
	 {
	 [Lines]
	  {
	  [Line]
	   {
	   [Columns]
		{
		[Column]
		 {
		 Identifier=
		 Text="Umsatz nach Kunden"
		 Width=180000
		 Height=10000
		 FixedHeight=0
		 bIsotropic=True
		 PlainTextFormat=True
		 Align=1
		 AlignDecPosition=-10000
		 VAlign=0
		 DrawingAlignment=0
		 Adjusted=False
		 LineWrap=1
		 ForceWrap=False
		 FlowControl=False
		 Spacing.Line=0
		 bFill=1
		 Raster=1
		 BkColor=LL.Scheme.Color0
		 FgColor=LL.Color.Black
		 SpaceOptimization=True
		 Link.URL=
		 WithText=False
		 MatchDevicePixel=False
		 [Frame]
		  {
		  Default=True
		  Layout=1
		  [Left]
		   {
		   Spacing=1000
		   Line=True
		   [Line]
			{
			Color=LL.Color.Black
			LineType=0
			}
		   LineWidth=0
		   }
		  [Top]
		   {
		   Spacing=500
		   Line=True
		   [Line]
			{
			Color=LL.Color.Black
			LineType=0
			}
		   LineWidth=0
		   }
		  [Right]
		   {
		   Spacing=1000
		   Line=True
		   [Line]
			{
			Color=LL.Color.Black
			LineType=0
			}
		   LineWidth=0
		   }
		  [Bottom]
		   {
		   Spacing=500
		   Line=True
		   [Line]
			{
			Color=LL.Color.Black
			LineType=0
			}
		   LineWidth=0
		   }
		  }
		 [Font]
		  {
		  Default=False
		  FaceName="Arial"
		  GdiCharSet=0
		  Size=14
		  Width=0
		  Bold=True
		  Italic=False
		  Underline=False
		  Strikeout=False
		  Color=LL.Color.Black
		  PitchAndFamily=0
		  OutPrecision=4
		  }
		 Direction=0
		 BarWidth=0
		 [BarWidth]
		  {
		  Align=0
		  }
		 BarRatio=0
		 ExportAsPicture=False
		 DwgSaveAsJPEG=0
		 Condition=True
		 Animation=""
		 HTMLAnimation=""
		 }
		}
	   [Options]
		{
		Description=
		[LFont]
		 {
		 Default=True
		 FaceName=Null()
		 GdiCharSet=Null()
		 Size=Null()
		 Width=#Null()
		 Bold=Null()
		 Italic=Null()
		 Underline=Null()
		 Strikeout=Null()
		 Color=Null()
		 PitchAndFamily=Null()
		 OutPrecision=Null()
		 }
		DisplayInDesigner=True
		PDFLevel=0
		PDFText=
		IndexPDFLevel=0
		IndexPDFText=
		[ReservedSpace]
		 {
		 Left=0
		 Top=0
		 Right=0
		 Bottom=2000
		 }
		LCondition=True
		Anchor=0
		Anchor.ToTop=True
		}
	   }
	  [Line]
	   {
	   [Columns]
		{
		[Column]
		 {
		 Identifier=
		 Text="Name"
		 Width=140000
		 Height=10000
		 FixedHeight=0
		 bIsotropic=False
		 PlainTextFormat=True
		 Align=0
		 AlignDecPosition=-10000
		 VAlign=0
		 DrawingAlignment=8
		 Adjusted=False
		 LineWrap=0
		 ForceWrap=False
		 FlowControl=False
		 Spacing.Line=0
		 bFill=1
		 Raster=1
		 BkColor=LL.Scheme.Color0
		 FgColor=LL.Color.Black
		 SpaceOptimization=False
		 Link.URL=
		 WithText=False
		 MatchDevicePixel=False
		 [Frame]
		  {
		  Default=False
		  Layout=1
		  [Left]
		   {
		   Spacing=1000
		   Line=True
		   [Line]
			{
			Color=LL.Color.Black
			LineType=0
			}
		   LineWidth=0
		   }
		  [Top]
		   {
		   Spacing=500
		   Line=True
		   [Line]
			{
			Color=LL.Color.Black
			LineType=0
			}
		   LineWidth=0
		   }
		  [Right]
		   {
		   Spacing=1000
		   Line=False
		   }
		  [Bottom]
		   {
		   Spacing=500
		   Line=True
		   [Line]
			{
			Color=LL.Color.Black
			LineType=0
			}
		   LineWidth=0
		   }
		  }
		 [Font]
		  {
		  Default=False
		  FaceName="Arial"
		  GdiCharSet=0
		  Size=12.0
		  Width=0
		  Bold=False
		  Italic=False
		  Underline=False
		  Strikeout=False
		  Color=LL.Color.Black
		  PitchAndFamily=0
		  OutPrecision=0
		  }
		 Direction=0
		 BarWidth=0
		 [BarWidth]
		  {
		  Align=0
		  }
		 BarRatio=0
		 ExportAsPicture=False
		 DwgSaveAsJPEG=0
		 Condition=True
		 Animation=""
		 HTMLAnimation=""
		 }
		[Column]
		 {
		 Identifier=
		 Text="turnover"
		 Width=40000
		 Height=10000
		 FixedHeight=0
		 bIsotropic=False
		 PlainTextFormat=True
		 Align=2
		 AlignDecPosition=-10000
		 VAlign=0
		 DrawingAlignment=8
		 Adjusted=False
		 LineWrap=0
		 ForceWrap=False
		 FlowControl=False
		 Spacing.Line=0
		 bFill=1
		 Raster=1
		 BkColor=LL.Scheme.Color0
		 FgColor=LL.Color.Black
		 SpaceOptimization=False
		 Link.URL=
		 WithText=False
		 MatchDevicePixel=False
		 [Frame]
		  {
		  Default=False
		  Layout=1
		  [Left]
		   {
		   Spacing=1000
		   Line=True
		   [Line]
			{
			Color=LL.Color.Black
			LineType=0
			}
		   LineWidth=0
		   }
		  [Top]
		   {
		   Spacing=500
		   Line=True
		   [Line]
			{
			Color=LL.Color.Black
			LineType=0
			}
		   LineWidth=0
		   }
		  [Right]
		   {
		   Spacing=1000
		   Line=True
		   [Line]
			{
			Color=LL.Color.Black
			LineType=0
			}
		   LineWidth=0
		   }
		  [Bottom]
		   {
		   Spacing=500
		   Line=True
		   [Line]
			{
			Color=LL.Color.Black
			LineType=0
			}
		   LineWidth=0
		   }
		  }
		 [Font]
		  {
		  Default=False
		  FaceName="Arial"
		  GdiCharSet=0
		  Size=12.0
		  Width=0
		  Bold=False
		  Italic=False
		  Underline=False
		  Strikeout=False
		  Color=LL.Color.Black
		  PitchAndFamily=0
		  OutPrecision=0
		  }
		 Direction=0
		 BarWidth=0
		 [BarWidth]
		  {
		  Align=0
		  }
		 BarRatio=0
		 ExportAsPicture=False
		 DwgSaveAsJPEG=0
		 Condition=True
		 Animation=""
		 HTMLAnimation=""
		 }
		}
	   [Options]
		{
		Description=
		[LFont]
		 {
		 Default=True
		 FaceName=Null()
		 GdiCharSet=Null()
		 Size=Null()
		 Width=#Null()
		 Bold=Null()
		 Italic=Null()
		 Underline=Null()
		 Strikeout=Null()
		 Color=Null()
		 PitchAndFamily=Null()
		 OutPrecision=Null()
		 }
		DisplayInDesigner=True
		PDFLevel=0
		PDFText=
		IndexPDFLevel=0
		IndexPDFText=
		[ReservedSpace]
		 {
		 Left=0
		 Top=0
		 Right=0
		 Bottom=0
		 }
		LCondition=True
		Anchor=0
		Anchor.ToTop=True
		}
	   }
	  }
	 [Options]
	  {
	  }
	 }
	[Footer]
	 {
	 [Lines]
	  {
	  [Line]
	   {
	   [Columns]
		{
		[Column]
		 {
		 Identifier=
		 Text="Gesamt"
		 Width=140000
		 Height=10000
		 FixedHeight=0
		 bIsotropic=False
		 PlainTextFormat=True
		 Align=0
		 AlignDecPosition=-10000
		 VAlign=0
		 DrawingAlignment=8
		 Adjusted=False
		 LineWrap=1
		 ForceWrap=False
		 FlowControl=False
		 Spacing.Line=0
		 bFill=1
		 Raster=1
		 BkColor=LL.Scheme.Color0
		 FgColor=LL.Color.Black
		 SpaceOptimization=False
		 Link.URL=
		 WithText=False
		 MatchDevicePixel=False
		 [Frame]
		  {
		  Default=False
		  Layout=1
		  [Left]
		   {
		   Spacing=1000
		   Line=False
		   }
		  [Top]
		   {
		   Spacing=500
		   Line=False
		   }
		  [Right]
		   {
		   Spacing=1000
		   Line=False
		   }
		  [Bottom]
		   {
		   Spacing=500
		   Line=False
		   }
		  }
		 [Font]
		  {
		  Default=False
		  FaceName="Arial"
		  GdiCharSet=0
		  Size=12.0
		  Width=0
		  Bold=True
		  Italic=False
		  Underline=False
		  Strikeout=False
		  Color=LL.Color.Black
		  PitchAndFamily=0
		  OutPrecision=0
		  }
		 Direction=0
		 BarWidth=0
		 [BarWidth]
		  {
		  Align=0
		  }
		 BarRatio=0
		 ExportAsPicture=False
		 DwgSaveAsJPEG=0
		 Condition=True
		 Animation=""
		 HTMLAnimation=""
		 }
		[Column]
		 {
		 Identifier=
		 Text=SUM(turnover)
		 Width=40000
		 Height=10000
		 FixedHeight=0
		 bIsotropic=False
		 PlainTextFormat=True
		 Align=2
		 AlignDecPosition=-10000
		 VAlign=0
		 DrawingAlignment=8
		 Adjusted=False
		 LineWrap=1
		 ForceWrap=False
		 FlowControl=False
		 Spacing.Line=0
		 bFill=1
		 Raster=1
		 BkColor=LL.Scheme.Color0
		 FgColor=LL.Color.Black
		 SpaceOptimization=False
		 Link.URL=
		 WithText=False
		 MatchDevicePixel=False
		 [Frame]
		  {
		  Default=False
		  Layout=1
		  [Left]
		   {
		   Spacing=1000
		   Line=False
		   }
		  [Top]
		   {
		   Spacing=500
		   Line=False
		   }
		  [Right]
		   {
		   Spacing=1000
		   Line=False
		   }
		  [Bottom]
		   {
		   Spacing=500
		   Line=False
		   }
		  }
		 [Font]
		  {
		  Default=False
		  FaceName="Arial"
		  GdiCharSet=0
		  Size=12.0
		  Width=0
		  Bold=True
		  Italic=False
		  Underline=False
		  Strikeout=False
		  Color=LL.Color.Black
		  PitchAndFamily=0
		  OutPrecision=0
		  }
		 Direction=0
		 BarWidth=0
		 [BarWidth]
		  {
		  Align=0
		  }
		 BarRatio=0
		 ExportAsPicture=False
		 DwgSaveAsJPEG=0
		 Condition=True
		 Animation=""
		 HTMLAnimation=""
		 }
		}
	   [Options]
		{
		Description=
		[LFont]
		 {
		 Default=True
		 FaceName=Null()
		 GdiCharSet=Null()
		 Size=Null()
		 Width=#Null()
		 Bold=Null()
		 Italic=Null()
		 Underline=Null()
		 Strikeout=Null()
		 Color=Null()
		 PitchAndFamily=Null()
		 OutPrecision=Null()
		 }
		DisplayInDesigner=True
		PDFLevel=0
		PDFText=
		IndexPDFLevel=0
		IndexPDFText=
		[ReservedSpace]
		 {
		 Left=0
		 Top=0
		 Right=0
		 Bottom=0
		 }
		LCondition=True
		IndexedGroups=0
		Anchor=0
		Anchor.ToTop=True
		}
	   }
	  [Line]
	   {
	   [Columns]
		{
		[Column]
		 {
		 Identifier=
		 Width=180000
		 Height=60000
		 FixedHeight=0
		 bIsotropic=True
		 PlainTextFormat=True
		 Align=0
		 AlignDecPosition=-10000
		 VAlign=0
		 DrawingAlignment=0
		 Adjusted=False
		 LineWrap=1
		 ForceWrap=False
		 FlowControl=False
		 Spacing.Line=0
		 bFill=1
		 Raster=1
		 BkColor=LL.Scheme.Color0
		 FgColor=LL.Color.Black
		 SpaceOptimization=True
		 Link.URL=
		 WithText=False
		 MatchDevicePixel=False
		 [Frame]
		  {
		  Default=False
		  Layout=1
		  [Left]
		   {
		   Spacing=0
		   Line=False
		   }
		  [Top]
		   {
		   Spacing=0
		   Line=False
		   }
		  [Right]
		   {
		   Spacing=0
		   Line=False
		   }
		  [Bottom]
		   {
		   Spacing=0
		   Line=False
		   }
		  }
		 [Font]
		  {
		  Default=True
		  FaceName=Null()
		  GdiCharSet=Null()
		  Size=Null()
		  Width=#Null()
		  Bold=Null()
		  Italic=Null()
		  Underline=Null()
		  Strikeout=Null()
		  Color=Null()
		  PitchAndFamily=Null()
		  OutPrecision=Null()
		  }
		 Direction=0
		 BarWidth=0
		 [BarWidth]
		  {
		  Align=0
		  }
		 BarRatio=0
		 ExportAsPicture=False
		 DwgSaveAsJPEG=0
		 Condition=True
		 Animation=""
		 HTMLAnimation=""
		 LLXType=LLCHART
		 [LLXObject]
		  {
		  [Engine]
		   {
		   PieGradientFactor=50
		   PieGradientFactor.EnhancedFrame=True
		   PieCoverage=360
		   PieRotateClockwise=True
		   UseLightEffect=True
		   Perspective=0
		   RotZ=30
		   RotX=30
		   ColorMode=1
		   ShowSeparatorLines=False
		   [AdditionalProperties]
			{
			Type=0
			DataMode=0
			VisMode=1
			Flags=7340032
			bNewAxisMode=TRUE
			}
		   [xAxis]
			{
			FormulaValue=Name
			FormulaFilter=True
			SamplesForDesigner=10
			AutoSort=4
			MinPercentageForArcs=5
			MaxEntriesForArcs=0
			FormulaCoordOthers="Andere"
			[FormulaCoordOthers.Font]
			 {
			 Default=True
			 FaceName=Null()
			 GdiCharSet=Null()
			 Size=Null()
			 Width=#Null()
			 Bold=Null()
			 Italic=Null()
			 Underline=Null()
			 Strikeout=Null()
			 Color=Null()
			 PitchAndFamily=Null()
			 OutPrecision=Null()
			 }
			FormulaCoordOthers.FixedSize=False
			FormulaCoordOthers.OutputFormatter=
			FormulaCoordPie=ATRIM$(LL.ChartObject.AxisCoordinate)
			[FormulaCoordPie.Font]
			 {
			 Default=False
			 FaceName="Arial"
			 GdiCharSet=0
			 Size=10
			 Width=0
			 Bold=False
			 Italic=False
			 Underline=False
			 Strikeout=False
			 Color=LL.Color.Black
			 PitchAndFamily=0
			 OutPrecision=4
			 }
			FormulaCoordPie.FixedSize=True
			FormulaCoordPie.OutputFormatter=
			FormulaLabel="Achsenbeschriftung"
			[FormulaLabel.Font]
			 {
			 Default=True
			 FaceName=Null()
			 GdiCharSet=Null()
			 Size=Null()
			 Width=#Null()
			 Bold=Null()
			 Italic=Null()
			 Underline=Null()
			 Strikeout=Null()
			 Color=Null()
			 PitchAndFamily=Null()
			 OutPrecision=Null()
			 }
			FormulaLabel.RotationAngle=0
			FormulaLabel.OutputFormatter=
			CoordTextPlacement=1
			CoordTextPlacement.Equidistant=False
			[CoordTextPlacement.bFrame]
			 {
			 Layout=0
			 [Left]
			  {
			  Spacing=1000
			  Line=False
			  }
			 [Top]
			  {
			  Spacing=1000
			  Line=False
			  }
			 [Right]
			  {
			  Spacing=1000
			  Line=False
			  }
			 [Bottom]
			  {
			  Spacing=1000
			  Line=False
			  }
			 }
			RelativePartOfAtAxisText=30
			RelativePartOfLegendText=0
			LegendAutowrap=-1
			[AreaList]
			 {
			 [ItemList]
			  {
			  }
			 }
			}
		   [zAxis0]
			{
			FormulaValue=turnover
			FormulaCoordOnObjects=1
			[FormulaCoordOnObjects]
			 {
			 [Font]
			  {
			  Default=False
			  FaceName="Arial"
			  GdiCharSet=0
			  Size=9
			  Width=0
			  Bold=False
			  Italic=False
			  Underline=False
			  Strikeout=False
			  Color=LL.Color.Black
			  PitchAndFamily=0
			  OutPrecision=4
			  }
			 OutputFormatter=
			 Formula=LL.ChartObject.ArcPerc
			 [Filling]
			  {
			  bShow=0
			  }
			 RotationAngle=0
			 OOTextDrawMethod=0
			 }
			BarWidthPercentage=60
			ExplosionOffsetPercentage=0
			Link.URL=
			[AreaList]
			 {
			 [ItemList]
			  {
			  }
			 }
			}
		   [RScriptData]
			{
			RSCode=
			}
		   }
		  TitleFormula='Anteiliger Umsatz nach Kunden'
		  [TitleFormula.Font]
		   {
		   Default=False
		   FaceName="Arial"
		   GdiCharSet=0
		   Size=12.0
		   Width=0
		   Bold=True
		   Italic=False
		   Underline=False
		   Strikeout=False
		   Color=LL.Color.Black
		   PitchAndFamily=0
		   OutPrecision=4
		   }
		  TitleFormula.OutputFormatter=
		  TitlePosition=0
		  Background=True
		  [Background]
		   {
		   [Filling]
			{
			bShow=LL.Scheme.BackgroundFillMode
			Raster=1
			Color=LL.Scheme.BackgroundColor0
			}
		   [Frame]
			{
			bShow=1
			Color=LL.Color.Black
			Width=10
			}
		   [Shadow]
			{
			bShow=0
			}
		   Rounding=0
		   }
		  Colors\Color0=LL.Scheme.Color0
		  Colors\Color1=LL.Scheme.Color1
		  Colors\Color2=LL.Scheme.Color2
		  Colors\Color3=LL.Scheme.Color3
		  Colors\Color4=LL.Scheme.Color4
		  Colors\Color5=LL.Scheme.Color5
		  Colors\Color6=LL.Scheme.Color6
		  Colors\Color7=LL.Scheme.Color7
		  Colors\Color8=LL.Scheme.Color8
		  Colors\Color9=LL.Scheme.Color9
		  EnhancedColorContrast=False
		  Version=2
		  UUID={D90C268D-7DF7-4313-A19B-876C7C3D2E7A}
		  }
		 }
		}
	   [Options]
		{
		Description=
		[LFont]
		 {
		 Default=True
		 FaceName=Null()
		 GdiCharSet=Null()
		 Size=Null()
		 Width=#Null()
		 Bold=Null()
		 Italic=Null()
		 Underline=Null()
		 Strikeout=Null()
		 Color=Null()
		 PitchAndFamily=Null()
		 OutPrecision=Null()
		 }
		DisplayInDesigner=True
		PDFLevel=0
		PDFText=
		IndexPDFLevel=0
		IndexPDFText=
		[ReservedSpace]
		 {
		 Left=0
		 Top=2000
		 Right=0
		 Bottom=0
		 }
		LCondition=True
		IndexedGroups=0
		Anchor=0
		Anchor.ToTop=True
		}
	   }
	  }
	 [Options]
	  {
	  }
	 }
	[GroupHeader]
	 {
	 [Lines]
	  {
	  [Line]
	   {
	   [Columns]
		{
		}
	   [Options]
		{
		Description=
		[LFont]
		 {
		 Default=True
		 FaceName=Null()
		 GdiCharSet=Null()
		 Size=Null()
		 Width=#Null()
		 Bold=Null()
		 Italic=Null()
		 Underline=Null()
		 Strikeout=Null()
		 Color=Null()
		 PitchAndFamily=Null()
		 OutPrecision=Null()
		 }
		DisplayInDesigner=True
		PDFLevel=1
		PDFText=
		IndexPDFLevel=0
		IndexPDFText=
		[ReservedSpace]
		 {
		 Left=0
		 Top=1000
		 Right=0
		 Bottom=0
		 }
		Anchor=0
		Anchor.ToTop=True
		GroupCondition=
		ResetSums=
		OnNewPage=False
		PrintRightAfterHeader=False
		LCondition=True
		}
	   }
	  }
	 [Options]
	  {
	  }
	 }
	[GroupFooter]
	 {
	 [Lines]
	  {
	  [Line]
	   {
	   [Columns]
		{
		}
	   [Options]
		{
		Description=
		[LFont]
		 {
		 Default=True
		 FaceName=Null()
		 GdiCharSet=Null()
		 Size=Null()
		 Width=#Null()
		 Bold=Null()
		 Italic=Null()
		 Underline=Null()
		 Strikeout=Null()
		 Color=Null()
		 PitchAndFamily=Null()
		 OutPrecision=Null()
		 }
		DisplayInDesigner=True
		PDFLevel=0
		PDFText=
		IndexPDFLevel=0
		IndexPDFText=
		[ReservedSpace]
		 {
		 Left=0
		 Top=0
		 Right=0
		 Bottom=1000
		 }
		Anchor=0
		Anchor.ToTop=True
		GroupCondition=
		ResetSums=
		TriggerNewPage=False
		LCondition=True
		}
	   }
	  }
	 [Options]
	  {
	  }
	 }
	}
   }
  }
[UserVariables]
[Parameters]
 [@Parameters]
  {
  [Parameters]
   {
   LL.MultiPassCondition=PrintPassIndex()=PrintPassCount()
   LL.MultiPassCount=1
   LL.ProjectDescription=List & Label Projektdatei
   }
  }
[UsedIdentifiers]
 Variables=
 Fields=Name;turnover
 ChartFields=
[PageLayouts]
 [@PageLayouts]
  {
  [PageLayouts]
   {
   [PageLayout]
	{
	DisplayName=
	Condition=True
	SourceTray=0
	ForcePaperFormat=True
	UsePhysicalPaper=True
	PaperFormat=0
	PaperFormat.cx=210000
	PaperFormat.cy=297000
	PaperFormat.Orientation=1
	Copies=1
	Duplex=0
	Collate=0
	FitPage=False
	ShowInPrintDialog=True
	}
   }
  }
[ExtendedInfo]
 [@ExtendedInfos]
  {
  [UserDefinedDesignScheme]
   {
   [Foreground]
	{
	Color=(255,230,179)
	Color=(173,215,227)
	Color=(167,195,209)
	Color=(238,190,93)
	Color=(102,204,199)
	Color=(165,170,199)
	Color=(242,167,17)
	Color=(166,178,102)
	Color=(155,122,153)
	Color=(135,95,119)
	}
   [Background]
	{
	Color=(240,249,255)
	Color=(255,230,179)
	Color=(173,215,227)
	Color=(167,195,209)
	FillMode=1
	}
   }
  [UIDescriptions]
   {
   }
  [Subreports]
   {
   }
  }
